Log file open, 04/12/17 13:37:00
LogPlatformFile: Not using cached read wrapper
LogInit:Display: No sandbox specified, assuming ../../Saved/Cooked/WindowsNoEditor
LogInit:Display: RandInit(835486320) SRandInit(835486320).
LogTaskGraph: Started task graph with 5 named threads and 8 total threads with 1 sets of task threads.
LogStats: Stats thread started at 0.667495
LogInit: Using libcurl 7.47.1
LogInit:  - built for x86_64-pc-win32
LogInit:  - supports SSL with OpenSSL/1.0.2g
LogInit:  - supports HTTP deflate (compression) using libz 1.2.8
LogInit:  - other features:
LogInit:      CURL_VERSION_SSL
LogInit:      CURL_VERSION_LIBZ
LogInit:      CURL_VERSION_IPV6
LogInit:      CURL_VERSION_ASYNCHDNS
LogInit:      CURL_VERSION_LARGEFILE
LogInit:      CURL_VERSION_IDN
LogInit:  CurlRequestOptions (configurable via config and command line):
LogInit:  - bVerifyPeer = false  - Libcurl will NOT verify peer certificate
LogInit:  - bUseHttpProxy = false  - Libcurl will NOT use HTTP proxy
LogInit:  - bDontReuseConnections = false  - Libcurl will reuse connections
LogInit:  - CertBundlePath = nullptr  - Libcurl will use whatever was configured at build time.
LogInit: Build: ++UE4+Release-4.15-CL-3348071
LogInit: Engine Version: 4.15.1-3348071+++UE4+Release-4.15
LogInit: Compatible Engine Version: 4.15.0-3299760+++UE4+Release-4.15
LogInit: Net CL: 3299760
LogDevObjectVersion: Number of dev versions registered: 14
LogDevObjectVersion:   Dev-Blueprints (B0D832E4-1F89-4F0D-ACCF-7EB736FD4AA2): 8
LogDevObjectVersion:   Dev-Build (E1C64328-A22C-4D53-A36C-8E866417BD8C): 0
LogDevObjectVersion:   Dev-Core (375EC13C-06E4-48FB-B500-84F0262A717E): 2
LogDevObjectVersion:   Dev-Editor (E4B068ED-F494-42E9-A231-DA0B2E46BB41): 14
LogDevObjectVersion:   Dev-Framework (CFFC743F-43B0-4480-9391-14DF171D2073): 22
LogDevObjectVersion:   Dev-Mobile (B02B49B5-BB20-44E9-A304-32B752E40360): 0
LogDevObjectVersion:   Dev-Networking (A4E4105C-59A1-49B5-A7C5-40C4547EDFEE): 0
LogDevObjectVersion:   Dev-Online (39C831C9-5AE6-47DC-9A44-9C173E1C8E7C): 0
LogDevObjectVersion:   Dev-Physics (78F01B33-EBEA-4F98-B9B4-84EACCB95AA2): 0
LogDevObjectVersion:   Dev-Platform (6631380F-2D4D-43E0-8009-CF276956A95A): 0
LogDevObjectVersion:   Dev-Rendering (12F88B9F-8875-4AFC-A67C-D90C383ABD29): 12
LogDevObjectVersion:   Dev-Sequencer (7B5AE74C-D270-4C10-A958-57980B212A5A): 3
LogDevObjectVersion:   Dev-VR (D7296918-1DD6-4BDD-9DE2-64A83CC13884): 0
LogDevObjectVersion:   Dev-LoadTimes (C2A15278-BFE7-4AFE-6C17-90FF531DF755): 1
LogInit: Compiled (64-bit): Mar 15 2017 16:58:26
LogInit: Compiled with Visual C++: 19.00.23026.00
LogInit: Build Configuration: Development
LogInit: Branch Name: ++UE4+Release-4.15
LogInit: Command line: 
LogInit: Base directory: C:/Users/trees/Desktop/RealisticProjectilePhysic/Binaries/Win64/
LogInit: Installed Engine Build: 1
LogInit: Presizing for max 2097152 objects, including 0 objects not considered by GC, pre-allocating 0 bytes for permanent pool.
LogStreaming:Display: Async Loading initialized: New Async IO: true, Event Driven Loader: true, Async Loading Thread: false
LogInit: Object subsystem initialized
[2017.04.12-12.37.00:457][  0]LogInit: Selected Device Profile: [WindowsNoEditor]
[2017.04.12-12.37.00:457][  0]LogInit: Applying CVar settings loaded from the selected device profile: [WindowsNoEditor]
[2017.04.12-12.37.00:466][  0]LogInit: Computer: DESKTOP-L5G8TLJ
[2017.04.12-12.37.00:466][  0]LogInit: User: trees
[2017.04.12-12.37.00:466][  0]LogInit: CPU Page size=65536, Cores=4
[2017.04.12-12.37.00:466][  0]LogInit: High frequency timer resolution =3.421881 MHz
[2017.04.12-12.37.00:466][  0]LogMemory: Memory total: Physical=16.0GB (16GB approx)
[2017.04.12-12.37.00:466][  0]LogMemory: Platform Memory Stats for WindowsNoEditor
[2017.04.12-12.37.00:466][  0]LogMemory: Process Physical Memory: 89.78 MB used, 89.78 MB peak
[2017.04.12-12.37.00:466][  0]LogMemory: Process Virtual Memory: 103.44 MB used, 103.44 MB peak
[2017.04.12-12.37.00:466][  0]LogMemory: Physical Memory: 8175.23 MB used,  8158.53 MB free, 16333.77 MB total
[2017.04.12-12.37.00:467][  0]LogMemory: Virtual Memory: 323.36 MB used,  8158.53 MB free, 134217728.00 MB total
[2017.04.12-12.37.00:616][  0]LogTextLocalizationManager: No translations for ('en-GB') exist, falling back to 'en' for localization and internationalization data.
[2017.04.12-12.37.00:667][  0]LogD3D11RHI: D3D11 adapters:
[2017.04.12-12.37.01:215][  0]LogD3D11RHI:    0. 'NVIDIA GeForce GTX 970' (Feature Level 11_0)
[2017.04.12-12.37.01:215][  0]LogD3D11RHI:       4059/0/8166 MB DedicatedVideo/DedicatedSystem/SharedSystem, Outputs:2, VendorId:0x10de
[2017.04.12-12.37.01:217][  0]LogD3D11RHI:    1. 'Microsoft Basic Render Driver' (Feature Level 11_0)
[2017.04.12-12.37.01:217][  0]LogD3D11RHI:       0/0/8166 MB DedicatedVideo/DedicatedSystem/SharedSystem, Outputs:0, VendorId:0x1414
[2017.04.12-12.37.01:217][  0]LogD3D11RHI: Chosen D3D11 Adapter: 0
[2017.04.12-12.37.01:221][  0]LogD3D11RHI: Creating new Direct3DDevice
[2017.04.12-12.37.01:221][  0]LogD3D11RHI:     GPU DeviceId: 0x13c2 (for the marketing name, search the web for "GPU Device Id")
[2017.04.12-12.37.01:221][  0]LogWindows: EnumDisplayDevices:
[2017.04.12-12.37.01:222][  0]LogWindows:    0. 'NVIDIA GeForce GTX 970' (P:1 D:1)
[2017.04.12-12.37.01:222][  0]LogWindows:    1. 'NVIDIA GeForce GTX 970' (P:0 D:1)
[2017.04.12-12.37.01:222][  0]LogWindows:    2. 'NVIDIA GeForce GTX 970' (P:0 D:0)
[2017.04.12-12.37.01:222][  0]LogWindows:    3. 'NVIDIA GeForce GTX 970' (P:0 D:0)
[2017.04.12-12.37.01:222][  0]LogWindows: DebugString: FoundDriverCount:4 
[2017.04.12-12.37.01:222][  0]LogD3D11RHI:     Adapter Name: NVIDIA GeForce GTX 970
[2017.04.12-12.37.01:222][  0]LogD3D11RHI:   Driver Version: 381.65 (internal:22.21.13.8165, unified:381.65)
[2017.04.12-12.37.01:222][  0]LogD3D11RHI:      Driver Date: 3-31-2017
[2017.04.12-12.37.01:222][  0]LogRHI: Texture pool is 1361 MB (70% of 1945 MB)
[2017.04.12-12.37.01:767][  0]LogD3D11RHI: Async texture creation enabled
[2017.04.12-12.37.01:795][  0]LogD3D11RHI: GPU Timing Frequency: 1000.000000 (Debug: 2 1)
[2017.04.12-12.37.01:901][  0]LogSlate: Using Freetype 2.6.0
[2017.04.12-12.37.01:923][  0]LogSlate: SlateFontCache - WITH_FREETYPE: 1, WITH_HARFBUZZ: 1
[2017.04.12-12.37.01:923][  0]LogSlate: SlateFontCache - WITH_FREETYPE: 1, WITH_HARFBUZZ: 1
[2017.04.12-12.37.02:042][  0]LogAssetRegistry: FAssetRegistry took 0.0046 seconds to start up
[2017.04.12-12.37.02:043][  0]LogPackageLocalizationCache: Processed 3 localized package path(s) for 1 prioritized culture(s) in 0.001312 seconds
[2017.04.12-12.37.02:052][  0]LogContentStreaming: Texture pool size is 1000.00 MB
[2017.04.12-12.37.02:052][  0]LogInit: Selected Device Profile: [WindowsNoEditor]
[2017.04.12-12.37.02:081][  0]LogBlueprintUserMessages:Warning: DEBUG: LocalNotification DefaultPlatformService NOT FOUND
[2017.04.12-12.37.02:098][  0]LogNetVersion: GetLocalNetworkVersion: CL: 3299760, ProjectName: realisticprojectilephysic, ProjectVersion: , EngineNetworkVersion: 2, GameNetworkVersion: 0, NetworkChecksum: 3713073951
[2017.04.12-12.37.02:141][  0]LogInit: WinSock: version 1.1 (2.2), MaxSocks=32767, MaxUdp=65467
[2017.04.12-12.37.02:154][  0]LogMoviePlayer: Initializing movie player
[2017.04.12-12.37.02:264][  0]LogWindowsTextInputMethodSystem:Display: IME system now deactivated.
[2017.04.12-12.37.02:317][  0]LogUObjectArray: 28412 objects as part of root set at end of initial load.
[2017.04.12-12.37.02:317][  0]LogUObjectAllocator: 5685216 out of 0 bytes used by permanent object pool.
[2017.04.12-12.37.02:317][  0]LogUObjectArray: CloseDisregardForGC: 0/0 objects in disregard for GC pool
[2017.04.12-12.37.02:327][  0]LogEngine: Initializing Engine...
[2017.04.12-12.37.02:328][  0]LogHMD: Failed to initialize OpenVR with code 101
[2017.04.12-12.37.02:398][  0]LogInit: XAudio2 using 'Headset Earphone (2- Razer Kraken 7.1 Chroma)' : 2 channels at 44.1 kHz using 16 bits per sample (channel mask 0x3)
[2017.04.12-12.37.02:430][  0]LogInit: FAudioDevice initialized.
[2017.04.12-12.37.02:441][  0]LogInit: Texture streaming: Enabled
[2017.04.12-12.37.02:449][  0]LogInit:Display: Game Engine Initialized.
[2017.04.12-12.37.02:450][  0]LogInit:Display: Starting Game.
[2017.04.12-12.37.02:450][  0]LogNet: Browse: /Game/Maps/Entry?Name=Player
[2017.04.12-12.37.02:450][  0]LogLoad: LoadMap: /Game/Maps/Entry?Name=Player
[2017.04.12-12.37.02:461][  0]LogMemory: Platform Memory Stats for WindowsNoEditor
[2017.04.12-12.37.02:461][  0]LogMemory: Process Physical Memory: 194.31 MB used, 207.35 MB peak
[2017.04.12-12.37.02:461][  0]LogMemory: Process Virtual Memory: 268.18 MB used, 281.75 MB peak
[2017.04.12-12.37.02:461][  0]LogMemory: Physical Memory: 8302.66 MB used,  8031.11 MB free, 16333.77 MB total
[2017.04.12-12.37.02:461][  0]LogMemory: Virtual Memory: 637.42 MB used,  8031.11 MB free, 134217728.00 MB total
[2017.04.12-12.37.02:461][  0]LogMemory: 
[2017.04.12-12.37.02:461][  0]Allocator Stats for binned2: (not implemented)
[2017.04.12-12.37.02:464][  0]LogAIModule: Creating AISystem for world Entry
[2017.04.12-12.37.02:528][  0]LogLoad: Game class is 'BP_FirstPersonGameMode_C'
[2017.04.12-12.37.02:529][  0]LogWorld: Bringing World /Game/Maps/Entry.Entry up for play (max tick rate 0) at 2017.04.12-13.37.02
[2017.04.12-12.37.02:529][  0]LogWorld: Bringing up level for play took: 0.000364
[2017.04.12-12.37.02:530][  0]LogGameMode: FindPlayerStart: PATHS NOT DEFINED or NO PLAYERSTART with positive rating
[2017.04.12-12.37.02:530][  0]LogGameMode:Display: Match State Changed from EnteringMap to WaitingToStart
[2017.04.12-12.37.02:531][  0]LogGameState: Match State Changed from EnteringMap to WaitingToStart
[2017.04.12-12.37.02:531][  0]LogGameMode:Display: Match State Changed from WaitingToStart to InProgress
[2017.04.12-12.37.02:531][  0]LogGameState: Match State Changed from WaitingToStart to InProgress
[2017.04.12-12.37.02:531][  0]LogLoad: Took 0.081056 seconds to LoadMap(/Game/Maps/Entry)
[2017.04.12-12.37.02:577][  0]LogSlate: Took 0.000174 seconds to synchronously load lazily loaded font 'A:/Program Files/Unreal/UE_4.15/Engine/Content/EngineFonts/Faces/RobotoRegular.ufont' (155K)
[2017.04.12-12.37.02:589][  0]LogLoad: (Engine Initialization) Total time: 3.11 seconds
[2017.04.12-12.37.02:589][  0]LogExternalProfiler: Found external profiler: VSPerf
[2017.04.12-12.37.02:589][  0]LogExternalProfiler: Using external profiler: VSPerf
[2017.04.12-12.37.02:606][  0]LogOcInput: OculusInput pre-init called
[2017.04.12-12.37.02:607][  0]LogGameMode:Display: Match State Changed from InProgress to LeavingMap
[2017.04.12-12.37.02:607][  0]LogGameState: Match State Changed from InProgress to LeavingMap
[2017.04.12-12.37.02:607][  0]LogNet: Browse: 66.130.152.85//Game/Maps/Entry
[2017.04.12-12.37.02:607][  0]LogInit: WinSock: Socket queue 32768 / 32768
[2017.04.12-12.37.02:610][  0]LogInit: WinSock: I am DESKTOP-L5G8TLJ (192.168.137.1:0)
[2017.04.12-12.37.02:610][  0]PacketHandlerLog: Loaded PacketHandler component: Engine.EngineHandlerComponentFactory (StatelessConnectHandlerComponent)
[2017.04.12-12.37.02:610][  0]LogNet: Game client on port 7777, rate 10000
[2017.04.12-12.37.02:610][  0]LogNetVersion: GetLocalNetworkVersion: CL: 3299760, ProjectName: realisticprojectilephysic, ProjectVersion: 1.1, EngineNetworkVersion: 2, GameNetworkVersion: 0, NetworkChecksum: 2158157791
[2017.04.12-12.37.02:610][  0]LogNet: UPendingNetGame::InitNetDriver: Sending hello. [UNetConnection] RemoteAddr: 66.130.152.85:7777, Name: IpConnection_0, Driver: PendingNetDriver IpNetDriver_0, IsServer: NO, PC: NULL, Owner: NULL
[2017.04.12-12.37.02:631][  2]LogRenderer: Reallocating scene render targets to support 1600x900 NumSamples 1 (Frame:2).
[2017.04.12-12.37.20:605][107]LogSlate: Request Window 'ProjectilePhysics (64-bit, PCD3D_SM5)' being destroyed
[2017.04.12-12.37.20:628][107]LogSlate: Window 'ProjectilePhysics (64-bit, PCD3D_SM5)' being destroyed
[2017.04.12-12.37.20:637][107]LogSlate: HittestGrid destroyed
[2017.04.12-12.37.20:637][107]LogEngine: All Windows Closed
[2017.04.12-12.37.20:637][107]LogWindows: FPlatformMisc::RequestExit(0)
[2017.04.12-12.37.20:638][108]LogMoviePlayer: Shutting down movie player
[2017.04.12-12.37.21:349][108]LogNet: UNetConnection::Close: [UNetConnection] RemoteAddr: 66.130.152.85:7777, Name: IpConnection_0, Driver: PendingNetDriver IpNetDriver_0, IsServer: NO, PC: NULL, Owner: NULL, Channels: 2, Time: 2017.04.12-12.37.21
[2017.04.12-12.37.21:349][108]LogNet: UChannel::Close: Sending CloseBunch. ChIndex == 0. Name: [UChannel] ChIndex: 0, Closing: 0 [UNetConnection] RemoteAddr: 66.130.152.85:7777, Name: IpConnection_0, Driver: PendingNetDriver IpNetDriver_0, IsServer: NO, PC: NULL, Owner: NULL
[2017.04.12-12.37.21:349][108]LogNet: DestroyNamedNetDriver IpNetDriver_0 [PendingNetDriver]
[2017.04.12-12.37.21:349][108]LogExit: PendingNetDriver IpNetDriver_0 shut down
[2017.04.12-12.37.21:378][108]LogExit: Preparing to exit.
[2017.04.12-12.37.21:450][108]LogExit: Game engine shut down
[2017.04.12-12.37.21:476][108]LogObj: Freed 176b from 1 cluster array pools.
[2017.04.12-12.37.21:476][108]LogExit: Object subsystem successfully closed.
[2017.04.12-12.37.21:493][108]LogD3D11RHI: Shutdown
[2017.04.12-12.37.21:493][108]LogD3D11RHI: CleanupD3DDevice
[2017.04.12-12.37.21:650][108]LogD3D11RHI: ~FD3D11DynamicRHI
[2017.04.12-12.37.21:650][108]LogModuleManager: Shutting down and abandoning module AutomationController (146)
[2017.04.12-12.37.21:650][108]LogModuleManager: Shutting down and abandoning module AutomationWorker (144)
[2017.04.12-12.37.21:650][108]LogModuleManager: Shutting down and abandoning module AIModule (142)
[2017.04.12-12.37.21:650][108]LogModuleManager: Shutting down and abandoning module GameplayDebugger (141)
[2017.04.12-12.37.21:650][108]LogModuleManager: Shutting down and abandoning module WmfMediaFactory (138)
[2017.04.12-12.37.21:650][108]LogModuleManager: Shutting down and abandoning module MfMediaFactory (136)
[2017.04.12-12.37.21:650][108]LogModuleManager: Shutting down and abandoning module AvfMediaFactory (134)
[2017.04.12-12.37.21:650][108]LogModuleManager: Shutting down and abandoning module AndroidMediaFactory (132)
[2017.04.12-12.37.21:650][108]LogModuleManager: Shutting down and abandoning module Media (131)
[2017.04.12-12.37.21:650][108]LogModuleManager: Shutting down and abandoning module CharacterAI (128)
[2017.04.12-12.37.21:650][108]LogModuleManager: Shutting down and abandoning module SessionServices (126)
[2017.04.12-12.37.21:650][108]LogModuleManager: Shutting down and abandoning module GeometryCache (124)
[2017.04.12-12.37.21:650][108]LogModuleManager: Shutting down and abandoning module Niagara (122)
[2017.04.12-12.37.21:650][108]LogModuleManager: Shutting down and abandoning module StreamingPauseRendering (120)
[2017.04.12-12.37.21:650][108]LogModuleManager: Shutting down and abandoning module AnalyticsET (118)
[2017.04.12-12.37.21:650][108]LogModuleManager: Shutting down and abandoning module ProfilerService (116)
[2017.04.12-12.37.21:847][108]LogModuleManager: Shutting down and abandoning module TaskGraph (114)
[2017.04.12-12.37.21:847][108]LogModuleManager: Shutting down and abandoning module SteamVRController (112)
[2017.04.12-12.37.21:847][108]LogModuleManager: Shutting down and abandoning module SteamVR (110)
[2017.04.12-12.37.21:847][108]LogModuleManager: Shutting down and abandoning module ProceduralMeshComponent (108)
[2017.04.12-12.37.21:847][108]LogModuleManager: Shutting down and abandoning module OculusLibrary (106)
[2017.04.12-12.37.21:847][108]LogModuleManager: Shutting down and abandoning module OculusInput (104)
[2017.04.12-12.37.21:847][108]LogModuleManager: Shutting down and abandoning module MobilePatchingUtils (102)
[2017.04.12-12.37.21:847][108]LogModuleManager: Shutting down and abandoning module CustomMeshComponent (100)
[2017.04.12-12.37.21:847][108]LogModuleManager: Shutting down and abandoning module CableComponent (98)
[2017.04.12-12.37.21:847][108]LogModuleManager: Shutting down and abandoning module ArchVisCharacter (96)
[2017.04.12-12.37.21:847][108]LogModuleManager: Shutting down and abandoning module HTML5Networking (92)
[2017.04.12-12.37.21:847][108]LogModuleManager: Shutting down and abandoning module RealisticProjectilePhysic (90)
[2017.04.12-12.37.21:847][108]LogModuleManager: Shutting down and abandoning module PhysXVehicles (88)
[2017.04.12-12.37.21:847][108]LogModuleManager: Shutting down and abandoning module LocationServicesBPLibrary (86)
[2017.04.12-12.37.21:847][108]LogModuleManager: Shutting down and abandoning module UdpMessaging (84)
[2017.04.12-12.37.21:847][108]LogModuleManager: Shutting down and abandoning module TcpMessaging (82)
[2017.04.12-12.37.21:847][108]LogModuleManager: Shutting down and abandoning module FacialAnimation (80)
[2017.04.12-12.37.21:847][108]LogModuleManager: Shutting down and abandoning module LightPropagationVolumeRuntime (78)
[2017.04.12-12.37.21:847][108]LogModuleManager: Shutting down and abandoning module Paper2D (76)
[2017.04.12-12.37.21:847][108]LogModuleManager: Shutting down and abandoning module WindowsMoviePlayer (74)
[2017.04.12-12.37.21:847][108]LogModuleManager: Shutting down and abandoning module WmfMedia (72)
[2017.04.12-12.37.21:847][108]LogModuleManager: Shutting down and abandoning module MfMedia (70)
[2017.04.12-12.37.21:847][108]LogModuleManager: Shutting down and abandoning module MediaAssets (68)
[2017.04.12-12.37.21:847][108]LogModuleManager: Shutting down and abandoning module GameLiveStreaming (66)
[2017.04.12-12.37.21:847][108]LogModuleManager: Shutting down and abandoning module UMG (64)
[2017.04.12-12.37.21:847][108]LogModuleManager: Shutting down and abandoning module SlateReflector (62)
[2017.04.12-12.37.21:847][108]LogModuleManager: Shutting down and abandoning module Slate (60)
[2017.04.12-12.37.21:847][108]LogModuleManager: Shutting down and abandoning module Messaging (58)
[2017.04.12-12.37.21:847][108]LogModuleManager: Shutting down and abandoning module HeadMountedDisplay (56)
[2017.04.12-12.37.21:847][108]LogModuleManager: Shutting down and abandoning module XAudio2 (54)
[2017.04.12-12.37.21:847][108]LogModuleManager: Shutting down and abandoning module Networking (52)
[2017.04.12-12.37.21:847][108]LogModuleManager: Shutting down and abandoning module Core (48)
[2017.04.12-12.37.21:847][108]LogModuleManager: Shutting down and abandoning module AssetRegistry (46)
[2017.04.12-12.37.21:848][108]LogModuleManager: Shutting down and abandoning module ImageWrapper (44)
[2017.04.12-12.37.21:848][108]LogModuleManager: Shutting down and abandoning module InputCore (42)
[2017.04.12-12.37.21:848][108]LogModuleManager: Shutting down and abandoning module OculusRift (40)
[2017.04.12-12.37.21:848][108]LogModuleManager: Shutting down and abandoning module GearVR (38)
[2017.04.12-12.37.21:848][108]LogModuleManager: Shutting down and abandoning module ExampleDeviceProfileSelector (36)
[2017.04.12-12.37.21:848][108]LogModuleManager: Shutting down and abandoning module OnlineSubsystem (32)
[2017.04.12-12.37.21:848][108]LogOnline:Display: Unloading online subsystem: NULL
[2017.04.12-12.37.21:848][108]LogModuleManager: Shutting down and abandoning module HTTP (31)
[2017.04.12-12.37.21:848][108]LogHttp:Display: Http module shutting down, but needs to wait on 1 outstanding Http requests:
[2017.04.12-12.37.21:848][108]LogHttp:Display: 	verb=[POST] url=[https://datarouter.ol.epicgames.com/datarouter/api/v1/public/data?SessionID=%7B373004EB-4F91-FEBC-9D59-1FB240A99C1C%7D&AppID=UEGame.Rocket.Release%7CBC5F510545F5B44D8287339586BED93D%7CRealistic%20Projectile%20Physics%20Demonstration&AppVersion=4.15.1-3348071%2B%2B%2BUE4%2BRelease-4.15&UserID=ANON-%7B990A9BC1-453C-DDC5-5CED-CB9D7322D027%7D%7C%7C&AppEnvironment=datacollector-binary&UploadType=eteventstream] status=Processing
[2017.04.12-12.37.21:848][108]LogHttp:Display: Sleeping 0.5s to wait for 1 outstanding Http requests.
[2017.04.12-12.37.22:351][108]LogModuleManager: Shutting down and abandoning module SSL (30)
[2017.04.12-12.37.22:352][108]LogModuleManager: Shutting down and abandoning module ShaderCore (26)
[2017.04.12-12.37.22:352][108]LogModuleManager: Shutting down and abandoning module Landscape (24)
[2017.04.12-12.37.22:352][108]LogModuleManager: Shutting down and abandoning module SlateRHIRenderer (22)
[2017.04.12-12.37.22:352][108]LogModuleManager: Shutting down and abandoning module OpenGLDrv (20)
[2017.04.12-12.37.22:352][108]LogModuleManager: Shutting down and abandoning module D3D11RHI (18)
[2017.04.12-12.37.22:352][108]LogModuleManager: Shutting down and abandoning module AnimGraphRuntime (16)
[2017.04.12-12.37.22:352][108]LogModuleManager: Shutting down and abandoning module Renderer (14)
[2017.04.12-12.37.22:352][108]LogModuleManager: Shutting down and abandoning module Engine (12)
[2017.04.12-12.37.22:352][108]LogModuleManager: Shutting down and abandoning module CoreUObject (10)
[2017.04.12-12.37.22:352][108]LogModuleManager: Shutting down and abandoning module NetworkFile (8)
[2017.04.12-12.37.22:352][108]LogModuleManager: Shutting down and abandoning module StreamingFile (6)
[2017.04.12-12.37.22:352][108]LogModuleManager: Shutting down and abandoning module SandboxFile (4)
[2017.04.12-12.37.22:352][108]LogModuleManager: Shutting down and abandoning module PakFile (2)
[2017.04.12-12.37.22:353][108]LogExit: Exiting.
[2017.04.12-12.37.22:353][108]Log file closed, 04/12/17 13:37:22
