"../../../Engine/Content/Functions/Engine_MaterialFunctions01/Opacity/CameraDepthFade.uasset" 0
"../../../Engine/Content/EngineMaterials/T_Default_Material_Grid_M.uasset" 1
"../../../Engine/Content/EngineMaterials/T_Default_Material_Grid_N.uasset" 2
"../../../Engine/Content/EngineMaterials/DefaultMaterial.uasset" 3
"../../../Engine/Content/BasicShapes/Cone.uasset" 4
"../../../Engine/Content/EngineMaterials/WorldGridMaterial.uasset" 5
"../../../Engine/Content/BasicShapes/Cube.uasset" 6
"../../../Engine/Content/BasicShapes/Cylinder.uasset" 7
"../../../Engine/Content/BasicShapes/Plane.uasset" 8
"../../../Engine/Content/BasicShapes/Sphere.uasset" 9
"../../../Engine/Content/EditorLandscapeResources/DataLayer.uasset" 10
"../../../Engine/Content/EditorMaterials/GizmoMaterial.uasset" 11
"../../../Engine/Content/EditorMaterials/MAT_Groups_Toggle.uasset" 12
"../../../Engine/Content/EditorMaterials/MAT_Groups_Visibility.uasset" 13
"../../../Engine/Content/EditorMaterials/PreviewShadowIndicator.uasset" 14
"../../../Engine/Content/EditorMaterials/PreviewShadowIndicatorMaterial.uasset" 15
"../../../Engine/Content/EditorMaterials/AssetViewer/EpicQuadPanorama_CC+EV1.uasset" 16
"../../../Engine/Content/EditorMaterials/MatineeGroups/MAT_ColorTrack.uasset" 17
"../../../Engine/Content/EditorMaterials/MatineeGroups/MAT_Groups_Anim.uasset" 18
"../../../Engine/Content/EditorMaterials/MatineeGroups/MAT_Groups_AudioMaster.uasset" 19
"../../../Engine/Content/EditorMaterials/MatineeGroups/MAT_Groups_Director.uasset" 20
"../../../Engine/Content/EditorMaterials/MatineeGroups/MAT_Groups_Event.uasset" 21
"../../../Engine/Content/EditorMaterials/MatineeGroups/MAT_Groups_Fade.uasset" 22
"../../../Engine/Content/EditorMaterials/MatineeGroups/MAT_Groups_Float.uasset" 23
"../../../Engine/Content/EditorMaterials/MatineeGroups/MAT_Groups_Move.uasset" 24
"../../../Engine/Content/EditorMaterials/MatineeGroups/MAT_Groups_Slomo.uasset" 25
"../../../Engine/Content/EditorMaterials/MatineeGroups/MAT_Groups_Sound.uasset" 26
"../../../Engine/Content/EditorMaterials/MatineeGroups/MAT_Groups_Vector.uasset" 27
"../../../Engine/Content/EditorMaterials/ParticleSystems/PSysThumbnail_NoImage.uasset" 28
"../../../Engine/Content/EditorMaterials/ParticleSystems/PSysThumbnail_OOD.uasset" 29
"../../../Engine/Content/EditorMaterials/Camera/CineMat.uasset" 30
"../../../Engine/Content/EditorMaterials/Camera/MI_CineMat_Rig.uasset" 31
"../../../Engine/Content/EditorMeshes/Camera/SM_CraneRig_Arm.uasset" 32
"../../../Engine/Content/EditorMeshes/Camera/SM_CraneRig_Base.uasset" 33
"../../../Engine/Content/EditorMeshes/Camera/SM_CraneRig_Body.uasset" 34
"../../../Engine/Content/EditorMeshes/Camera/SM_CraneRig_Mount.uasset" 35
"../../../Engine/Content/EditorMeshes/Camera/SM_RailRig_Mount.uasset" 36
"../../../Engine/Content/EditorMeshes/Camera/SM_RailRig_Track.uasset" 37
"../../../Engine/Content/EditorMeshes/ColorCalibrator/M_ChromeBall.uasset" 38
"../../../Engine/Content/EditorMeshes/ColorCalibrator/M_ClearCoat.uasset" 39
"../../../Engine/Content/EditorMeshes/ColorCalibrator/M_ClearCoatBlack.uasset" 40
"../../../Engine/Content/EditorMeshes/ColorCalibrator/T_ColorGrid.uasset" 41
"../../../Engine/Content/EditorMeshes/ColorCalibrator/M_ColorGrid.uasset" 42
"../../../Engine/Content/EditorMeshes/ColorCalibrator/M_GreyBall.uasset" 43
"../../../Engine/Content/EditorMeshes/ColorCalibrator/SM_ColorCalibrator.uasset" 44
"../../../Engine/Content/EditorResources/BSPVertex.uasset" 45
"../../../Engine/Content/EditorResources/EmptyActor.uasset" 46
"../../../Engine/Content/EditorResources/RGBTable16x1_AssetViewer.uasset" 47
"../../../Engine/Content/EditorResources/S_Actor.uasset" 48
"../../../Engine/Content/EditorResources/S_Trigger.uasset" 49
"../../../Engine/Content/EditorResources/LightIcons/S_LightError.uasset" 50
"../../../Engine/Content/EditorResources/SequenceRecorder/Countdown.uasset" 51
"../../../Engine/Content/EditorResources/SequenceRecorder/RecordingIndicator.uasset" 52
"../../../Engine/Content/EditorSounds/Notifications/CompileFailed.uasset" 53
"../../../Engine/Content/EditorSounds/Notifications/CompileFailed_Cue.uasset" 54
"../../../Engine/Content/EditorSounds/Notifications/CompileSuccess.uasset" 55
"../../../Engine/Content/EditorSounds/Notifications/CompileStart_Cue.uasset" 56
"../../../Engine/Content/EditorSounds/Notifications/CompileSuccess_Cue.uasset" 57
"../../../Engine/Content/EngineDamageTypes/DmgTypeBP_Environmental.uasset" 58
"../../../Engine/Content/EngineDebugMaterials/HeatmapGradient.uasset" 59
"../../../Engine/Content/EngineDebugMaterials/BoneWeightMaterial.uasset" 60
"../../../Engine/Content/EngineDebugMaterials/DebugMeshMaterial.uasset" 61
"../../../Engine/Content/EngineDebugMaterials/GeomMaterial.uasset" 62
"../../../Engine/Content/EngineFonts/Faces/RobotoBold.uasset" 63
"../../../Engine/Content/EngineFonts/Faces/RobotoBoldItalic.uasset" 64
"../../../Engine/Content/EngineFonts/Faces/RobotoItalic.uasset" 65
"../../../Engine/Content/EngineFonts/Faces/RobotoLight.uasset" 66
"../../../Engine/Content/EngineFonts/Faces/RobotoRegular.uasset" 67
"../../../Engine/Content/EngineFonts/Roboto.uasset" 68
"../../../Engine/Content/EngineFonts/Faces/RobotoTiny.uasset" 69
"../../../Engine/Content/EngineFonts/RobotoTiny.uasset" 70
"../../../Engine/Content/EngineMaterials/DefaultBokeh.uasset" 71
"../../../Engine/Content/EngineMaterials/DefaultDiffuse.uasset" 72
"../../../Engine/Content/EngineMaterials/DefaultDeferredDecalMaterial.uasset" 73
"../../../Engine/Content/EngineMaterials/DefaultLightFunctionMaterial.uasset" 74
"../../../Engine/Content/Functions/Engine_MaterialFunctions02/Utility/BreakOutFloat2Components.uasset" 75
"../../../Engine/Content/EngineMaterials/DefaultPostProcessMaterial.uasset" 76
"../../../Engine/Content/EngineFonts/RobotoDistanceField.uasset" 77
"../../../Engine/Content/EngineMaterials/DefaultTextMaterialOpaque.uasset" 78
"../../../Engine/Content/EngineMaterials/DefaultWhiteGrid.uasset" 79
"../../../Engine/Content/EngineMaterials/EditorBrushMaterial.uasset" 80
"../../../Engine/Content/EngineMaterials/Good64x64TilingNoiseHighFreq.uasset" 81
"../../../Engine/Content/EngineMaterials/MiniFont.uasset" 82
"../../../Engine/Content/EngineMaterials/InvalidLightmapSettings.uasset" 83
"../../../Engine/Content/EngineMaterials/M_InvalidLightmapSettings.uasset" 84
"../../../Engine/Content/EngineMaterials/PhAT_JointLimitMaterial.uasset" 85
"../../../Engine/Content/EngineMaterials/PreintegratedSkinBRDF.uasset" 86
"../../../Engine/Content/EngineMaterials/RemoveSurfaceMaterial.uasset" 87
"../../../Engine/Content/EngineMaterials/WeightMapPlaceholderTexture.uasset" 88
"../../../Engine/Content/EngineResources/WhiteSquareTexture.uasset" 89
"../../../Engine/Content/EngineMaterials/Widget3DPassThrough.uasset" 90
"../../../Engine/Content/EngineMaterials/Widget3DPassThrough_Masked.uasset" 91
"../../../Engine/Content/EngineMaterials/Widget3DPassThrough_Opaque.uasset" 92
"../../../Engine/Content/EngineMaterials/Widget3DPassThrough_Masked_OneSided.uasset" 93
"../../../Engine/Content/EngineMaterials/Widget3DPassThrough_Opaque_OneSided.uasset" 94
"../../../Engine/Content/EngineMaterials/Widget3DPassThrough_Translucent.uasset" 95
"../../../Engine/Content/EngineMaterials/Widget3DPassThrough_Translucent_OneSided.uasset" 96
"../../../Engine/Content/EngineMeshes/Cube.uasset" 97
"../../../Engine/Content/EngineMeshes/Cylinder.uasset" 98
"../../../Engine/Content/EngineMeshes/Sphere.uasset" 99
"../../../Engine/Content/EngineResources/Black.uasset" 100
"../../../Engine/Content/EngineResources/DefaultTexture.uasset" 101
"../../../Engine/Content/EngineResources/DefaultTextureCube.uasset" 102
"../../../Engine/Content/EngineResources/GradientTexture0.uasset" 103
"../../../Engine/Content/EngineSounds/Master.uasset" 104
"../../../Engine/Content/Functions/Engine_MaterialFunctions01/Shading/ConvertFromDiffSpec.uasset" 105
"../../../Engine/Content/Functions/Engine_MaterialFunctions01/Shading/PowerToRoughness.uasset" 106
"../../../Engine/Content/Maps/Templates/Thumbnails/Default.uasset" 107
"../../../Engine/Content/Maps/Templates/Thumbnails/VR-Basic.uasset" 108
"../../../Engine/Content/MobileResources/T_MobileControls_texture.uasset" 109
"../../../Engine/Content/MobileResources/T_MobileMenu2.uasset" 110
"../../../Engine/Content/MobileResources/HUD/AnalogHat.uasset" 111
"../../../Engine/Content/MobileResources/HUD/VirtualJoystick_Background.uasset" 112
"../../../Engine/Content/MobileResources/HUD/VirtualJoystick_Thumb.uasset" 113
"../../../Engine/Content/MobileResources/HUD/DefaultVirtualJoysticks.uasset" 114
"../../../Engine/Content/MobileResources/HUD/LeftVirtualJoystickOnly.uasset" 115
"../../../Engine/Content/MobileResources/HUD/MobileHUDButton1_off.uasset" 116
"../../../Engine/Content/MobileResources/HUD/MobileHUDButton1_on.uasset" 117
"../../../Engine/Content/MobileResources/HUD/MobileHUDButton2_off.uasset" 118
"../../../Engine/Content/MobileResources/HUD/MobileHUDButton2_on.uasset" 119
"../../../Engine/Content/MobileResources/HUD/MobileHUDButton3.uasset" 120
"../../../Engine/Content/MobileResources/HUD/MobileHUDButtonFire.uasset" 121
"../../../Engine/Content/MobileResources/HUD/MobileHUDDirectionPad.uasset" 122
"../../../Engine/Content/MobileResources/HUD/MobileHUDDirectionPad2.uasset" 123
"../../../Engine/Content/MobileResources/HUD/MobileHUDDirectionPad3.uasset" 124
"../../../Engine/Content/MobileResources/HUD/MobileHUDDirectionStick.uasset" 125
"../../../Engine/Content/MobileResources/HUD/T_Castle_ThumbstickInner.uasset" 126
"../../../Engine/Content/MobileResources/HUD/T_Castle_ThumbstickOutter.uasset" 127
"../../../Engine/Content/Tutorial/ContentIntroCurve.uasset" 128
"../../../Engine/Content/Tutorial/Basics/TutorialAssets/icon_tab_Levels_40x.uasset" 129
"../../../Engine/Content/Tutorial/BlueprintTutorials/TutorialAssets/BlueprintInterface_64x.uasset" 130
"../../../Engine/Content/Tutorial/BlueprintTutorials/TutorialAssets/BlueprintMacroLibrary_64x.uasset" 131
"../../../Engine/Content/Tutorial/BlueprintTutorials/TutorialAssets/Blueprint_64x.uasset" 132
"../../../Engine/Content/Tutorial/BlueprintTutorials/TutorialAssets/Tutorial_BP_Interface.uasset" 133
"../../../Engine/Content/Tutorial/Foliage/TutorialAssets/Foliage.uasset" 134
"../../../Engine/Content/Tutorial/Landscape/TutorialAssets/Landscape.uasset" 135
"../../../Engine/Content/Tutorial/Paper2D/TutorialAssets/Paper2DFlipbook_TutorialIcon.uasset" 136
"../../../Engine/Content/Tutorial/Paper2D/TutorialAssets/Paper2DSprite_TutorialIcon.uasset" 137
"../../../Engine/Content/Tutorial/SubEditors/TutorialAssets/icon_Editor_Preferences_General_40x.uasset" 138
"../../../Engine/Content/Tutorial/SubEditors/TutorialAssets/icon_ShowSkeletalMeshes_40x.uasset" 139
"../../../Engine/Content/Tutorial/SubEditors/TutorialAssets/TutorialMaterial.uasset" 140
"../../../Engine/Content/Tutorial/SubEditors/TutorialAssets/T_SmokeSubUV_8X8.uasset" 141
"../../../Engine/Content/Tutorial/SubEditors/TutorialAssets/T_soft_smoke.uasset" 142
"../../../Engine/Content/Tutorial/SubEditors/TutorialAssets/M_smoke_subUV_blackbody.uasset" 143
"../../../Engine/Content/Tutorial/SubEditors/TutorialAssets/TutorialParticleSystem.uasset" 144
"../../../Engine/Content/EditorMeshes/EditorCube.uasset" 145
"../../../Engine/Content/Tutorial/SubEditors/TutorialAssets/Tutorial_DM.uasset" 146
"../../../Engine/Content/VREditor/Devices/Generic/GenericHMDMaterial.uasset" 147
"../../../Engine/Content/VREditor/Devices/Generic/GenericHMD.uasset" 148
"../../../Engine/Content/VREditor/FloatingText/LineMaterial.uasset" 149
"../../../Engine/Content/VREditor/FloatingText/JointSphere.uasset" 150
"../../../Engine/Content/VREditor/FloatingText/LineSegmentCylinder.uasset" 151
"../../../Engine/Content/VREditor/Fonts/VRText_RobotoLarge.uasset" 152
"../../../Engine/Content/VREditor/Fonts/VRTextMaterial.uasset" 153
"../../../Engine/Content/VREditor/Fonts/TranslucentVRTextMaterial.uasset" 154
"../../../Engine/Content/VREditor/LaserPointer/VR_LaserPower_01.uasset" 155
"../../../Engine/Content/VREditor/LaserPointer/LaserPointerMaterial.uasset" 156
"../../../Engine/Content/VREditor/LaserPointer/LaserPointerMaterialInst.uasset" 157
"../../../Engine/Content/VREditor/LaserPointer/TranslucentLaserPointerMaterialInst.uasset" 158
"../../../Engine/Content/VREditor/LaserPointer/LaserPointerMesh.uasset" 159
"../../../Engine/Content/VREditor/Sounds/VR_grab_Cue.uasset" 160
"../../../Engine/Content/VREditor/Sounds/VR_teleport_Cue.uasset" 161
"../../../Engine/Content/VREditor/TransformGizmo/TransformGizmoMaterial.uasset" 162
"../../../Engine/Content/VREditor/TransformGizmo/TranslucentTransformGizmoMaterial.uasset" 163
"../../../Engine/Content/VREditor/TransformGizmo/BoundingBoxCorner.uasset" 164
"../../../Engine/Content/VREditor/TransformGizmo/BoundingBoxEdge.uasset" 165
"../../../Engine/Content/VREditor/TransformGizmo/PlaneTranslationHandle.uasset" 166
"../../../Engine/Content/VREditor/TransformGizmo/RotationHandle.uasset" 167
"../../../Engine/Content/VREditor/TransformGizmo/RotationHandleFull.uasset" 168
"../../../Engine/Content/VREditor/TransformGizmo/StretchingHandle.uasset" 169
"../../../Engine/Content/VREditor/TransformGizmo/TranslateHandleLong.uasset" 170
"../../../Engine/Content/VREditor/TransformGizmo/TranslationHandle.uasset" 171
"../../../Engine/Content/VREditor/TransformGizmo/UniformScaleHandle.uasset" 172
"../../../Engine/Content/VREditor/UI/CloseButtonMesh.uasset" 173
"../../../Engine/Content/VREditor/UI/SelectionBarMesh.uasset" 174
"../../../Engine/Content/Functions/Engine_MaterialFunctions01/Gradient/RadialGradient.uasset" 175
"../../../Engine/Content/VREditor/WorldMovementGrid/SimpleGrid.uasset" 176
"../../../Engine/Content/VREditor/WorldMovementGrid/GridMaterial.uasset" 177
"../../../Engine/Content/Functions/Engine_MaterialFunctions01/Density/ExponentialDensity.uasset" 178
"../../../Engine/Content/VREditor/WorldMovementGrid/GridPostProcess.uasset" 179
"../../../Engine/Content/EditorLandscapeResources/FlattenHeightMat.uasset" 180
"../../../Engine/Content/VREditor/WorldMovementGrid/PlaneMesh.uasset" 181
"../../../RealisticProjectilePhysic/Content/ProjectilePhysics/Blueprints/BP_MP_PlayerController.uasset" 182
"../../../RealisticProjectilePhysic/Content/ProjectilePhysics/Blueprints/BP_Spectator_HUD.uasset" 183
"../../../RealisticProjectilePhysic/Content/ProjectilePhysics/Mannequin/Character/Mesh/SK_Mannequin_Arms_Skeleton.uasset" 184
"../../../RealisticProjectilePhysic/Content/ProjectilePhysics/Mannequin/Animations/ANIM_FirstPerson_Idle.uasset" 185
"../../../RealisticProjectilePhysic/Content/ProjectilePhysics/Mannequin/Animations/ANIM_AK47_Grip_Additive.uasset" 186
"../../../RealisticProjectilePhysic/Content/ProjectilePhysics/Mannequin/Animations/ANIM_FirstPerson_JumpEnd.uasset" 187
"../../../RealisticProjectilePhysic/Content/ProjectilePhysics/Mannequin/Animations/ANIM_FirstPerson_JumpLoop.uasset" 188
"../../../RealisticProjectilePhysic/Content/ProjectilePhysics/Mannequin/Animations/ANIM_FirstPerson_JumpStart.uasset" 189
"../../../RealisticProjectilePhysic/Content/ProjectilePhysics/Mannequin/Animations/ANIM_FirstPerson_Run.uasset" 190
"../../../Engine/Content/EditorBlueprintResources/StandardMacros.uasset" 191
"../../../RealisticProjectilePhysic/Content/ProjectilePhysics/Mannequin/Animations/AnimBP_FirstPerson.uasset" 192
"../../../RealisticProjectilePhysic/Content/ProjectilePhysics/Mannequin/Character/Mesh/SKEL_Mannequin_Skeleton.uasset" 193
"../../../RealisticProjectilePhysic/Content/ProjectilePhysics/Mannequin/Animations/ANIM_Idle_Rifle_Hip.uasset" 194
"../../../RealisticProjectilePhysic/Content/ProjectilePhysics/Mannequin/Animations/AimPoses/ANIM_Aim_Hip_Center.uasset" 195
"../../../RealisticProjectilePhysic/Content/ProjectilePhysics/Mannequin/Animations/AimPoses/ANIM_Aim_Hip_CenterDown.uasset" 196
"../../../RealisticProjectilePhysic/Content/ProjectilePhysics/Mannequin/Animations/AimPoses/ANIM_Aim_Hip_CenterUp.uasset" 197
"../../../RealisticProjectilePhysic/Content/ProjectilePhysics/Mannequin/Animations/AimPoses/AO_Hip.uasset" 198
"../../../RealisticProjectilePhysic/Content/ProjectilePhysics/Mannequin/Animations/ANIM_Idle_Rifle_Ironsights.uasset" 199
"../../../RealisticProjectilePhysic/Content/ProjectilePhysics/Mannequin/Animations/AimPoses/ANIM_Aim__Ironsights_Center.uasset" 200
"../../../RealisticProjectilePhysic/Content/ProjectilePhysics/Mannequin/Animations/AimPoses/ANIM_Aim_Ironsights_CenterDown.uasset" 201
"../../../RealisticProjectilePhysic/Content/ProjectilePhysics/Mannequin/Animations/AimPoses/ANIM_Aim_Ironsights_CenterUp.uasset" 202
"../../../RealisticProjectilePhysic/Content/ProjectilePhysics/Mannequin/Animations/AimPoses/AO_Ironsights.uasset" 203
"../../../RealisticProjectilePhysic/Content/ProjectilePhysics/Mannequin/Animations/ANIM_ThirdPerson_Jump.uasset" 204
"../../../RealisticProjectilePhysic/Content/ProjectilePhysics/Mannequin/Animations/ANIM_ThirdPersonJump_Loop.uasset" 205
"../../../RealisticProjectilePhysic/Content/ProjectilePhysics/Mannequin/Animations/ANIM_ThirdPersonJump_Start.uasset" 206
"../../../RealisticProjectilePhysic/Content/ProjectilePhysics/Mannequin/Animations/ANIM_Walk_Bwd_Rifle_Ironsights.uasset" 207
"../../../RealisticProjectilePhysic/Content/ProjectilePhysics/Mannequin/Animations/ANIM_Walk_Fwd_Rifle_Ironsights.uasset" 208
"../../../RealisticProjectilePhysic/Content/ProjectilePhysics/Mannequin/Animations/ANIM_Walk_Lt_Rifle_Ironsights.uasset" 209
"../../../RealisticProjectilePhysic/Content/ProjectilePhysics/Mannequin/Animations/ANIM_Walk_Rt_Rifle_Ironsights.uasset" 210
"../../../RealisticProjectilePhysic/Content/ProjectilePhysics/Mannequin/Animations/BS_Ironsights_1D.uasset" 211
"../../../RealisticProjectilePhysic/Content/ProjectilePhysics/Mannequin/Animations/ANIM_Jog_Bwd_Rifle_Modified.uasset" 212
"../../../RealisticProjectilePhysic/Content/ProjectilePhysics/Mannequin/Animations/ANIM_Jog_Fwd_Rifle.uasset" 213
"../../../RealisticProjectilePhysic/Content/ProjectilePhysics/Mannequin/Animations/ANIM_Jog_Lt_Rifle_Modified.uasset" 214
"../../../RealisticProjectilePhysic/Content/ProjectilePhysics/Mannequin/Animations/ANIM_Jog_Rt_Rifle.uasset" 215
"../../../RealisticProjectilePhysic/Content/ProjectilePhysics/Mannequin/Animations/BS_Jog_1D.uasset" 216
"../../../RealisticProjectilePhysic/Content/ProjectilePhysics/Mannequin/Animations/AnimBP_Footsteps_1P.uasset" 217
"../../../Engine/Content/EditorBlueprintResources/ActorMacros.uasset" 218
"../../../RealisticProjectilePhysic/Content/ProjectilePhysics/DataStructures/ST_HitEffectsStructure.uasset" 219
"../../../RealisticProjectilePhysic/Content/ProjectilePhysics/Effects/T_Smoke_Tiled_D.uasset" 220
"../../../RealisticProjectilePhysic/Content/ProjectilePhysics/Effects/T_SmokeSubUV_8X8.uasset" 221
"../../../RealisticProjectilePhysic/Content/ProjectilePhysics/Effects/M_smoke_subUV_White.uasset" 222
"../../../RealisticProjectilePhysic/Content/ProjectilePhysics/Effects/p_crete_hit.uasset" 223
"../../../RealisticProjectilePhysic/Content/ProjectilePhysics/Sounds/CUE_CreteHit.uasset" 224
"../../../RealisticProjectilePhysic/Content/ProjectilePhysics/Sounds/CUE_MetalHit.uasset" 225
"../../../RealisticProjectilePhysic/Content/ProjectilePhysics/Sounds/CUE_Woodhit.uasset" 226
"../../../RealisticProjectilePhysic/Content/ProjectilePhysics/DataTables/TBL_HitEffectsTable.uasset" 227
"../../../RealisticProjectilePhysic/Content/ProjectilePhysics/Sounds/ATT_BulletHit.uasset" 228
"../../../RealisticProjectilePhysic/Content/ProjectilePhysics/Blueprints/BP_MP_Projectile_Base.uasset" 229
"../../../RealisticProjectilePhysic/Content/ProjectilePhysics/Effects/p_muzzle_smoke.uasset" 230
"../../../Engine/Content/Functions/Engine_MaterialFunctions02/Utility/BlendAngleCorrectedNormals.uasset" 231
"../../../Engine/Content/Functions/MaterialLayerFunctions/MatLayerBlend_NormalBlend.uasset" 232
"../../../Engine/Content/Functions/MaterialLayerFunctions/MatLayerBlend_Simple.uasset" 233
"../../../RealisticProjectilePhysic/Content/ProjectilePhysics/Mannequin/Character/Materials/MaterialLayers/T_ML_Rubber_Blue_01_D.uasset" 234
"../../../RealisticProjectilePhysic/Content/ProjectilePhysics/Mannequin/Character/Materials/MaterialLayers/T_ML_Rubber_Blue_01_N.uasset" 235
"../../../RealisticProjectilePhysic/Content/ProjectilePhysics/Mannequin/Character/Materials/MaterialLayers/ML_GlossyBlack_Latex_UE4.uasset" 236
"../../../RealisticProjectilePhysic/Content/ProjectilePhysics/Mannequin/Character/Materials/MaterialLayers/ML_Plastic_Shiny_Beige.uasset" 237
"../../../RealisticProjectilePhysic/Content/ProjectilePhysics/Mannequin/Character/Textures/UE4_LOGO_CARD.uasset" 238
"../../../RealisticProjectilePhysic/Content/ProjectilePhysics/Mannequin/Character/Materials/MaterialLayers/ML_Plastic_Shiny_Beige_LOGO.uasset" 239
"../../../RealisticProjectilePhysic/Content/ProjectilePhysics/Mannequin/Character/Materials/MaterialLayers/T_ML_Aluminum01.uasset" 240
"../../../RealisticProjectilePhysic/Content/ProjectilePhysics/Mannequin/Character/Materials/MaterialLayers/T_ML_Aluminum01_N.uasset" 241
"../../../RealisticProjectilePhysic/Content/ProjectilePhysics/Mannequin/Character/Materials/MaterialLayers/ML_SoftMetal_UE4.uasset" 242
"../../../RealisticProjectilePhysic/Content/ProjectilePhysics/Mannequin/Character/Textures/UE4_Mannequin__normals.uasset" 243
"../../../RealisticProjectilePhysic/Content/ProjectilePhysics/Mannequin/Character/Textures/UE4_Mannequin_MAT_MASKA.uasset" 244
"../../../RealisticProjectilePhysic/Content/ProjectilePhysics/Mannequin/Character/Materials/M_UE4Man_Body.uasset" 245
"../../../RealisticProjectilePhysic/Content/ProjectilePhysics/Mannequin/Character/Textures/T_UE4Man_Logo_N.uasset" 246
"../../../RealisticProjectilePhysic/Content/ProjectilePhysics/Mannequin/Character/Materials/M_UE4Man_ChestLogo.uasset" 247
"../../../RealisticProjectilePhysic/Content/ProjectilePhysics/Mannequin/Character/Mesh/SK_Mannequin_PhysicsAsset.uasset" 248
"../../../RealisticProjectilePhysic/Content/ProjectilePhysics/Mannequin/Character/Mesh/SK_Mannequin.uasset" 249
"../../../RealisticProjectilePhysic/Content/ProjectilePhysics/Mannequin/Character/Mesh/SK_Mannequin_Arms_PhysicsAsset.uasset" 250
"../../../RealisticProjectilePhysic/Content/ProjectilePhysics/Mannequin/Character/Mesh/SK_Mannequin_Arms.uasset" 251
"../../../Engine/Content/TemplateResources/M_Template_Master.uasset" 252
"../../../Engine/Content/TemplateResources/MI_Template_BaseGray_02_Metal.uasset" 253
"../../../Engine/Content/TemplateResources/MI_Template_BaseGray_Metal.uasset" 254
"../../../Engine/Content/Functions/Engine_MaterialFunctions02/Utility/MakeFloat2.uasset" 255
"../../../Engine/Content/Functions/Engine_MaterialFunctions02/Utility/MakeFloat3.uasset" 256
"../../../RealisticProjectilePhysic/Content/ProjectilePhysics/Textures/T_MacroVariation.uasset" 257
"../../../RealisticProjectilePhysic/Content/ProjectilePhysics/Textures/T_Wood_Plywood_D.uasset" 258
"../../../RealisticProjectilePhysic/Content/ProjectilePhysics/Textures/T_Wood_Plywood_H.uasset" 259
"../../../RealisticProjectilePhysic/Content/ProjectilePhysics/Textures/T_Wood_Plywood_N.uasset" 260
"../../../RealisticProjectilePhysic/Content/ProjectilePhysics/Materials/M_Base_Parallax.uasset" 261
"../../../RealisticProjectilePhysic/Content/ProjectilePhysics/Materials/Physmat_Wood.uasset" 262
"../../../RealisticProjectilePhysic/Content/ProjectilePhysics/Materials/M_Wood_Plywood_Inst.uasset" 263
"../../../RealisticProjectilePhysic/Content/ProjectilePhysics/Meshes/SK_FPGun_Skeleton.uasset" 264
"../../../RealisticProjectilePhysic/Content/ProjectilePhysics/Meshes/SK_AK47.uasset" 265
"../../../RealisticProjectilePhysic/Content/ProjectilePhysics/Meshes/SM_BananMag.uasset" 266
"../../../RealisticProjectilePhysic/Content/ProjectilePhysics/Sounds/SFX_AK47_01.uasset" 267
"../../../RealisticProjectilePhysic/Content/ProjectilePhysics/Blueprints/BP_FirstPersonCharacter.uasset" 268
"../../../RealisticProjectilePhysic/Content/ProjectilePhysics/Meshes/SM_762slug.uasset" 269
"../../../RealisticProjectilePhysic/Content/ProjectilePhysics/Blueprints/BP_MP_Projectile_AK47_TraceGreen.uasset" 270
"../../../RealisticProjectilePhysic/Content/ProjectilePhysics/Mannequin/Character/Materials/M_UE4Man_Body_GreenTeam.uasset" 271
"../../../RealisticProjectilePhysic/Content/ProjectilePhysics/Blueprints/BP_FirstPersonCharacter_GreenTeam.uasset" 272
"../../../RealisticProjectilePhysic/Content/ProjectilePhysics/Blueprints/BP_MP_Projectile_AK47_TraceRed.uasset" 273
"../../../RealisticProjectilePhysic/Content/ProjectilePhysics/Mannequin/Character/Materials/M_UE4Man_Body_RedTeam.uasset" 274
"../../../RealisticProjectilePhysic/Content/ProjectilePhysics/Blueprints/BP_FirstPersonCharacter_RedTeam.uasset" 275
"../../../RealisticProjectilePhysic/Content/ProjectilePhysics/Textures/FirstPersonCrosshair.uasset" 276
"../../../RealisticProjectilePhysic/Content/ProjectilePhysics/Blueprints/BP_FirstPersonHUD.uasset" 277
"../../../RealisticProjectilePhysic/Content/ProjectilePhysics/Blueprints/BP_Spectator_Spawner.uasset" 278
"../../../RealisticProjectilePhysic/Content/ProjectilePhysics/Blueprints/BP_FirstPersonGameMode.uasset" 279
"../../../RealisticProjectilePhysic/Content/ProjectilePhysics/DataTables/TBL_MaterialPropertiesTable.uasset" 280
"../../../Engine/Plugins/2D/Paper2D/Content/DummySprite.uasset" 281
"../../../Engine/Plugins/2D/Paper2D/Content/DefaultPaperTerrainMaterial.uasset" 282
"../../../Engine/Plugins/2D/Paper2D/Content/DefaultSpriteMaterial.uasset" 283
"../../../Engine/Plugins/2D/Paper2D/Content/MaskedUnlitSpriteMaterial.uasset" 284
"../../../Engine/Plugins/2D/Paper2D/Content/OpaqueUnlitSpriteMaterial.uasset" 285
"../../../Engine/Plugins/2D/Paper2D/Content/PlaceholderTextures/DummySpriteTexture.uasset" 286
"../../../Engine/Content/EngineSky/C_Sky_Cloud_Color.uasset" 287
"../../../Engine/Content/EngineSky/C_Sky_Horizon_Color.uasset" 288
"../../../Engine/Content/EngineSky/C_Sky_Zenith_Color.uasset" 289
"../../../Engine/Content/EngineSky/T_Sky_Blue.uasset" 290
"../../../Engine/Content/EngineSky/T_Sky_Clouds_M.uasset" 291
"../../../Engine/Content/EngineSky/T_Sky_Stars.uasset" 292
"../../../Engine/Content/EngineSky/M_Sky_Panning_Clouds2.uasset" 293
"../../../Engine/Content/EngineSky/SM_SkySphere.uasset" 294
"../../../Engine/Content/EngineSky/BP_Sky_Sphere.uasset" 295
"../../../RealisticProjectilePhysic/Content/Desert_Environment/Textures/colorfiltermap.uasset" 296
"../../../RealisticProjectilePhysic/Content/Desert_Environment/Textures/colormap.uasset" 297
"../../../RealisticProjectilePhysic/Content/Desert_Environment/Textures/Gravel_d.uasset" 298
"../../../RealisticProjectilePhysic/Content/Desert_Environment/Textures/Gravel_n.uasset" 299
"../../../RealisticProjectilePhysic/Content/Desert_Environment/Textures/Rock_Blocky_d.uasset" 300
"../../../RealisticProjectilePhysic/Content/Desert_Environment/Textures/Rock_Blocky_n_2.uasset" 301
"../../../RealisticProjectilePhysic/Content/Desert_Environment/Textures/Sand_Pebble_01_d.uasset" 302
"../../../RealisticProjectilePhysic/Content/Desert_Environment/Textures/Sand_Pebble_01_n.uasset" 303
"../../../RealisticProjectilePhysic/Content/Desert_Environment/Textures/Soil_Cracked_01_d.uasset" 304
"../../../RealisticProjectilePhysic/Content/Desert_Environment/Textures/Soil_Cracked_01_n.uasset" 305
"../../../RealisticProjectilePhysic/Content/Desert_Environment/Materials/Landscape.uasset" 306
"../../../Engine/Content/EngineMaterials/DefaultPhysicalMaterial.uasset" 307
"../../../RealisticProjectilePhysic/Content/Desert_Environment/Textures/Alim.uasset" 308
"../../../RealisticProjectilePhysic/Content/Desert_Environment/Materials/Alim_Mat.uasset" 309
"../../../RealisticProjectilePhysic/Content/Desert_Environment/Meshes/barrier_bar_01.uasset" 310
"../../../RealisticProjectilePhysic/Content/Desert_Environment/Meshes/barrier_bar_02.uasset" 311
"../../../RealisticProjectilePhysic/Content/Desert_Environment/Textures/Boulder_01_n.uasset" 312
"../../../RealisticProjectilePhysic/Content/Desert_Environment/Textures/Rock_Sharp_02_d.uasset" 313
"../../../RealisticProjectilePhysic/Content/Desert_Environment/Materials/Boulder_02_Mat.uasset" 314
"../../../RealisticProjectilePhysic/Content/Desert_Environment/Meshes/boulder.uasset" 315
"../../../RealisticProjectilePhysic/Content/Desert_Environment/Textures/Cactus_01_d.uasset" 316
"../../../RealisticProjectilePhysic/Content/Desert_Environment/Textures/Cactus_01_n.uasset" 317
"../../../RealisticProjectilePhysic/Content/Desert_Environment/Materials/Cactus_Mat.uasset" 318
"../../../RealisticProjectilePhysic/Content/Desert_Environment/Textures/Needle_d.uasset" 319
"../../../RealisticProjectilePhysic/Content/Desert_Environment/Textures/Needle_n.uasset" 320
"../../../RealisticProjectilePhysic/Content/Desert_Environment/Textures/noise.uasset" 321
"../../../RealisticProjectilePhysic/Content/Desert_Environment/Materials/Needle_Mat.uasset" 322
"../../../RealisticProjectilePhysic/Content/Desert_Environment/Meshes/Cactus_a.uasset" 323
"../../../RealisticProjectilePhysic/Content/Desert_Environment/Meshes/Cactus_b.uasset" 324
"../../../RealisticProjectilePhysic/Content/Desert_Environment/Meshes/Cactus_c.uasset" 325
"../../../RealisticProjectilePhysic/Content/Desert_Environment/Materials/Agave_Mat.uasset" 326
"../../../RealisticProjectilePhysic/Content/Desert_Environment/Meshes/Cactus_d.uasset" 327
"../../../RealisticProjectilePhysic/Content/Desert_Environment/Textures/Wood_rough_01_n.uasset" 328
"../../../RealisticProjectilePhysic/Content/Desert_Environment/Textures/Wood_rough_02_d.uasset" 329
"../../../RealisticProjectilePhysic/Content/Desert_Environment/Materials/Wood_01_Mat.uasset" 330
"../../../RealisticProjectilePhysic/Content/Desert_Environment/Meshes/cross_a.uasset" 331
"../../../RealisticProjectilePhysic/Content/Desert_Environment/Meshes/cross_b.uasset" 332
"../../../RealisticProjectilePhysic/Content/Desert_Environment/Textures/Rock_Sharp_d.uasset" 333
"../../../RealisticProjectilePhysic/Content/Desert_Environment/Textures/Rock_Sharp_n.uasset" 334
"../../../RealisticProjectilePhysic/Content/Desert_Environment/Materials/Rock_Sharp_02_Mat.uasset" 335
"../../../RealisticProjectilePhysic/Content/Desert_Environment/Meshes/cross_c.uasset" 336
"../../../RealisticProjectilePhysic/Content/Desert_Environment/Textures/360_mongolia.uasset" 337
"../../../RealisticProjectilePhysic/Content/Desert_Environment/Materials/Panaroma_Mat.uasset" 338
"../../../RealisticProjectilePhysic/Content/Desert_Environment/Meshes/cylinder.uasset" 339
"../../../RealisticProjectilePhysic/Content/Desert_Environment/Meshes/Fence_a.uasset" 340
"../../../RealisticProjectilePhysic/Content/Desert_Environment/Meshes/Fence_b.uasset" 341
"../../../RealisticProjectilePhysic/Content/Desert_Environment/Meshes/Fence_c.uasset" 342
"../../../RealisticProjectilePhysic/Content/Desert_Environment/Meshes/Fence_d.uasset" 343
"../../../RealisticProjectilePhysic/Content/Desert_Environment/Materials/Wire_Mat.uasset" 344
"../../../RealisticProjectilePhysic/Content/Desert_Environment/Textures/Wood_rough_01_d.uasset" 345
"../../../RealisticProjectilePhysic/Content/Desert_Environment/Materials/Wood_rough_01_Mat.uasset" 346
"../../../RealisticProjectilePhysic/Content/Desert_Environment/Textures/Grunge_01.uasset" 347
"../../../RealisticProjectilePhysic/Content/Desert_Environment/Materials/Wood_rough_02_Mat.uasset" 348
"../../../RealisticProjectilePhysic/Content/Desert_Environment/Meshes/pole_a.uasset" 349
"../../../RealisticProjectilePhysic/Content/Desert_Environment/Textures/Asphalt_Cracked_n.uasset" 350
"../../../RealisticProjectilePhysic/Content/Desert_Environment/Textures/Asphalt_n.uasset" 351
"../../../RealisticProjectilePhysic/Content/Desert_Environment/Textures/Road_01_d.uasset" 352
"../../../RealisticProjectilePhysic/Content/Desert_Environment/Textures/Road_01_n.uasset" 353
"../../../RealisticProjectilePhysic/Content/Desert_Environment/Textures/Road_01_s.uasset" 354
"../../../RealisticProjectilePhysic/Content/Desert_Environment/Materials/Road_01_Mat.uasset" 355
"../../../RealisticProjectilePhysic/Content/Desert_Environment/Meshes/road_01.uasset" 356
"../../../RealisticProjectilePhysic/Content/Desert_Environment/Textures/road_02_d.uasset" 357
"../../../RealisticProjectilePhysic/Content/Desert_Environment/Textures/road_02_n.uasset" 358
"../../../RealisticProjectilePhysic/Content/Desert_Environment/Materials/Road_02_Mat.uasset" 359
"../../../RealisticProjectilePhysic/Content/Desert_Environment/Meshes/road_02.uasset" 360
"../../../RealisticProjectilePhysic/Content/Desert_Environment/Meshes/rubble_a.uasset" 361
"../../../RealisticProjectilePhysic/Content/Desert_Environment/Meshes/rubble_b.uasset" 362
"../../../RealisticProjectilePhysic/Content/Desert_Environment/Textures/Wood_end_d.uasset" 363
"../../../RealisticProjectilePhysic/Content/Desert_Environment/Materials/Wood_End_Mat.uasset" 364
"../../../RealisticProjectilePhysic/Content/Desert_Environment/Meshes/shack_c.uasset" 365
"../../../RealisticProjectilePhysic/Content/Desert_Environment/Textures/signs_d.uasset" 366
"../../../RealisticProjectilePhysic/Content/Desert_Environment/Textures/signs_n.uasset" 367
"../../../RealisticProjectilePhysic/Content/Desert_Environment/Materials/Signs_Mat.uasset" 368
"../../../RealisticProjectilePhysic/Content/Desert_Environment/Meshes/Sign_01.uasset" 369
"../../../RealisticProjectilePhysic/Content/Desert_Environment/Meshes/Sign_02.uasset" 370
"../../../RealisticProjectilePhysic/Content/Desert_Environment/Meshes/Sign_03.uasset" 371
"../../../RealisticProjectilePhysic/Content/Desert_Environment/Textures/Bark_01_d.uasset" 372
"../../../RealisticProjectilePhysic/Content/Desert_Environment/Textures/Bark_01_n.uasset" 373
"../../../RealisticProjectilePhysic/Content/Desert_Environment/Materials/Trunk_Mat.uasset" 374
"../../../RealisticProjectilePhysic/Content/Desert_Environment/Meshes/Tree_a.uasset" 375
"../../../RealisticProjectilePhysic/Content/Desert_Environment/Textures/vege_01_d.uasset" 376
"../../../RealisticProjectilePhysic/Content/Desert_Environment/Textures/vege_01_n.uasset" 377
"../../../RealisticProjectilePhysic/Content/Desert_Environment/Materials/Vege_01_Mat.uasset" 378
"../../../RealisticProjectilePhysic/Content/Desert_Environment/Meshes/Vege_01.uasset" 379
"../../../RealisticProjectilePhysic/Content/Desert_Environment/Textures/vege_02_d.uasset" 380
"../../../RealisticProjectilePhysic/Content/Desert_Environment/Textures/vege_02_n.uasset" 381
"../../../RealisticProjectilePhysic/Content/Desert_Environment/Materials/Vege_02_Mat.uasset" 382
"../../../RealisticProjectilePhysic/Content/Desert_Environment/Meshes/Vege_02.uasset" 383
"../../../RealisticProjectilePhysic/Content/Desert_Environment/Meshes/well.uasset" 384
"../../../RealisticProjectilePhysic/Content/Desert_Environment/Particles/Smoke.uasset" 385
"../../../RealisticProjectilePhysic/Content/Desert_Environment/Particles/Smoke_sheet.uasset" 386
"../../../RealisticProjectilePhysic/Content/Desert_Environment/Particles/Smoke_01.uasset" 387
"../../../RealisticProjectilePhysic/Content/Desert_Environment/Particles/Dust.uasset" 388
"../../../RealisticProjectilePhysic/Content/Desert_Environment/Particles/Heat_haze_mat.uasset" 389
"../../../RealisticProjectilePhysic/Content/Desert_Environment/Particles/Heat_Haze.uasset" 390
"../../../RealisticProjectilePhysic/Content/Desert_Environment/Textures/Lens_Flare_Eye.uasset" 391
"../../../RealisticProjectilePhysic/Content/Desert_Environment/Textures/Screen_dirt.uasset" 392
"../../../RealisticProjectilePhysic/Content/Textures/Eyebot/EyebotMM_d_result.uasset" 393
"../../../RealisticProjectilePhysic/Content/Meshes/Eyebot/mesh17material.uasset" 394
"../../../RealisticProjectilePhysic/Content/Textures/Eyebot/Eyebot_d_result.uasset" 395
"../../../RealisticProjectilePhysic/Content/Meshes/Eyebot/mesh23material.uasset" 396
"../../../RealisticProjectilePhysic/Content/Meshes/Eyebot/EyeBotout_PhysicsAsset.uasset" 397
"../../../RealisticProjectilePhysic/Content/Meshes/Eyebot/EyeBotout_Skeleton.uasset" 398
"../../../RealisticProjectilePhysic/Content/Meshes/Eyebot/EyeBotout.uasset" 399
"../../../RealisticProjectilePhysic/Content/Maps/Main.umap" 400
"../../../RealisticProjectilePhysic/Content/Maps/Transition.umap" 401
"../../../RealisticProjectilePhysic/Content/Maps/Entry.umap" 402
 