Log file open, 04/10/17 23:36:47
LogInit:Display: Running engine for game: RealisticProjectilePhysic
LogPlatformFile: Not using cached read wrapper
LogInit:Display: RandInit(2073134425) SRandInit(2073134425).
LogInit: Using version manifest at CL 0 with build ID '2ae30968-5f93-4c4c-9b8c-e07958c15ab0'
LogTaskGraph: Started task graph with 5 named threads and 8 total threads with 1 sets of task threads.
LogStats: Stats thread started at 0.085379
LogInit: Using libcurl 7.47.1
LogInit:  - built for x86_64-pc-win32
LogInit:  - supports SSL with OpenSSL/1.0.2g
LogInit:  - supports HTTP deflate (compression) using libz 1.2.8
LogInit:  - other features:
LogInit:      CURL_VERSION_SSL
LogInit:      CURL_VERSION_LIBZ
LogInit:      CURL_VERSION_IPV6
LogInit:      CURL_VERSION_ASYNCHDNS
LogInit:      CURL_VERSION_LARGEFILE
LogInit:      CURL_VERSION_IDN
LogInit:  CurlRequestOptions (configurable via config and command line):
LogInit:  - bVerifyPeer = false  - Libcurl will NOT verify peer certificate
LogInit:  - bUseHttpProxy = false  - Libcurl will NOT use HTTP proxy
LogInit:  - bDontReuseConnections = false  - Libcurl will reuse connections
LogInit:  - CertBundlePath = nullptr  - Libcurl will use whatever was configured at build time.
LogInit: Build: ++UE4+Release-4.15-CL-0
LogInit: Engine Version: 4.15.2-0+++UE4+Release-4.15
LogInit: Compatible Engine Version: 4.15.0-0+++UE4+Release-4.15
LogInit: Net CL: 0
LogDevObjectVersion: Number of dev versions registered: 14
LogDevObjectVersion:   Dev-Blueprints (B0D832E4-1F89-4F0D-ACCF-7EB736FD4AA2): 8
LogDevObjectVersion:   Dev-Build (E1C64328-A22C-4D53-A36C-8E866417BD8C): 0
LogDevObjectVersion:   Dev-Core (375EC13C-06E4-48FB-B500-84F0262A717E): 2
LogDevObjectVersion:   Dev-Editor (E4B068ED-F494-42E9-A231-DA0B2E46BB41): 14
LogDevObjectVersion:   Dev-Framework (CFFC743F-43B0-4480-9391-14DF171D2073): 22
LogDevObjectVersion:   Dev-Mobile (B02B49B5-BB20-44E9-A304-32B752E40360): 0
LogDevObjectVersion:   Dev-Networking (A4E4105C-59A1-49B5-A7C5-40C4547EDFEE): 0
LogDevObjectVersion:   Dev-Online (39C831C9-5AE6-47DC-9A44-9C173E1C8E7C): 0
LogDevObjectVersion:   Dev-Physics (78F01B33-EBEA-4F98-B9B4-84EACCB95AA2): 0
LogDevObjectVersion:   Dev-Platform (6631380F-2D4D-43E0-8009-CF276956A95A): 0
LogDevObjectVersion:   Dev-Rendering (12F88B9F-8875-4AFC-A67C-D90C383ABD29): 12
LogDevObjectVersion:   Dev-Sequencer (7B5AE74C-D270-4C10-A958-57980B212A5A): 3
LogDevObjectVersion:   Dev-VR (D7296918-1DD6-4BDD-9DE2-64A83CC13884): 0
LogDevObjectVersion:   Dev-LoadTimes (C2A15278-BFE7-4AFE-6C17-90FF531DF755): 1
LogInit: Compiled (64-bit): Apr  8 2017 23:09:12
LogInit: Compiled with Visual C++: 19.00.24215.01
LogInit: Build Configuration: Development
LogInit: Branch Name: ++UE4+Release-4.15
LogInit: Command line: 
LogInit: Base directory: C:/UnrealEngineRelease/UnrealEngine-4.15/Engine/Binaries/Win64/
LogInit: Installed Engine Build: 0
LogInit: Presizing for max 8388607 objects, including 0 objects not considered by GC, pre-allocating 0 bytes for permanent pool.
LogInit: Object subsystem initialized
[2017.04.11-03.36.48:540][  0]LogInit: Selected Device Profile: [Windows]
[2017.04.11-03.36.48:540][  0]LogInit: Applying CVar settings loaded from the selected device profile: [Windows]
[2017.04.11-03.36.48:689][  0]LogInit: Computer: CALHOUN
[2017.04.11-03.36.48:689][  0]LogInit: User: Morgan
[2017.04.11-03.36.48:689][  0]LogInit: CPU Page size=65536, Cores=4
[2017.04.11-03.36.48:689][  0]LogInit: High frequency timer resolution =2.533206 MHz
[2017.04.11-03.36.48:689][  0]LogMemory: Memory total: Physical=7.9GB (8GB approx)
[2017.04.11-03.36.48:689][  0]LogMemory: Platform Memory Stats for Windows
[2017.04.11-03.36.48:689][  0]LogMemory: Process Physical Memory: 261.17 MB used, 261.17 MB peak
[2017.04.11-03.36.48:689][  0]LogMemory: Process Virtual Memory: 261.73 MB used, 261.73 MB peak
[2017.04.11-03.36.48:689][  0]LogMemory: Physical Memory: 4135.28 MB used,  3968.99 MB free, 8104.27 MB total
[2017.04.11-03.36.48:689][  0]LogMemory: Virtual Memory: 613.94 MB used,  3968.99 MB free, 134217728.00 MB total
[2017.04.11-03.36.48:774][  0]LogTextLocalizationManager: No specific translations for ('en-US') exist, so ('en') translations will be used.
[2017.04.11-03.36.49:481][  0]LogD3D11RHI: D3D11 adapters:
[2017.04.11-03.36.49:506][  0]LogD3D11RHI:    0. 'NVIDIA GeForce GTX 960M' (Feature Level 11_0)
[2017.04.11-03.36.49:506][  0]LogD3D11RHI:       1980/0/4052 MB DedicatedVideo/DedicatedSystem/SharedSystem, Outputs:1, VendorId:0x10de
[2017.04.11-03.36.49:512][  0]LogD3D11RHI:    1. 'Intel(R) HD Graphics 4600' (Feature Level 11_0)
[2017.04.11-03.36.49:512][  0]LogD3D11RHI:       0/0/1792 MB DedicatedVideo/DedicatedSystem/SharedSystem, Outputs:0, VendorId:0x8086
[2017.04.11-03.36.49:513][  0]LogD3D11RHI:    2. 'Microsoft Basic Render Driver' (Feature Level 11_0)
[2017.04.11-03.36.49:513][  0]LogD3D11RHI:       0/0/256 MB DedicatedVideo/DedicatedSystem/SharedSystem, Outputs:0, VendorId:0x1414
[2017.04.11-03.36.49:513][  0]LogD3D11RHI: Chosen D3D11 Adapter: 0
[2017.04.11-03.36.49:517][  0]LogD3D11RHI: Creating new Direct3DDevice
[2017.04.11-03.36.49:517][  0]LogD3D11RHI:     GPU DeviceId: 0x139b (for the marketing name, search the web for "GPU Device Id")
[2017.04.11-03.36.49:517][  0]LogWindows: EnumDisplayDevices:
[2017.04.11-03.36.49:517][  0]LogWindows:    0. 'Intel(R) HD Graphics 4600' (P:1 D:1)
[2017.04.11-03.36.49:517][  0]LogWindows:    1. 'Intel(R) HD Graphics 4600' (P:0 D:0)
[2017.04.11-03.36.49:518][  0]LogWindows:    2. 'Intel(R) HD Graphics 4600' (P:0 D:0)
[2017.04.11-03.36.49:518][  0]LogWindows: DebugString: PrimaryIsNotTheChoosenAdapter PrimaryIsNotTheChoosenAdapter PrimaryIsNotTheChoosenAdapter FoundDriverCount:0 
[2017.04.11-03.36.49:518][  0]LogD3D11RHI:     Adapter Name: NVIDIA GeForce GTX 960M
[2017.04.11-03.36.49:518][  0]LogD3D11RHI:   Driver Version: Unknown (internal:Unknown, unified:Unknown)
[2017.04.11-03.36.49:518][  0]LogD3D11RHI:      Driver Date: Unknown
[2017.04.11-03.36.49:518][  0]LogRHI: Texture pool is 1361 MB (70% of 1945 MB)
[2017.04.11-03.36.49:528][  0]LogD3D11RHI: Async texture creation enabled
[2017.04.11-03.36.49:546][  0]LogD3D11RHI: GPU Timing Frequency: 1000.000000 (Debug: 2 2)
[2017.04.11-03.36.49:546][  0]LogShaderCompilers: Guid format shader working directory is -32 characters bigger than the processId version (../../../../../Users/Morgan/Desktop/Github/FalloutMMO/RealisticProjectilePhysic/Intermediate/Shaders/WorkingDirectory/7792/).
[2017.04.11-03.36.49:546][  0]LogShaderCompilers: Cleaned the shader compiler working directory 'C:/Users/Morgan/AppData/Local/Temp/UnrealShaderWorkingDir/02DCF76649B03C836C2A99AFAA2E9C01/'.
[2017.04.11-03.36.49:546][  0]LogShaderCompilers:Display: Using Local Shader Compiler.
[2017.04.11-03.36.50:759][  0]LogTemp:Display: Loaded TP MacTargetPlatform
[2017.04.11-03.36.50:813][  0]LogTemp:Display: Loaded TP MacNoEditorTargetPlatform
[2017.04.11-03.36.50:867][  0]LogTemp:Display: Loaded TP MacServerTargetPlatform
[2017.04.11-03.36.50:920][  0]LogTemp:Display: Loaded TP MacClientTargetPlatform
[2017.04.11-03.36.50:962][  0]LogTemp:Display: Loaded TP WindowsTargetPlatform
[2017.04.11-03.36.51:016][  0]LogTemp:Display: Loaded TP WindowsNoEditorTargetPlatform
[2017.04.11-03.36.51:070][  0]LogTemp:Display: Loaded TP WindowsServerTargetPlatform
[2017.04.11-03.36.51:123][  0]LogTemp:Display: Loaded TP WindowsClientTargetPlatform
[2017.04.11-03.36.51:165][  0]LogTemp:Display: Loaded TP AllDesktopTargetPlatform
[2017.04.11-03.36.51:219][  0]LogTemp:Display: Loaded TP AndroidTargetPlatform
[2017.04.11-03.36.51:270][  0]LogTemp:Display: Loaded TP Android_PVRTCTargetPlatform
[2017.04.11-03.36.51:331][  0]LogTemp:Display: Loaded TP Android_ATCTargetPlatform
[2017.04.11-03.36.51:385][  0]LogTemp:Display: Loaded TP Android_DXTTargetPlatform
[2017.04.11-03.36.51:443][  0]LogTemp:Display: Loaded TP Android_ETC1TargetPlatform
[2017.04.11-03.36.51:494][  0]LogTemp:Display: Loaded TP Android_ETC2TargetPlatform
[2017.04.11-03.36.51:545][  0]LogTemp:Display: Loaded TP Android_ASTCTargetPlatform
[2017.04.11-03.36.51:605][  0]LogTemp:Display: Loaded TP Android_MultiTargetPlatform
[2017.04.11-03.36.51:640][  0]LogTemp:Display: Loaded TP HTML5TargetPlatform
[2017.04.11-03.36.51:734][  0]LogTemp:Display: Loaded TP IOSTargetPlatform
[2017.04.11-03.36.51:767][  0]LogTemp:Display: Loaded TP TVOSTargetPlatform
[2017.04.11-03.36.51:768][  0]LogTargetPlatformManager:Display: Building Assets For Windows
[2017.04.11-03.36.52:208][  0]LogDerivedDataCache:Display: Max Cache Size: 512 MB
[2017.04.11-03.37.00:504][  0]LogDerivedDataCache: Loaded boot cache 8.30s 50MB ../../../../../Users/Morgan/Desktop/Github/FalloutMMO/RealisticProjectilePhysic/DerivedDataCache/Boot.ddc.
[2017.04.11-03.37.00:504][  0]LogDerivedDataCache:Display: Loaded Boot cache: ../../../../../Users/Morgan/Desktop/Github/FalloutMMO/RealisticProjectilePhysic/DerivedDataCache/Boot.ddc
[2017.04.11-03.37.00:504][  0]LogDerivedDataCache: FDerivedDataBackendGraph:  Pak pak cache file ../../../../../Users/Morgan/Desktop/Github/FalloutMMO/RealisticProjectilePhysic/DerivedDataCache/DDC.ddp not found, will not use a pak cache.
[2017.04.11-03.37.00:504][  0]LogDerivedDataCache: Unable to find inner node Pak for hierarchical cache Hierarchy.
[2017.04.11-03.37.00:504][  0]LogDerivedDataCache: FDerivedDataBackendGraph:  EnginePak pak cache file ../../../Engine/DerivedDataCache/DDC.ddp not found, will not use a pak cache.
[2017.04.11-03.37.00:504][  0]LogDerivedDataCache: Unable to find inner node EnginePak for hierarchical cache Hierarchy.
[2017.04.11-03.37.00:516][  0]LogDerivedDataCache: Using Local data cache path ../../../Engine/DerivedDataCache: Writable
[2017.04.11-03.37.00:516][  0]LogDerivedDataCache: Shared data cache path not found in *engine.ini, will not use an Shared cache.
[2017.04.11-03.37.00:516][  0]LogDerivedDataCache: Unable to find inner node Shared for hierarchical cache Hierarchy.
[2017.04.11-03.37.00:528][  0]LogSlate: Using Freetype 2.6.0
[2017.04.11-03.37.00:529][  0]LogSlate: SlateFontCache - WITH_FREETYPE: 1, WITH_HARFBUZZ: 1
[2017.04.11-03.37.00:529][  0]LogSlate: SlateFontCache - WITH_FREETYPE: 1, WITH_HARFBUZZ: 1
[2017.04.11-03.37.00:859][  0]LogInit: Selected Device Profile: [Windows]
[2017.04.11-03.37.00:862][  0]LogContentStreaming: Texture pool size is 0.00 MB
[2017.04.11-03.37.01:089][  0]LogMeshUtilities: Using QuadricMeshReduction for automatic static mesh reduction
[2017.04.11-03.37.01:101][  0]LogMeshUtilities: No automatic skeletal mesh reduction module available
[2017.04.11-03.37.01:101][  0]LogMeshUtilities: No automatic mesh merging module available
[2017.04.11-03.37.01:101][  0]LogMeshUtilities: No distributed automatic mesh merging module available
[2017.04.11-03.37.01:759][  0]LogNetVersion: GetLocalNetworkVersion: CL: 0, ProjectName: realisticprojectilephysic, ProjectVersion: , EngineNetworkVersion: 2, GameNetworkVersion: 0, NetworkChecksum: 1050674056
[2017.04.11-03.37.01:805][  0]LogAssetRegistry: FAssetRegistry took 0.0224 seconds to start up
[2017.04.11-03.37.01:864][  0]LogPackageLocalizationCache: Processed 3 localized package path(s) for 2 prioritized culture(s) in 0.028107 seconds
[2017.04.11-03.37.01:870][  0]LogUObjectArray: 32452 objects as part of root set at end of initial load.
[2017.04.11-03.37.01:870][  0]LogUObjectAllocator: 7070304 out of 0 bytes used by permanent object pool.
[2017.04.11-03.37.01:870][  0]LogUObjectArray: CloseDisregardForGC: 0/0 objects in disregard for GC pool
[2017.04.11-03.37.01:934][  0]LogInit: WinSock: version 1.1 (2.2), MaxSocks=32767, MaxUdp=65467
[2017.04.11-03.37.03:609][  0]LogTcpMessaging: Initializing TcpMessaging bridge
[2017.04.11-03.37.03:653][  0]LogUdpMessaging: Initializing bridge on interface 0.0.0.0:0 to multicast group 230.0.0.1:6666.
[2017.04.11-03.37.04:323][  0]LogMaterial: Uniform references updated for custom material expression Custom.
[2017.04.11-03.37.04:706][  0]SourceControl: Info Source control is disabled
[2017.04.11-03.37.04:733][  0]SourceControl: Info Source control is disabled
[2017.04.11-03.37.04:782][  0]SourceControl: Info Source control is disabled
[2017.04.11-03.37.04:830][  0]SourceControl: Info Source control is disabled
[2017.04.11-03.37.06:168][  0]LogEngine: Initializing Engine...
[2017.04.11-03.37.06:168][  0]LogHMD: Failed to initialize OpenVR with code 110
[2017.04.11-03.37.06:332][  0]LogStats: UGameplayTagsManager::ConstructGameplayTagTree: Construct from data asset -  0.000 s
[2017.04.11-03.37.06:332][  0]LogStats: UGameplayTagsManager::ConstructGameplayTagTree: GameplayTagTreeChangedEvent.Broadcast -  0.000 s
[2017.04.11-03.37.06:481][  0]LogAIModule: Creating AISystem for world Untitled
[2017.04.11-03.37.06:489][  0]LogInit: XAudio2 using 'Speakers (High Definition Audio Device)' : 2 channels at 44.1 kHz using 16 bits per sample (channel mask 0x3)
[2017.04.11-03.37.06:503][  0]LogInit: FAudioDevice initialized.
[2017.04.11-03.37.06:536][  0]LogDerivedDataCache: Saved boot cache 0.03s 50MB ../../../../../Users/Morgan/Desktop/Github/FalloutMMO/RealisticProjectilePhysic/DerivedDataCache/Boot.ddc.
[2017.04.11-03.37.06:542][  0]LogInit: Texture streaming: Enabled
[2017.04.11-03.37.06:637][  0]LogEngineSessionManager: EngineSessionManager initialized
[2017.04.11-03.37.06:719][  0]LogInit: Transaction tracking system initialized
[2017.04.11-03.37.07:032][  0]BlueprintLog: New page: Editor Load
[2017.04.11-03.37.07:864][  0]LocalizationService: Info Localization service is disabled
[2017.04.11-03.37.08:482][  0]LogConsoleResponse:Display: 
[2017.04.11-03.37.08:657][  0]LogCook:Display: Max memory allowance for cook 16384mb min free memory 0mb
[2017.04.11-03.37.08:657][  0]LogCook:Display: Mobile HDR setting 1
[2017.04.11-03.37.09:653][  0]LogFileCache: Scanning file cache for directory 'C:/Users/Morgan/Desktop/Github/FalloutMMO/RealisticProjectilePhysic/Content/' took 0.06s
[2017.04.11-03.37.09:694][  0]SourceControl: Info Source control is disabled
[2017.04.11-03.37.09:694][  0]Cmd: MAP LOAD FILE="../../../../../Users/Morgan/Desktop/Github/FalloutMMO/RealisticProjectilePhysic/Content/Maps/Main.umap" TEMPLATE=0 SHOWPROGRESS=1 FEATURELEVEL=3
[2017.04.11-03.37.09:694][  0]LightingResults: New page: Lighting Build
[2017.04.11-03.37.09:732][  0]MapCheck: New page: Map Check
[2017.04.11-03.37.09:732][  0]LightingResults: New page: Lighting Build
[2017.04.11-03.37.44:035][  0]LogAIModule: Creating AISystem for world Main
[2017.04.11-03.37.57:010][  0]LogEditorServer: Finished looking for orphan Actors (0.000 secs)
[2017.04.11-03.37.57:010][  0]Cmd: MAP CHECKDEP NOCLEARLOG
[2017.04.11-03.37.57:065][  0]MapCheck: Info Map check complete: 0 Error(s), 0 Warning(s), took 54.502ms to complete.
[2017.04.11-03.37.57:065][  0]LogFileHelpers: Loading map 'Main' took 47.371
[2017.04.11-03.37.57:128][  0]LogWindowsTextInputMethodSystem:Display: IME system now deactivated.
[2017.04.11-03.37.57:128][  0]LogWindowsTextInputMethodSystem:Display: IME system now deactivated.
[2017.04.11-03.37.57:454][  0]LogCollectionManager: Loaded 0 collections in 0.002115 seconds
[2017.04.11-03.37.57:529][  0]LogFileCache: Scanning file cache for directory 'C:/Users/Morgan/Desktop/Github/FalloutMMO/RealisticProjectilePhysic/Saved/Collections/' took 0.01s
[2017.04.11-03.37.57:529][  0]LogFileCache: Scanning file cache for directory 'C:/Users/Morgan/Desktop/Github/FalloutMMO/RealisticProjectilePhysic/Content/Developers/Morgan/Collections/' took 0.01s
[2017.04.11-03.37.57:529][  0]LogFileCache: Scanning file cache for directory 'C:/Users/Morgan/Desktop/Github/FalloutMMO/RealisticProjectilePhysic/Content/Collections/' took 0.01s
[2017.04.11-03.37.57:529][  0]LogCollectionManager: Rebuilt the GUID cache for 0 collections in 0.000002 seconds
[2017.04.11-03.37.57:541][  0]LogContentBrowser: Native class hierarchy populated in 0.0109 seconds. Added 2245 classes and 454 folders.
[2017.04.11-03.37.57:602][  0]LogContentBrowser: Native class hierarchy updated for 'WidgetCarousel' in 0.0018 seconds. Added 0 classes and 0 folders.
[2017.04.11-03.38.00:810][  0]LogContentBrowser: Native class hierarchy updated for 'AddContentDialog' in 0.0020 seconds. Added 0 classes and 0 folders.
[2017.04.11-03.38.00:917][  0]LogContentBrowser: Native class hierarchy updated for 'SceneOutliner' in 0.0018 seconds. Added 1 classes and 2 folders.
[2017.04.11-03.38.00:973][  0]LogCrashTracker: Crashtracker disabled due to settings.
[2017.04.11-03.38.00:985][  0]LogUObjectGlobals:Warning: Failed to find object 'Class None.'
[2017.04.11-03.38.01:058][  0]LogContentBrowser: Native class hierarchy updated for 'HierarchicalLODOutliner' in 0.0018 seconds. Added 1 classes and 2 folders.
[2017.04.11-03.38.01:058][  0]LogLoad: (Engine Initialization) Total time: 75.60 seconds
[2017.04.11-03.38.01:058][  0]LogLoad: (Engine Initialization) Total Blueprint compile time: 0.09 seconds
[2017.04.11-03.38.01:058][  0]LogExternalProfiler: No external profilers were discovered.  External profiling features will not be available.
[2017.04.11-03.38.01:076][  0]LogOcInput: OculusInput pre-init called
[2017.04.11-03.38.01:094][  0]LogContentStreaming: Texture pool size now 1000 MB
[2017.04.11-03.38.01:097][  0]LogSlate: Took 0.000216 seconds to synchronously load lazily loaded font '../../../Engine/Content/Slate/Fonts/Roboto-Regular.ttf' (155K)
[2017.04.11-03.38.01:103][  0]LogSlate: Took 0.000247 seconds to synchronously load lazily loaded font '../../../Engine/Content/Slate/Fonts/Roboto-Bold.ttf' (160K)
[2017.04.11-03.38.01:168][  0]LogSlate: Took 0.021659 seconds to synchronously load lazily loaded font '../../../Engine/Content/Editor/Slate/Fonts/FontAwesome.ttf' (139K)
[2017.04.11-03.38.01:182][  0]LogSlate: Took 0.009965 seconds to synchronously load lazily loaded font '../../../Engine/Content/Slate/Fonts/Roboto-Light.ttf' (159K)
[2017.04.11-03.38.01:626][  0]LogSlate: Took 0.000126 seconds to synchronously load lazily loaded font '../../../Engine/Content/Slate/Fonts/Roboto-Light.ttf' (159K)
[2017.04.11-03.38.01:697][  0]LogRenderer: Reallocating scene render targets to support 1208x576 NumSamples 1 (Frame:2).
[2017.04.11-03.38.02:193][  2]LogAssetRegistry: Asset discovery search completed in 60.4109 seconds
[2017.04.11-03.38.02:193][  2]LogCollectionManager: Rebuilt the object cache for 0 collections in 0.000000 seconds (found 0 objects)
[2017.04.11-03.38.02:193][  2]LogCollectionManager: Fixed up redirectors for 0 collections in 0.000019 seconds (updated 0 objects)
[2017.04.11-03.38.09:974][324]LogWindowsTextInputMethodSystem:Display: IME system now deactivated.
[2017.04.11-03.38.09:975][324]LogWindowsTextInputMethodSystem:Display: IME system now deactivated.
[2017.04.11-03.38.10:974][325]Cmd: QUIT_EDITOR
[2017.04.11-03.38.11:032][325]LogExit: Preparing to exit.
[2017.04.11-03.38.11:844][325]LogDirectoryWatcher: A directory notification for 'C:/Users/Morgan/Desktop/Github/FalloutMMO/RealisticProjectilePhysic/Content/' was aborted.
[2017.04.11-03.38.12:214][325]LogExit: Editor shut down
[2017.04.11-03.38.12:214][325]LogExit: Transaction tracking system shut down
[2017.04.11-03.38.12:389][325]LogObj: Freed 0b from 0 cluster array pools.
[2017.04.11-03.38.12:389][325]LogExit: Object subsystem successfully closed.
[2017.04.11-03.38.12:427][325]LogD3D11RHI: Shutdown
[2017.04.11-03.38.12:427][325]LogD3D11RHI: CleanupD3DDevice
[2017.04.11-03.38.12:510][325]LogD3D11RHI: ~FD3D11DynamicRHI
[2017.04.11-03.38.12:524][325]LogModuleManager: Shutting down and abandoning module HierarchicalLODOutliner (484)
[2017.04.11-03.38.12:524][325]LogModuleManager: Shutting down and abandoning module CrashTracker (482)
[2017.04.11-03.38.12:524][325]LogModuleManager: Shutting down and abandoning module SceneOutliner (480)
[2017.04.11-03.38.12:551][325]LogModuleManager: Shutting down and abandoning module AddContentDialog (478)
[2017.04.11-03.38.12:551][325]LogDirectoryWatcher: A directory notification for 'C:/UnrealEngineRelease/UnrealEngine-4.15/FeaturePacks/' was aborted.
[2017.04.11-03.38.12:552][325]LogModuleManager: Shutting down and abandoning module WidgetCarousel (477)
[2017.04.11-03.38.12:552][325]LogModuleManager: Shutting down and abandoning module EditorWidgets (474)
[2017.04.11-03.38.12:552][325]LogModuleManager: Shutting down and abandoning module CollectionManager (472)
[2017.04.11-03.38.12:552][325]LogDirectoryWatcher: A directory notification for 'C:/Users/Morgan/Desktop/Github/FalloutMMO/RealisticProjectilePhysic/Content/Collections/' was aborted.
[2017.04.11-03.38.12:553][325]LogDirectoryWatcher: A directory notification for 'C:/Users/Morgan/Desktop/Github/FalloutMMO/RealisticProjectilePhysic/Content/Developers/Morgan/Collections/' was aborted.
[2017.04.11-03.38.12:553][325]LogDirectoryWatcher: A directory notification for 'C:/Users/Morgan/Desktop/Github/FalloutMMO/RealisticProjectilePhysic/Saved/Collections/' was aborted.
[2017.04.11-03.38.12:553][325]LogModuleManager: Shutting down and abandoning module StatsViewer (470)
[2017.04.11-03.38.12:553][325]LogModuleManager: Shutting down and abandoning module FoliageEdit (468)
[2017.04.11-03.38.12:553][325]LogModuleManager: Shutting down and abandoning module LandscapeEditor (466)
[2017.04.11-03.38.12:553][325]LogModuleManager: Shutting down and abandoning module SceneDepthPickerMode (464)
[2017.04.11-03.38.12:553][325]LogModuleManager: Shutting down and abandoning module ActorPickerMode (462)
[2017.04.11-03.38.12:553][325]LogModuleManager: Shutting down and abandoning module GeometryMode (460)
[2017.04.11-03.38.12:553][325]LogModuleManager: Shutting down and abandoning module TextureAlignMode (458)
[2017.04.11-03.38.12:553][325]LogModuleManager: Shutting down and abandoning module BspMode (456)
[2017.04.11-03.38.12:553][325]LogModuleManager: Shutting down and abandoning module HardwareSurvey (454)
[2017.04.11-03.38.12:553][325]LogModuleManager: Shutting down and abandoning module SequenceRecorderSections (452)
[2017.04.11-03.38.12:553][325]LogModuleManager: Shutting down and abandoning module AutomationWorker (450)
[2017.04.11-03.38.12:553][325]LogModuleManager: Shutting down and abandoning module MatineeToLevelSequence (448)
[2017.04.11-03.38.12:553][325]LogModuleManager: Shutting down and abandoning module LevelSequenceEditor (446)
[2017.04.11-03.38.12:553][325]LogModuleManager: Shutting down and abandoning module PlacementMode (445)
[2017.04.11-03.38.12:553][325]LogModuleManager: Shutting down and abandoning module WmfMediaFactory (442)
[2017.04.11-03.38.12:553][325]LogModuleManager: Shutting down and abandoning module WmfMediaEditor (440)
[2017.04.11-03.38.12:553][325]LogModuleManager: Shutting down and abandoning module MfMediaFactory (438)
[2017.04.11-03.38.12:553][325]LogModuleManager: Shutting down and abandoning module MfMediaEditor (436)
[2017.04.11-03.38.12:553][325]LogModuleManager: Shutting down and abandoning module AvfMediaFactory (434)
[2017.04.11-03.38.12:553][325]LogModuleManager: Shutting down and abandoning module AvfMediaEditor (432)
[2017.04.11-03.38.12:553][325]LogModuleManager: Shutting down and abandoning module AndroidMediaFactory (430)
[2017.04.11-03.38.12:553][325]LogModuleManager: Shutting down and abandoning module Media (429)
[2017.04.11-03.38.12:553][325]LogModuleManager: Shutting down and abandoning module AndroidMediaEditor (426)
[2017.04.11-03.38.12:553][325]LogModuleManager: Shutting down and abandoning module CharacterAI (424)
[2017.04.11-03.38.12:553][325]LogModuleManager: Shutting down and abandoning module AudioCapture (422)
[2017.04.11-03.38.12:553][325]LogModuleManager: Shutting down and abandoning module SequenceRecorder (421)
[2017.04.11-03.38.12:553][325]LogModuleManager: Shutting down and abandoning module SmartSnapping (418)
[2017.04.11-03.38.12:553][325]LogModuleManager: Shutting down and abandoning module SessionServices (416)
[2017.04.11-03.38.12:553][325]LogModuleManager: Shutting down and abandoning module ViewportSnapping (414)
[2017.04.11-03.38.12:553][325]LogModuleManager: Shutting down and abandoning module ViewportInteraction (412)
[2017.04.11-03.38.12:553][325]LogModuleManager: Shutting down and abandoning module LogVisualizer (410)
[2017.04.11-03.38.12:553][325]LogModuleManager: Shutting down and abandoning module IntroTutorials (408)
[2017.04.11-03.38.12:553][325]LogModuleManager: Shutting down and abandoning module GameProjectGeneration (407)
[2017.04.11-03.38.12:553][325]LogModuleManager: Shutting down and abandoning module EditorLiveStreaming (404)
[2017.04.11-03.38.12:553][325]LogModuleManager: Shutting down and abandoning module IOSPlatformEditor (402)
[2017.04.11-03.38.12:553][325]LogModuleManager: Shutting down and abandoning module HTML5PlatformEditor (400)
[2017.04.11-03.38.12:553][325]LogModuleManager: Shutting down and abandoning module AndroidPlatformEditor (398)
[2017.04.11-03.38.12:553][325]LogModuleManager: Shutting down and abandoning module AndroidDeviceDetection (397)
[2017.04.11-03.38.13:242][325]LogModuleManager: Shutting down and abandoning module IOSRuntimeSettings (394)
[2017.04.11-03.38.13:242][325]LogModuleManager: Shutting down and abandoning module AndroidRuntimeSettings (392)
[2017.04.11-03.38.13:242][325]LogModuleManager: Shutting down and abandoning module InputBindingEditor (390)
[2017.04.11-03.38.13:242][325]LogModuleManager: Shutting down and abandoning module NiagaraEditor (388)
[2017.04.11-03.38.13:242][325]LogModuleManager: Shutting down and abandoning module MergeActors (386)
[2017.04.11-03.38.13:242][325]LogModuleManager: Shutting down and abandoning module SizeMap (384)
[2017.04.11-03.38.13:242][325]LogModuleManager: Shutting down and abandoning module TreeMap (382)
[2017.04.11-03.38.13:242][325]LogModuleManager: Shutting down and abandoning module ReferenceViewer (380)
[2017.04.11-03.38.13:242][325]LogModuleManager: Shutting down and abandoning module LocalizationDashboard (378)
[2017.04.11-03.38.13:242][325]LogModuleManager: Shutting down and abandoning module LocalizationService (377)
[2017.04.11-03.38.13:242][325]LogModuleManager: Shutting down and abandoning module HardwareTargeting (374)
[2017.04.11-03.38.13:242][325]LogModuleManager: Shutting down and abandoning module DeviceProfileEditor (372)
[2017.04.11-03.38.13:242][325]LogModuleManager: Shutting down and abandoning module UndoHistory (370)
[2017.04.11-03.38.13:242][325]LogModuleManager: Shutting down and abandoning module UserFeedback (368)
[2017.04.11-03.38.13:242][325]LogModuleManager: Shutting down and abandoning module XmlParser (366)
[2017.04.11-03.38.13:242][325]LogModuleManager: Shutting down and abandoning module Blutility (364)
[2017.04.11-03.38.13:242][325]LogModuleManager: Shutting down and abandoning module ProjectSettingsViewer (362)
[2017.04.11-03.38.13:242][325]LogModuleManager: Shutting down and abandoning module ProjectTargetPlatformEditor (361)
[2017.04.11-03.38.13:242][325]LogModuleManager: Shutting down and abandoning module EditorSettingsViewer (358)
[2017.04.11-03.38.13:243][325]LogModuleManager: Shutting down and abandoning module SettingsEditor (356)
[2017.04.11-03.38.13:243][325]LogModuleManager: Shutting down and abandoning module ProjectLauncher (354)
[2017.04.11-03.38.13:243][325]LogModuleManager: Shutting down and abandoning module SessionFrontend (352)
[2017.04.11-03.38.13:243][325]LogModuleManager: Shutting down and abandoning module ProfilerClient (350)
[2017.04.11-03.38.13:243][325]LogModuleManager: Shutting down and abandoning module DeviceManager (348)
[2017.04.11-03.38.13:243][325]LogModuleManager: Shutting down and abandoning module TargetDeviceServices (347)
[2017.04.11-03.38.13:294][325]LogModuleManager: Shutting down and abandoning module AutomationController (344)
[2017.04.11-03.38.13:294][325]LogModuleManager: Shutting down and abandoning module AutomationWindow (342)
[2017.04.11-03.38.13:294][325]LogModuleManager: Shutting down and abandoning module Layers (340)
[2017.04.11-03.38.13:294][325]LogModuleManager: Shutting down and abandoning module ComponentVisualizers (338)
[2017.04.11-03.38.13:294][325]LogModuleManager: Shutting down and abandoning module DetailCustomizations (336)
[2017.04.11-03.38.13:294][325]LogModuleManager: Shutting down and abandoning module PackagesDialog (334)
[2017.04.11-03.38.13:294][325]LogModuleManager: Shutting down and abandoning module Persona (332)
[2017.04.11-03.38.13:294][325]LogModuleManager: Shutting down and abandoning module AnimGraph (331)
[2017.04.11-03.38.13:294][325]LogModuleManager: Shutting down and abandoning module Kismet (328)
[2017.04.11-03.38.13:294][325]LogModuleManager: Shutting down and abandoning module GraphEditor (326)
[2017.04.11-03.38.13:294][325]LogModuleManager: Shutting down and abandoning module ClassViewer (324)
[2017.04.11-03.38.13:294][325]LogModuleManager: Shutting down and abandoning module Toolbox (322)
[2017.04.11-03.38.13:294][325]LogModuleManager: Shutting down and abandoning module ModuleUI (320)
[2017.04.11-03.38.13:294][325]LogModuleManager: Shutting down and abandoning module MovieSceneTools (318)
[2017.04.11-03.38.13:294][325]LogModuleManager: Shutting down and abandoning module OutputLog (316)
[2017.04.11-03.38.13:294][325]LogModuleManager: Shutting down and abandoning module GammaUI (314)
[2017.04.11-03.38.13:294][325]LogModuleManager: Shutting down and abandoning module Documentation (312)
[2017.04.11-03.38.13:294][325]LogModuleManager: Shutting down and abandoning module Niagara (310)
[2017.04.11-03.38.13:294][325]LogModuleManager: Shutting down and abandoning module StreamingPauseRendering (308)
[2017.04.11-03.38.13:294][325]LogModuleManager: Shutting down and abandoning module AnalyticsET (306)
[2017.04.11-03.38.13:294][325]LogModuleManager: Shutting down and abandoning module PortalServices (304)
[2017.04.11-03.38.13:294][325]LogModuleManager: Shutting down and abandoning module PortalRpc (302)
[2017.04.11-03.38.13:294][325]LogModuleManager: Shutting down and abandoning module MessagingRpc (300)
[2017.04.11-03.38.13:294][325]LogModuleManager: Shutting down and abandoning module AIModule (298)
[2017.04.11-03.38.13:294][325]LogModuleManager: Shutting down and abandoning module GameplayDebugger (297)
[2017.04.11-03.38.13:294][325]LogModuleManager: Shutting down and abandoning module AITestSuite (295)
[2017.04.11-03.38.13:294][325]LogModuleManager: Shutting down and abandoning module ProfilerService (292)
[2017.04.11-03.38.13:483][325]LogModuleManager: Shutting down and abandoning module TaskGraph (290)
[2017.04.11-03.38.13:483][325]LogModuleManager: Shutting down and abandoning module SteamVRController (288)
[2017.04.11-03.38.13:483][325]LogModuleManager: Shutting down and abandoning module SteamVR (286)
[2017.04.11-03.38.13:483][325]LogModuleManager: Shutting down and abandoning module ProceduralMeshComponentEditor (284)
[2017.04.11-03.38.13:483][325]LogModuleManager: Shutting down and abandoning module ProceduralMeshComponent (282)
[2017.04.11-03.38.13:483][325]LogModuleManager: Shutting down and abandoning module OculusLibrary (280)
[2017.04.11-03.38.13:483][325]LogModuleManager: Shutting down and abandoning module OculusInput (278)
[2017.04.11-03.38.13:483][325]LogModuleManager: Shutting down and abandoning module MobilePatchingUtils (276)
[2017.04.11-03.38.13:483][325]LogModuleManager: Shutting down and abandoning module CustomMeshComponent (274)
[2017.04.11-03.38.13:483][325]LogModuleManager: Shutting down and abandoning module CableComponent (272)
[2017.04.11-03.38.13:483][325]LogModuleManager: Shutting down and abandoning module ArchVisCharacter (270)
[2017.04.11-03.38.13:483][325]LogModuleManager: Shutting down and abandoning module MediaPlayerEditor (266)
[2017.04.11-03.38.13:483][325]LogModuleManager: Shutting down and abandoning module HTML5Networking (264)
[2017.04.11-03.38.13:483][325]LogModuleManager: Shutting down and abandoning module AlembicImporter (262)
[2017.04.11-03.38.13:483][325]LogModuleManager: Shutting down and abandoning module AlembicLibrary (261)
[2017.04.11-03.38.13:483][325]LogModuleManager: Shutting down and abandoning module GeometryCache (260)
[2017.04.11-03.38.13:483][325]LogModuleManager: Shutting down and abandoning module GeometryCacheEd (259)
[2017.04.11-03.38.13:483][325]LogModuleManager: Shutting down and abandoning module SuperSearchEditor (254)
[2017.04.11-03.38.13:483][325]LogModuleManager: Shutting down and abandoning module SuperSearch (253)
[2017.04.11-03.38.13:483][325]LogModuleManager: Shutting down and abandoning module SpeedTreeImporter (250)
[2017.04.11-03.38.13:483][325]LogModuleManager: Shutting down and abandoning module PluginBrowser (248)
[2017.04.11-03.38.13:483][325]LogModuleManager: Shutting down and abandoning module MobileLauncherProfileWizard (246)
[2017.04.11-03.38.13:483][325]LogModuleManager: Shutting down and abandoning module EpicSurvey (244)
[2017.04.11-03.38.13:483][325]LogModuleManager: Shutting down and abandoning module VisualStudioSourceCodeAccess (242)
[2017.04.11-03.38.13:483][325]LogModuleManager: Shutting down and abandoning module DesktopPlatform (241)
[2017.04.11-03.38.13:484][325]LogModuleManager: Shutting down and abandoning module UObjectPlugin (238)
[2017.04.11-03.38.13:484][325]LogModuleManager: Shutting down and abandoning module SubversionSourceControl (236)
[2017.04.11-03.38.13:484][325]LogModuleManager: Shutting down and abandoning module PerforceSourceControl (234)
[2017.04.11-03.38.13:484][325]LogModuleManager: Shutting down and abandoning module GitSourceControl (232)
[2017.04.11-03.38.13:484][325]LogModuleManager: Shutting down and abandoning module SourceControl (231)
[2017.04.11-03.38.13:484][325]LogModuleManager: Shutting down and abandoning module LightPropagationVolumeEditor (228)
[2017.04.11-03.38.13:484][325]LogModuleManager: Shutting down and abandoning module PaperTiledImporter (226)
[2017.04.11-03.38.13:484][325]LogModuleManager: Shutting down and abandoning module PaperSpriteSheetImporter (224)
[2017.04.11-03.38.13:484][325]LogModuleManager: Shutting down and abandoning module Paper2DEditor (222)
[2017.04.11-03.38.13:484][325]LogModuleManager: Shutting down and abandoning module MeshPaint (221)
[2017.04.11-03.38.13:484][325]LogModuleManager: Shutting down and abandoning module LevelEditor (219)
[2017.04.11-03.38.13:484][325]LogModuleManager: Shutting down and abandoning module PixelInspectorModule (218)
[2017.04.11-03.38.13:484][325]LogModuleManager: Shutting down and abandoning module MainFrame (216)
[2017.04.11-03.38.13:485][325]LogModuleManager: Shutting down and abandoning module HotReload (215)
[2017.04.11-03.38.13:485][325]LogDirectoryWatcher: A directory notification for 'C:/Users/Morgan/Desktop/Github/FalloutMMO/RealisticProjectilePhysic/Binaries/Win64' was aborted.
[2017.04.11-03.38.13:485][325]LogModuleManager: Shutting down and abandoning module ContentBrowser (211)
[2017.04.11-03.38.13:486][325]LogModuleManager: Shutting down and abandoning module RealisticProjectilePhysic (208)
[2017.04.11-03.38.13:486][325]LogModuleManager: Shutting down and abandoning module PhysXVehiclesEditor (206)
[2017.04.11-03.38.13:486][325]LogModuleManager: Shutting down and abandoning module PhysXVehicles (204)
[2017.04.11-03.38.13:486][325]LogModuleManager: Shutting down and abandoning module LocationServicesBPLibrary (202)
[2017.04.11-03.38.13:486][325]LogModuleManager: Shutting down and abandoning module UdpMessaging (200)
[2017.04.11-03.38.13:587][325]LogModuleManager: Shutting down and abandoning module TcpMessaging (198)
[2017.04.11-03.38.13:688][325]LogModuleManager: Shutting down and abandoning module GameplayTagsEditor (196)
[2017.04.11-03.38.13:688][325]LogModuleManager: Shutting down and abandoning module FacialAnimationEditor (194)
[2017.04.11-03.38.13:688][325]LogModuleManager: Shutting down and abandoning module FacialAnimation (192)
[2017.04.11-03.38.13:688][325]LogModuleManager: Shutting down and abandoning module LightPropagationVolumeRuntime (190)
[2017.04.11-03.38.13:688][325]LogModuleManager: Shutting down and abandoning module Paper2D (188)
[2017.04.11-03.38.13:688][325]LogModuleManager: Shutting down and abandoning module WindowsMoviePlayer (186)
[2017.04.11-03.38.13:688][325]LogModuleManager: Shutting down and abandoning module WmfMedia (184)
[2017.04.11-03.38.13:688][325]LogModuleManager: Shutting down and abandoning module MfMedia (182)
[2017.04.11-03.38.13:688][325]LogModuleManager: Shutting down and abandoning module MediaAssets (180)
[2017.04.11-03.38.13:688][325]LogModuleManager: Shutting down and abandoning module GameLiveStreaming (178)
[2017.04.11-03.38.13:688][325]LogModuleManager: Shutting down and abandoning module VREditor (176)
[2017.04.11-03.38.13:688][325]LogModuleManager: Shutting down and abandoning module GameplayTasksEditor (174)
[2017.04.11-03.38.13:688][325]LogModuleManager: Shutting down and abandoning module BehaviorTreeEditor (172)
[2017.04.11-03.38.13:688][325]LogModuleManager: Shutting down and abandoning module FunctionalTesting (170)
[2017.04.11-03.38.13:688][325]LogModuleManager: Shutting down and abandoning module CollisionAnalyzer (168)
[2017.04.11-03.38.13:688][325]LogModuleManager: Shutting down and abandoning module UMG (166)
[2017.04.11-03.38.13:688][325]LogModuleManager: Shutting down and abandoning module UMGEditor (165)
[2017.04.11-03.38.13:688][325]LogModuleManager: Shutting down and abandoning module Sequencer (164)
[2017.04.11-03.38.13:688][325]LogModuleManager: Shutting down and abandoning module AssetTools (162)
[2017.04.11-03.38.13:688][325]LogModuleManager: Shutting down and abandoning module MessageLog (161)
[2017.04.11-03.38.13:688][325]LogModuleManager: Shutting down and abandoning module WorkspaceMenuStructure (160)
[2017.04.11-03.38.13:688][325]LogModuleManager: Shutting down and abandoning module SlateReflector (154)
[2017.04.11-03.38.13:688][325]LogModuleManager: Shutting down and abandoning module Slate (152)
[2017.04.11-03.38.13:688][325]LogModuleManager: Shutting down and abandoning module EditorStyle (150)
[2017.04.11-03.38.13:691][325]LogModuleManager: Shutting down and abandoning module SourceCodeAccess (148)
[2017.04.11-03.38.13:691][325]LogModuleManager: Shutting down and abandoning module HeadMountedDisplay (146)
[2017.04.11-03.38.13:691][325]LogModuleManager: Shutting down and abandoning module XAudio2 (144)
[2017.04.11-03.38.13:691][325]LogModuleManager: Shutting down and abandoning module Networking (142)
[2017.04.11-03.38.13:691][325]LogModuleManager: Shutting down and abandoning module Core (138)
[2017.04.11-03.38.13:691][325]LogModuleManager: Shutting down and abandoning module AssetRegistry (136)
[2017.04.11-03.38.13:882][325]LogDirectoryWatcher: A directory notification for '../../../Engine/Content/' was aborted.
[2017.04.11-03.38.13:882][325]LogDirectoryWatcher: A directory notification for '../../../../../Users/Morgan/Desktop/Github/FalloutMMO/RealisticProjectilePhysic/Content/' was aborted.
[2017.04.11-03.38.13:882][325]LogDirectoryWatcher: A directory notification for '../../../Engine/Plugins/2D/Paper2D/Content/' was aborted.
[2017.04.11-03.38.13:882][325]LogModuleManager: Shutting down and abandoning module DirectoryWatcher (135)
[2017.04.11-03.38.13:882][325]LogModuleManager: Shutting down and abandoning module KismetCompiler (132)
[2017.04.11-03.38.13:882][325]LogModuleManager: Shutting down and abandoning module PhysXFormats (130)
[2017.04.11-03.38.13:882][325]LogModuleManager: Shutting down and abandoning module MeshUtilities (128)
[2017.04.11-03.38.13:882][325]LogModuleManager: Shutting down and abandoning module QuadricMeshReduction (127)
[2017.04.11-03.38.13:882][325]LogModuleManager: Shutting down and abandoning module PropertyEditor (125)
[2017.04.11-03.38.13:882][325]LogModuleManager: Shutting down and abandoning module DerivedDataCache (122)
[2017.04.11-03.38.14:078][325]LogDerivedDataCache: Shutdown
[2017.04.11-03.38.14:078][325]LogModuleManager: Shutting down and abandoning module TargetPlatform (120)
[2017.04.11-03.38.14:078][325]LogModuleManager: Shutting down and abandoning module VulkanShaderFormat (119)
[2017.04.11-03.38.14:078][325]LogModuleManager: Shutting down and abandoning module MetalShaderFormat (117)
[2017.04.11-03.38.14:078][325]LogModuleManager: Shutting down and abandoning module ShaderFormatD3D (115)
[2017.04.11-03.38.14:078][325]LogModuleManager: Shutting down and abandoning module ShaderFormatOpenGL (113)
[2017.04.11-03.38.14:078][325]LogModuleManager: Shutting down and abandoning module TextureFormatUncompressed (111)
[2017.04.11-03.38.14:078][325]LogModuleManager: Shutting down and abandoning module TextureFormatASTC (109)
[2017.04.11-03.38.14:078][325]LogModuleManager: Shutting down and abandoning module ImageWrapper (108)
[2017.04.11-03.38.14:078][325]LogModuleManager: Shutting down and abandoning module TextureFormatPVR (105)
[2017.04.11-03.38.14:078][325]LogModuleManager: Shutting down and abandoning module TextureFormatDXT (103)
[2017.04.11-03.38.14:078][325]LogModuleManager: Shutting down and abandoning module TextureFormatIntelISPCTexComp (101)
[2017.04.11-03.38.14:078][325]LogModuleManager: Shutting down and abandoning module AudioFormatOpus (99)
[2017.04.11-03.38.14:078][325]LogModuleManager: Shutting down and abandoning module AudioFormatOgg (97)
[2017.04.11-03.38.14:078][325]LogModuleManager: Shutting down and abandoning module AudioFormatADPCM (95)
[2017.04.11-03.38.14:078][325]LogModuleManager: Shutting down and abandoning module TVOSTargetPlatform (93)
[2017.04.11-03.38.14:078][325]LogModuleManager: Shutting down and abandoning module Messaging (91)
[2017.04.11-03.38.14:078][325]LogModuleManager: Shutting down and abandoning module IOSTargetPlatform (89)
[2017.04.11-03.38.14:078][325]LogModuleManager: Shutting down and abandoning module HTML5TargetPlatform (87)
[2017.04.11-03.38.14:078][325]LogModuleManager: Shutting down and abandoning module Android_MultiTargetPlatform (85)
[2017.04.11-03.38.14:078][325]LogModuleManager: Shutting down and abandoning module Android_ASTCTargetPlatform (83)
[2017.04.11-03.38.14:079][325]LogModuleManager: Shutting down and abandoning module Android_ETC2TargetPlatform (81)
[2017.04.11-03.38.14:079][325]LogModuleManager: Shutting down and abandoning module Android_ETC1TargetPlatform (79)
[2017.04.11-03.38.14:079][325]LogModuleManager: Shutting down and abandoning module Android_DXTTargetPlatform (77)
[2017.04.11-03.38.14:079][325]LogModuleManager: Shutting down and abandoning module Android_ATCTargetPlatform (75)
[2017.04.11-03.38.14:079][325]LogModuleManager: Shutting down and abandoning module Android_PVRTCTargetPlatform (73)
[2017.04.11-03.38.14:079][325]LogModuleManager: Shutting down and abandoning module AndroidTargetPlatform (71)
[2017.04.11-03.38.14:079][325]LogModuleManager: Shutting down and abandoning module AllDesktopTargetPlatform (69)
[2017.04.11-03.38.14:079][325]LogModuleManager: Shutting down and abandoning module WindowsClientTargetPlatform (67)
[2017.04.11-03.38.14:079][325]LogModuleManager: Shutting down and abandoning module WindowsServerTargetPlatform (65)
[2017.04.11-03.38.14:079][325]LogModuleManager: Shutting down and abandoning module WindowsNoEditorTargetPlatform (63)
[2017.04.11-03.38.14:079][325]LogModuleManager: Shutting down and abandoning module WindowsTargetPlatform (61)
[2017.04.11-03.38.14:079][325]LogModuleManager: Shutting down and abandoning module MacClientTargetPlatform (59)
[2017.04.11-03.38.14:079][325]LogModuleManager: Shutting down and abandoning module MacServerTargetPlatform (57)
[2017.04.11-03.38.14:079][325]LogModuleManager: Shutting down and abandoning module MacNoEditorTargetPlatform (55)
[2017.04.11-03.38.14:079][325]LogModuleManager: Shutting down and abandoning module MacTargetPlatform (53)
[2017.04.11-03.38.14:079][325]LogModuleManager: Shutting down and abandoning module InputCore (50)
[2017.04.11-03.38.14:079][325]LogModuleManager: Shutting down and abandoning module Settings (48)
[2017.04.11-03.38.14:079][325]LogModuleManager: Shutting down and abandoning module OculusRift (46)
[2017.04.11-03.38.14:079][325]LogModuleManager: Shutting down and abandoning module GearVR (44)
[2017.04.11-03.38.14:079][325]LogModuleManager: Shutting down and abandoning module ExampleDeviceProfileSelector (42)
[2017.04.11-03.38.14:079][325]LogModuleManager: Shutting down and abandoning module OnlineBlueprintSupport (40)
[2017.04.11-03.38.14:079][325]LogModuleManager: Shutting down and abandoning module OnlineSubsystem (36)
[2017.04.11-03.38.14:079][325]LogOnline:Display: Unloading online subsystem: NULL
[2017.04.11-03.38.14:079][325]LogModuleManager: Shutting down and abandoning module HTTP (35)
[2017.04.11-03.38.14:079][325]LogHttp:Display: Http module shutting down, but needs to wait on 1 outstanding Http requests:
[2017.04.11-03.38.14:079][325]LogHttp:Display: 	verb=[POST] url=[https://datarouter.ol.epicgames.com/datarouter/api/v1/public/data?SessionID=%7BEC5147FB-43A8-7AA6-C182-A88B19E69863%7D&AppID=UEEditor.UnrealEngine.Release&AppVersion=4.15.2-0%2B%2B%2BUE4%2BRelease-4.15&UserID=15e15f194ef547d3c57c03a1bdec014e%7Cddee15fe904e476d891d25f5ed3618ca%7C26f22762-fed7-4ff6-b9eb-7e63f3667eb2&AppEnvironment=datacollector-source&UploadType=eteventstream] status=Processing
[2017.04.11-03.38.14:090][325]LogModuleManager: Shutting down and abandoning module SSL (34)
[2017.04.11-03.38.14:091][325]LogModuleManager: Shutting down and abandoning module AudioEditor (30)
[2017.04.11-03.38.14:091][325]LogModuleManager: Shutting down and abandoning module TextureCompressor (28)
[2017.04.11-03.38.14:091][325]LogModuleManager: Shutting down and abandoning module ShaderCore (26)
[2017.04.11-03.38.14:091][325]LogModuleManager: Shutting down and abandoning module Landscape (24)
[2017.04.11-03.38.14:091][325]LogModuleManager: Shutting down and abandoning module SlateRHIRenderer (22)
[2017.04.11-03.38.14:093][325]LogModuleManager: Shutting down and abandoning module OpenGLDrv (20)
[2017.04.11-03.38.14:093][325]LogModuleManager: Shutting down and abandoning module D3D11RHI (18)
[2017.04.11-03.38.14:093][325]LogModuleManager: Shutting down and abandoning module AnimGraphRuntime (16)
[2017.04.11-03.38.14:093][325]LogModuleManager: Shutting down and abandoning module Renderer (14)
[2017.04.11-03.38.14:093][325]LogModuleManager: Shutting down and abandoning module Engine (12)
[2017.04.11-03.38.14:093][325]LogModuleManager: Shutting down and abandoning module CoreUObject (10)
[2017.04.11-03.38.14:093][325]LogModuleManager: Shutting down and abandoning module NetworkFile (8)
[2017.04.11-03.38.14:093][325]LogModuleManager: Shutting down and abandoning module StreamingFile (6)
[2017.04.11-03.38.14:093][325]LogModuleManager: Shutting down and abandoning module SandboxFile (4)
[2017.04.11-03.38.14:094][325]LogModuleManager: Shutting down and abandoning module PakFile (2)
[2017.04.11-03.38.14:095][325]LogExit: Exiting.
[2017.04.11-03.38.14:097][325]Log file closed, 04/10/17 23:38:14
