Log file open, 04/13/17 06:26:16
LogInit:Display: Running engine for game: RealisticProjectilePhysic
LogPlatformFile: Not using cached read wrapper
LogInit:Display: RandInit(-1499549154) SRandInit(-1499549154).
LogTaskGraph: Started task graph with 5 named threads and 8 total threads with 1 sets of task threads.
LogStats: Stats thread started at 0.072374
LogInit: Using libcurl 7.47.1
LogInit:  - built for x86_64-pc-win32
LogInit:  - supports SSL with OpenSSL/1.0.2g
LogInit:  - supports HTTP deflate (compression) using libz 1.2.8
LogInit:  - other features:
LogInit:      CURL_VERSION_SSL
LogInit:      CURL_VERSION_LIBZ
LogInit:      CURL_VERSION_IPV6
LogInit:      CURL_VERSION_ASYNCHDNS
LogInit:      CURL_VERSION_LARGEFILE
LogInit:      CURL_VERSION_IDN
LogInit:  CurlRequestOptions (configurable via config and command line):
LogInit:  - bVerifyPeer = false  - Libcurl will NOT verify peer certificate
LogInit:  - bUseHttpProxy = false  - Libcurl will NOT use HTTP proxy
LogInit:  - bDontReuseConnections = false  - Libcurl will reuse connections
LogInit:  - CertBundlePath = nullptr  - Libcurl will use whatever was configured at build time.
LogInit: Build: ++UE4+Release-4.15-CL-3348071
LogInit: Engine Version: 4.15.1-3348071+++UE4+Release-4.15
LogInit: Compatible Engine Version: 4.15.0-3299760+++UE4+Release-4.15
LogInit: Net CL: 3299760
LogDevObjectVersion: Number of dev versions registered: 14
LogDevObjectVersion:   Dev-Blueprints (B0D832E4-1F89-4F0D-ACCF-7EB736FD4AA2): 8
LogDevObjectVersion:   Dev-Build (E1C64328-A22C-4D53-A36C-8E866417BD8C): 0
LogDevObjectVersion:   Dev-Core (375EC13C-06E4-48FB-B500-84F0262A717E): 2
LogDevObjectVersion:   Dev-Editor (E4B068ED-F494-42E9-A231-DA0B2E46BB41): 14
LogDevObjectVersion:   Dev-Framework (CFFC743F-43B0-4480-9391-14DF171D2073): 22
LogDevObjectVersion:   Dev-Mobile (B02B49B5-BB20-44E9-A304-32B752E40360): 0
LogDevObjectVersion:   Dev-Networking (A4E4105C-59A1-49B5-A7C5-40C4547EDFEE): 0
LogDevObjectVersion:   Dev-Online (39C831C9-5AE6-47DC-9A44-9C173E1C8E7C): 0
LogDevObjectVersion:   Dev-Physics (78F01B33-EBEA-4F98-B9B4-84EACCB95AA2): 0
LogDevObjectVersion:   Dev-Platform (6631380F-2D4D-43E0-8009-CF276956A95A): 0
LogDevObjectVersion:   Dev-Rendering (12F88B9F-8875-4AFC-A67C-D90C383ABD29): 12
LogDevObjectVersion:   Dev-Sequencer (7B5AE74C-D270-4C10-A958-57980B212A5A): 3
LogDevObjectVersion:   Dev-VR (D7296918-1DD6-4BDD-9DE2-64A83CC13884): 0
LogDevObjectVersion:   Dev-LoadTimes (C2A15278-BFE7-4AFE-6C17-90FF531DF755): 1
LogInit: Compiled (64-bit): Mar 15 2017 16:52:47
LogInit: Compiled with Visual C++: 19.00.23026.00
LogInit: Build Configuration: Development
LogInit: Branch Name: ++UE4+Release-4.15
LogInit: Command line: -EpicPortal 
LogInit: Base directory: A:/Program Files/Unreal/UE_4.15/Engine/Binaries/Win64/
LogInit: Installed Engine Build: 1
LogInit: Presizing for max 8388607 objects, including 0 objects not considered by GC, pre-allocating 0 bytes for permanent pool.
LogInit: Object subsystem initialized
[2017.04.13-05.26.17:673][  0]LogInit: Selected Device Profile: [Windows]
[2017.04.13-05.26.17:673][  0]LogInit: Applying CVar settings loaded from the selected device profile: [Windows]
[2017.04.13-05.26.17:683][  0]LogInit: Computer: DESKTOP-L5G8TLJ
[2017.04.13-05.26.17:683][  0]LogInit: User: trees
[2017.04.13-05.26.17:683][  0]LogInit: CPU Page size=65536, Cores=4
[2017.04.13-05.26.17:683][  0]LogInit: High frequency timer resolution =3.421875 MHz
[2017.04.13-05.26.17:683][  0]LogMemory: Memory total: Physical=16.0GB (16GB approx)
[2017.04.13-05.26.17:683][  0]LogMemory: Platform Memory Stats for Windows
[2017.04.13-05.26.17:683][  0]LogMemory: Process Physical Memory: 262.85 MB used, 262.85 MB peak
[2017.04.13-05.26.17:683][  0]LogMemory: Process Virtual Memory: 262.41 MB used, 262.41 MB peak
[2017.04.13-05.26.17:683][  0]LogMemory: Physical Memory: 6688.69 MB used,  9645.08 MB free, 16333.77 MB total
[2017.04.13-05.26.17:683][  0]LogMemory: Virtual Memory: 644.25 MB used,  9645.08 MB free, 134217728.00 MB total
[2017.04.13-05.26.17:754][  0]LogTextLocalizationManager: No specific translations for ('en-GB') exist, so ('en') translations will be used.
[2017.04.13-05.26.18:322][  0]LogD3D11RHI: D3D11 adapters:
[2017.04.13-05.26.18:866][  0]LogD3D11RHI:    0. 'NVIDIA GeForce GTX 970' (Feature Level 11_0)
[2017.04.13-05.26.18:866][  0]LogD3D11RHI:       4059/0/8166 MB DedicatedVideo/DedicatedSystem/SharedSystem, Outputs:2, VendorId:0x10de
[2017.04.13-05.26.18:868][  0]LogD3D11RHI:    1. 'Microsoft Basic Render Driver' (Feature Level 11_0)
[2017.04.13-05.26.18:868][  0]LogD3D11RHI:       0/0/8166 MB DedicatedVideo/DedicatedSystem/SharedSystem, Outputs:0, VendorId:0x1414
[2017.04.13-05.26.18:868][  0]LogD3D11RHI: Chosen D3D11 Adapter: 0
[2017.04.13-05.26.18:872][  0]LogD3D11RHI: Creating new Direct3DDevice
[2017.04.13-05.26.18:873][  0]LogD3D11RHI:     GPU DeviceId: 0x13c2 (for the marketing name, search the web for "GPU Device Id")
[2017.04.13-05.26.18:873][  0]LogWindows: EnumDisplayDevices:
[2017.04.13-05.26.18:873][  0]LogWindows:    0. 'NVIDIA GeForce GTX 970' (P:1 D:1)
[2017.04.13-05.26.18:873][  0]LogWindows:    1. 'NVIDIA GeForce GTX 970' (P:0 D:1)
[2017.04.13-05.26.18:873][  0]LogWindows:    2. 'NVIDIA GeForce GTX 970' (P:0 D:0)
[2017.04.13-05.26.18:873][  0]LogWindows:    3. 'NVIDIA GeForce GTX 970' (P:0 D:0)
[2017.04.13-05.26.18:873][  0]LogWindows: DebugString: FoundDriverCount:4 
[2017.04.13-05.26.18:873][  0]LogD3D11RHI:     Adapter Name: NVIDIA GeForce GTX 970
[2017.04.13-05.26.18:873][  0]LogD3D11RHI:   Driver Version: 381.65 (internal:22.21.13.8165, unified:381.65)
[2017.04.13-05.26.18:873][  0]LogD3D11RHI:      Driver Date: 3-31-2017
[2017.04.13-05.26.18:873][  0]LogRHI: Texture pool is 1361 MB (70% of 1945 MB)
[2017.04.13-05.26.19:368][  0]LogD3D11RHI: Async texture creation enabled
[2017.04.13-05.26.19:393][  0]LogD3D11RHI: GPU Timing Frequency: 1000.000000 (Debug: 2 1)
[2017.04.13-05.26.19:491][  0]LogShaderCompilers: Guid format shader working directory is -3 characters bigger than the processId version (C:/Users/trees/Desktop/RealisticProjectilePhysic/Intermediate/Shaders/WorkingDirectory/15364/).
[2017.04.13-05.26.19:491][  0]LogShaderCompilers: Cleaned the shader compiler working directory 'C:/Users/trees/AppData/Local/Temp/UnrealShaderWorkingDir/A45F31C247E70282508A15BC4A1757B9/'.
[2017.04.13-05.26.19:491][  0]LogShaderCompilers:Display: Using Local Shader Compiler.
[2017.04.13-05.26.20:368][  0]LogTemp:Display: Loaded TP AllDesktopTargetPlatform
[2017.04.13-05.26.20:407][  0]LogTemp:Display: Loaded TP MacClientTargetPlatform
[2017.04.13-05.26.20:447][  0]LogTemp:Display: Loaded TP MacNoEditorTargetPlatform
[2017.04.13-05.26.20:485][  0]LogTemp:Display: Loaded TP MacServerTargetPlatform
[2017.04.13-05.26.20:525][  0]LogTemp:Display: Loaded TP MacTargetPlatform
[2017.04.13-05.26.20:564][  0]LogTemp:Display: Loaded TP WindowsClientTargetPlatform
[2017.04.13-05.26.20:605][  0]LogTemp:Display: Loaded TP WindowsNoEditorTargetPlatform
[2017.04.13-05.26.20:645][  0]LogTemp:Display: Loaded TP WindowsServerTargetPlatform
[2017.04.13-05.26.20:675][  0]LogTemp:Display: Loaded TP WindowsTargetPlatform
[2017.04.13-05.26.20:714][  0]LogTemp:Display: Loaded TP AndroidTargetPlatform
[2017.04.13-05.26.20:752][  0]LogTemp:Display: Loaded TP Android_ASTCTargetPlatform
[2017.04.13-05.26.20:790][  0]LogTemp:Display: Loaded TP Android_ATCTargetPlatform
[2017.04.13-05.26.20:829][  0]LogTemp:Display: Loaded TP Android_DXTTargetPlatform
[2017.04.13-05.26.20:870][  0]LogTemp:Display: Loaded TP Android_ETC1TargetPlatform
[2017.04.13-05.26.20:908][  0]LogTemp:Display: Loaded TP Android_ETC2TargetPlatform
[2017.04.13-05.26.20:986][  0]LogTemp:Display: Loaded TP Android_MultiTargetPlatform
[2017.04.13-05.26.20:986][  0]LogTemp:Display: Loaded TP Android_PVRTCTargetPlatform
[2017.04.13-05.26.21:010][  0]LogTemp:Display: Loaded TP HTML5TargetPlatform
[2017.04.13-05.26.21:085][  0]LogTemp:Display: Loaded TP IOSTargetPlatform
[2017.04.13-05.26.21:112][  0]LogTemp:Display: Loaded TP TVOSTargetPlatform
[2017.04.13-05.26.21:150][  0]LogTemp:Display: Loaded TP LinuxClientTargetPlatform
[2017.04.13-05.26.21:189][  0]LogTemp:Display: Loaded TP LinuxNoEditorTargetPlatform
[2017.04.13-05.26.21:229][  0]LogTemp:Display: Loaded TP LinuxServerTargetPlatform
[2017.04.13-05.26.21:271][  0]LogTemp:Display: Loaded TP LinuxTargetPlatform
[2017.04.13-05.26.21:271][  0]LogTargetPlatformManager:Display: Building Assets For Windows
[2017.04.13-05.26.21:549][  0]LogDerivedDataCache:Display: Max Cache Size: 512 MB
[2017.04.13-05.26.21:596][  0]LogDerivedDataCache: Loaded boot cache 0.05s 50MB C:/Users/trees/AppData/Local/UnrealEngine/4.15/DerivedDataCache/Boot.ddc.
[2017.04.13-05.26.21:596][  0]LogDerivedDataCache:Display: Loaded Boot cache: C:/Users/trees/AppData/Local/UnrealEngine/4.15/DerivedDataCache/Boot.ddc
[2017.04.13-05.26.21:596][  0]LogDerivedDataCache: FDerivedDataBackendGraph:  Pak pak cache file C:/Users/trees/Desktop/RealisticProjectilePhysic/DerivedDataCache/DDC.ddp not found, will not use a pak cache.
[2017.04.13-05.26.21:596][  0]LogDerivedDataCache: Unable to find inner node Pak for hierarchical cache Hierarchy.
[2017.04.13-05.26.21:596][  0]LogDerivedDataCache: FDerivedDataBackendGraph:  CompressedPak pak cache file C:/Users/trees/Desktop/RealisticProjectilePhysic/DerivedDataCache/Compressed.ddp not found, will not use a pak cache.
[2017.04.13-05.26.21:596][  0]LogDerivedDataCache: Unable to find inner node CompressedPak for hierarchical cache Hierarchy.
[2017.04.13-05.26.21:612][  0]LogDerivedDataCache:Display: Pak cache opened for reading ../../../Engine/DerivedDataCache/Compressed.ddp.
[2017.04.13-05.26.21:624][  0]LogDerivedDataCache: Using Local data cache path C:/Users/trees/AppData/Local/UnrealEngine/Common/DerivedDataCache: Writable
[2017.04.13-05.26.21:632][  0]LogSlate: Using Freetype 2.6.0
[2017.04.13-05.26.21:633][  0]LogSlate: SlateFontCache - WITH_FREETYPE: 1, WITH_HARFBUZZ: 1
[2017.04.13-05.26.21:633][  0]LogSlate: SlateFontCache - WITH_FREETYPE: 1, WITH_HARFBUZZ: 1
[2017.04.13-05.26.21:841][  0]LogInit: Selected Device Profile: [Windows]
[2017.04.13-05.26.21:843][  0]LogContentStreaming: Texture pool size is 0.00 MB
[2017.04.13-05.26.21:989][  0]LogMeshUtilities: Using QuadricMeshReduction for automatic static mesh reduction
[2017.04.13-05.26.22:017][  0]LogSimplygon: Simplygon DLL not present - disabling.
[2017.04.13-05.26.22:044][  0]LogMeshUtilities: Using SimplygonSwarm for distributed automatic mesh merging
[2017.04.13-05.26.22:044][  0]LogMeshUtilities: No automatic skeletal mesh reduction module available
[2017.04.13-05.26.22:044][  0]LogMeshUtilities: No automatic mesh merging module available
[2017.04.13-05.26.22:472][  0]LogNetVersion: GetLocalNetworkVersion: CL: 3299760, ProjectName: realisticprojectilephysic, ProjectVersion: , EngineNetworkVersion: 2, GameNetworkVersion: 0, NetworkChecksum: 3713073951
[2017.04.13-05.26.22:508][  0]LogAssetRegistry: FAssetRegistry took 0.0214 seconds to start up
[2017.04.13-05.26.22:543][  0]LogPackageLocalizationCache: Processed 3 localized package path(s) for 2 prioritized culture(s) in 0.020986 seconds
[2017.04.13-05.26.22:548][  0]LogUObjectArray: 32493 objects as part of root set at end of initial load.
[2017.04.13-05.26.22:548][  0]LogUObjectAllocator: 7077024 out of 0 bytes used by permanent object pool.
[2017.04.13-05.26.22:548][  0]LogUObjectArray: CloseDisregardForGC: 0/0 objects in disregard for GC pool
[2017.04.13-05.26.22:586][  0]LogInit: WinSock: version 1.1 (2.2), MaxSocks=32767, MaxUdp=65467
[2017.04.13-05.26.23:706][  0]LogTcpMessaging: Initializing TcpMessaging bridge
[2017.04.13-05.26.23:734][  0]LogUdpMessaging: Initializing bridge on interface 0.0.0.0:0 to multicast group 230.0.0.1:6666.
[2017.04.13-05.26.24:073][  0]LogMaterial: Uniform references updated for custom material expression Custom.
[2017.04.13-05.26.24:320][  0]SourceControl: Info Source control is disabled
[2017.04.13-05.26.24:350][  0]SourceControl: Info Source control is disabled
[2017.04.13-05.26.24:379][  0]SourceControl: Info Source control is disabled
[2017.04.13-05.26.24:408][  0]SourceControl: Info Source control is disabled
[2017.04.13-05.26.25:187][  0]LogEngine: Initializing Engine...
[2017.04.13-05.26.25:188][  0]LogHMD: Failed to initialize OpenVR with code 101
[2017.04.13-05.26.25:361][  0]LogAIModule: Creating AISystem for world Untitled
[2017.04.13-05.26.25:375][  0]LogInit: XAudio2 using 'Headset Earphone (2- Razer Kraken 7.1 Chroma)' : 2 channels at 44.1 kHz using 16 bits per sample (channel mask 0x3)
[2017.04.13-05.26.25:405][  0]LogInit: FAudioDevice initialized.
[2017.04.13-05.26.25:424][  0]LogDerivedDataCache: Saved boot cache 0.02s 50MB C:/Users/trees/AppData/Local/UnrealEngine/4.15/DerivedDataCache/Boot.ddc.
[2017.04.13-05.26.25:429][  0]LogInit: Texture streaming: Enabled
[2017.04.13-05.26.25:490][  0]LogEngineSessionManager: EngineSessionManager initialized
[2017.04.13-05.26.25:549][  0]LogInit: Transaction tracking system initialized
[2017.04.13-05.26.25:769][  0]BlueprintLog: New page: Editor Load
[2017.04.13-05.26.26:327][  0]LocalizationService: Info Localization service is disabled
[2017.04.13-05.26.26:754][  0]LogConsoleResponse:Display: 
[2017.04.13-05.26.26:858][  0]LogCook:Display: Max memory allowance for cook 16384mb min free memory 0mb
[2017.04.13-05.26.26:858][  0]LogCook:Display: Mobile HDR setting 1
[2017.04.13-05.26.27:488][  0]LogFileCache: Scanning file cache for directory 'C:/Users/trees/Desktop/RealisticProjectilePhysic/Content/' took 0.02s
[2017.04.13-05.26.27:488][  0]SourceControl: Info Source control is disabled
[2017.04.13-05.26.27:489][  0]Cmd: MAP LOAD FILE="C:/Users/trees/Desktop/RealisticProjectilePhysic/Content/Maps/Main.umap" TEMPLATE=0 SHOWPROGRESS=1 FEATURELEVEL=3
[2017.04.13-05.26.27:489][  0]LightingResults: New page: Lighting Build
[2017.04.13-05.26.27:514][  0]MapCheck: New page: Map Check
[2017.04.13-05.26.27:514][  0]LightingResults: New page: Lighting Build
[2017.04.13-05.26.33:287][  0]LogAIModule: Creating AISystem for world Main
[2017.04.13-05.26.34:206][  0]LogEditorServer: Finished looking for orphan Actors (0.000 secs)
[2017.04.13-05.26.34:206][  0]Cmd: MAP CHECKDEP NOCLEARLOG
[2017.04.13-05.26.34:243][  0]MapCheck: Info Map check complete: 0 Error(s), 0 Warning(s), took 36.458ms to complete.
[2017.04.13-05.26.34:243][  0]LogFileHelpers: Loading map 'Main' took 6.754
[2017.04.13-05.26.34:320][  0]LogWindowsTextInputMethodSystem:Display: IME system now deactivated.
[2017.04.13-05.26.34:418][  0]LogCollectionManager: Loaded 1 collections in 0.000951 seconds
[2017.04.13-05.26.34:486][  0]LogFileCache: Scanning file cache for directory 'C:/Users/trees/Desktop/RealisticProjectilePhysic/Saved/Collections/' took 0.01s
[2017.04.13-05.26.34:486][  0]LogFileCache: Scanning file cache for directory 'C:/Users/trees/Desktop/RealisticProjectilePhysic/Content/Developers/trees/Collections/' took 0.01s
[2017.04.13-05.26.34:486][  0]LogFileCache: Scanning file cache for directory 'C:/Users/trees/Desktop/RealisticProjectilePhysic/Content/Collections/' took 0.01s
[2017.04.13-05.26.34:486][  0]LogCollectionManager: Rebuilt the GUID cache for 1 collections in 0.000003 seconds
[2017.04.13-05.26.34:486][  0]LogCollectionManager: Rebuilt the hierarchy cache for 1 collections in 0.000000 seconds
[2017.04.13-05.26.34:495][  0]LogContentBrowser: Native class hierarchy populated in 0.0093 seconds. Added 2246 classes and 456 folders.
[2017.04.13-05.26.34:498][  0]LogStats: UGameplayTagsManager::ConstructGameplayTagTree: Construct from data asset -  0.000 s
[2017.04.13-05.26.34:498][  0]LogStats: UGameplayTagsManager::ConstructGameplayTagTree: GameplayTagTreeChangedEvent.Broadcast -  0.000 s
[2017.04.13-05.26.34:538][  0]LogContentBrowser: Native class hierarchy updated for 'WidgetCarousel' in 0.0015 seconds. Added 0 classes and 0 folders.
[2017.04.13-05.26.34:568][  0]LogContentBrowser: Native class hierarchy updated for 'AddContentDialog' in 0.0016 seconds. Added 0 classes and 0 folders.
[2017.04.13-05.26.34:597][  0]LogContentBrowser: Native class hierarchy updated for 'SceneOutliner' in 0.0018 seconds. Added 1 classes and 2 folders.
[2017.04.13-05.26.34:635][  0]LogCrashTracker: Crashtracker disabled due to settings.
[2017.04.13-05.26.34:643][  0]LogUObjectGlobals:Warning: Failed to find object 'Class None.'
[2017.04.13-05.26.34:703][  0]LogContentBrowser: Native class hierarchy updated for 'HierarchicalLODOutliner' in 0.0015 seconds. Added 1 classes and 2 folders.
[2017.04.13-05.26.34:703][  0]LogLoad: (Engine Initialization) Total time: 18.65 seconds
[2017.04.13-05.26.34:703][  0]LogLoad: (Engine Initialization) Total Blueprint compile time: 0.07 seconds
[2017.04.13-05.26.34:703][  0]LogExternalProfiler: Found external profiler: VSPerf
[2017.04.13-05.26.34:703][  0]LogExternalProfiler: Using external profiler: VSPerf
[2017.04.13-05.26.34:713][  0]LogOcInput: OculusInput pre-init called
[2017.04.13-05.26.34:744][  0]LogContentStreaming: Texture pool size now 1000 MB
[2017.04.13-05.26.34:748][  0]LogSlate: Took 0.000185 seconds to synchronously load lazily loaded font '../../../Engine/Content/Slate/Fonts/Roboto-Regular.ttf' (155K)
[2017.04.13-05.26.34:751][  0]LogSlate: Took 0.000238 seconds to synchronously load lazily loaded font '../../../Engine/Content/Slate/Fonts/Roboto-Bold.ttf' (160K)
[2017.04.13-05.26.34:756][  0]LogSlate: Took 0.000248 seconds to synchronously load lazily loaded font '../../../Engine/Content/Editor/Slate/Fonts/FontAwesome.ttf' (139K)
[2017.04.13-05.26.34:759][  0]LogSlate: Took 0.000217 seconds to synchronously load lazily loaded font '../../../Engine/Content/Slate/Fonts/Roboto-Light.ttf' (159K)
[2017.04.13-05.26.34:906][  0]LogRenderer: Reallocating scene render targets to support 1208x576 NumSamples 1 (Frame:2).
[2017.04.13-05.26.34:991][  1]LogFileCache: Retrieving MD5 hashes for directory 'C:/Users/trees/Desktop/RealisticProjectilePhysic/Content/' took 0.27s
[2017.04.13-05.26.35:003][  1]LogAssetRegistry: Asset discovery search completed in 12.5162 seconds
[2017.04.13-05.26.35:003][  1]LogCollectionManager: Rebuilt the object cache for 1 collections in 0.000006 seconds (found 0 objects)
[2017.04.13-05.26.35:003][  1]LogCollectionManager: Fixed up redirectors for 1 collections in 0.000017 seconds (updated 0 objects)
[2017.04.13-05.26.46:064][750]LogTemp: Repeting last play command: Selected Viewport
[2017.04.13-05.26.46:091][750]LogBlueprintUserMessages: Early PlayInEditor Detection: Level '/Game/Maps/Main.Main:PersistentLevel' has LevelScriptBlueprint '/Game/Maps/Main.Main:PersistentLevel.Main' with GeneratedClass '/Game/Maps/Main.Main_C' with ClassGeneratedBy '/Game/Maps/Main.Main:PersistentLevel.Main'
[2017.04.13-05.26.46:091][750]LogPlayLevel: PlayLevel: No blueprints needed recompiling
[2017.04.13-05.26.46:116][750]PIE: New page: PIE session: Main (13 Apr 2017 07:26:46)
[2017.04.13-05.26.46:120][750]LogPlayLevel: Creating play world package: /Game/Maps/UEDPIE_1_Main
[2017.04.13-05.26.48:454][750]LogPlayLevel: PIE: StaticDuplicateObject took: (2.334126s)
[2017.04.13-05.26.48:455][750]LogAIModule: Creating AISystem for world Main
[2017.04.13-05.26.48:455][750]LogPlayLevel: PIE: World Init took: (0.000869s)
[2017.04.13-05.26.48:456][750]LogPlayLevel: PIE: Created PIE world by copying editor world from /Game/Maps/Main.Main to /Game/Maps/UEDPIE_1_Main.Main (2.339687s)
[2017.04.13-05.26.48:479][750]LogInit: XAudio2 using 'Headset Earphone (2- Razer Kraken 7.1 Chroma)' : 2 channels at 44.1 kHz using 16 bits per sample (channel mask 0x3)
[2017.04.13-05.26.48:503][750]LogInit: FAudioDevice initialized.
[2017.04.13-05.26.49:003][750]LogBlueprint:Warning: [Compiler AnimBP_Footsteps_1P] Warning Node  Blendspace Player 'BS_Jog_1D'  uses potentially thread-unsafe call Get Play Rate. Disable threaded update or use a thread-safe call. Function may need BlueprintThreadSafe metadata adding.
[2017.04.13-05.26.49:003][750]LogBlueprint:Warning: [Compiler AnimBP_Footsteps_1P] Warning Node  Blendspace Player 'BS_Ironsights_1D'  uses potentially thread-unsafe call Get Play Rate. Disable threaded update or use a thread-safe call. Function may need BlueprintThreadSafe metadata adding.
[2017.04.13-05.26.49:003][750]LogBlueprint:Warning: [Compiler AnimBP_Footsteps_1P] Warning [0032.95] Compile of AnimBP_Footsteps_1P successful, but with 2 Warning(s) [in 15 ms] (/Game/ProjectilePhysics/Mannequin/Animations/AnimBP_Footsteps_1P.AnimBP_Footsteps_1P)
[2017.04.13-05.26.49:003][750]LogBlueprint:Warning: [Compiler AnimBP_Footsteps_1P] Warning [0032.95] Compile of AnimBP_Footsteps_1P successful, but with 3 Warning(s) [in 0 ms] (/Game/ProjectilePhysics/Mannequin/Animations/AnimBP_Footsteps_1P.AnimBP_Footsteps_1P)
[2017.04.13-05.26.49:003][750]LogBlueprint:Warning: [Compiler AnimBP_Footsteps_1P] Warning [0032.95] Compile of AnimBP_Footsteps_1P successful, but with 4 Warning(s) [in 0 ms] (/Game/ProjectilePhysics/Mannequin/Animations/AnimBP_Footsteps_1P.AnimBP_Footsteps_1P)
[2017.04.13-05.26.49:022][750]LogBlueprint:Warning: [Compiler AnimBP_Footsteps_1P] Warning Node  Blendspace Player 'BS_Jog_1D'  uses potentially thread-unsafe call Get Play Rate. Disable threaded update or use a thread-safe call. Function may need BlueprintThreadSafe metadata adding.
[2017.04.13-05.26.49:022][750]LogBlueprint:Warning: [Compiler AnimBP_Footsteps_1P] Warning Node  Blendspace Player 'BS_Ironsights_1D'  uses potentially thread-unsafe call Get Play Rate. Disable threaded update or use a thread-safe call. Function may need BlueprintThreadSafe metadata adding.
[2017.04.13-05.26.49:022][750]LogBlueprint:Warning: [Compiler AnimBP_Footsteps_1P] Warning [0032.97] Compile of AnimBP_Footsteps_1P successful, but with 2 Warning(s) [in 17 ms] (/Game/ProjectilePhysics/Mannequin/Animations/AnimBP_Footsteps_1P.AnimBP_Footsteps_1P)
[2017.04.13-05.26.49:022][750]LogBlueprint:Warning: [Compiler AnimBP_Footsteps_1P] Warning [0032.97] Compile of AnimBP_Footsteps_1P successful, but with 3 Warning(s) [in 0 ms] (/Game/ProjectilePhysics/Mannequin/Animations/AnimBP_Footsteps_1P.AnimBP_Footsteps_1P)
[2017.04.13-05.26.49:023][750]LogBlueprint:Warning: [Compiler AnimBP_Footsteps_1P] Warning [0032.97] Compile of AnimBP_Footsteps_1P successful, but with 4 Warning(s) [in 0 ms] (/Game/ProjectilePhysics/Mannequin/Animations/AnimBP_Footsteps_1P.AnimBP_Footsteps_1P)
[2017.04.13-05.26.49:219][750]LogLinker:Warning: Can't find file '/Game/ProjectilePhysics/Meshes/SK_AK47'
[2017.04.13-05.26.49:219][750]LoadErrors: Info Failed to load /Game/ProjectilePhysics/Meshes/SK_AK47.SK_AK47 Referenced by 1P_Gun_GEN_VARIABLE
[2017.04.13-05.26.49:219][750]LogLinker:Warning: Can't find file for asset '/Game/ProjectilePhysics/Meshes/SK_AK47' while loading C:/Users/trees/Desktop/RealisticProjectilePhysic/Content/ProjectilePhysics/Blueprints/BP_MP_Projectile_Base.uasset.
[2017.04.13-05.26.49:219][750]LoadErrors:Error: Error /Game/ProjectilePhysics/Blueprints/BP_MP_Projectile_Base : Can't find file for asset. /Game/ProjectilePhysics/Meshes/SK_AK47
[2017.04.13-05.26.49:219][750]LogLinker:Warning: Can't find file '/Game/ProjectilePhysics/Meshes/SK_AK47'
[2017.04.13-05.26.49:219][750]LoadErrors: Info Failed to load /Game/ProjectilePhysics/Meshes/SK_AK47.SK_AK47 Referenced by 3P_Gun_GEN_VARIABLE
[2017.04.13-05.26.49:219][750]LogLinker:Warning: Can't find file for asset '/Game/ProjectilePhysics/Meshes/SK_AK47' while loading C:/Users/trees/Desktop/RealisticProjectilePhysic/Content/ProjectilePhysics/Blueprints/BP_MP_Projectile_Base.uasset.
[2017.04.13-05.26.49:242][750]LogLinker:Warning: Can't find file '/Game/ProjectilePhysics/Meshes/SM_BananMag'
[2017.04.13-05.26.49:242][750]LoadErrors: Info Failed to load /Game/ProjectilePhysics/Meshes/SM_BananMag.SM_BananMag Referenced by Mag_GEN_VARIABLE
[2017.04.13-05.26.49:242][750]LogLinker:Warning: Can't find file for asset '/Game/ProjectilePhysics/Meshes/SM_BananMag' while loading C:/Users/trees/Desktop/RealisticProjectilePhysic/Content/ProjectilePhysics/Blueprints/BP_MP_Projectile_Base.uasset.
[2017.04.13-05.26.49:242][750]LoadErrors:Error: Error /Game/ProjectilePhysics/Blueprints/BP_MP_Projectile_Base : Can't find file for asset. /Game/ProjectilePhysics/Meshes/SM_BananMag
[2017.04.13-05.26.49:249][750]LogLinker:Warning: Can't find file '/Game/ProjectilePhysics/Effects/p_muzzle_smoke'
[2017.04.13-05.26.49:249][750]LogLinker:Warning: Can't find file for asset '/Game/ProjectilePhysics/Effects/p_muzzle_smoke' while loading C:/Users/trees/Desktop/RealisticProjectilePhysic/Content/ProjectilePhysics/Blueprints/BP_MP_Projectile_Base.uasset.
[2017.04.13-05.26.49:249][750]LoadErrors:Error: Error /Game/ProjectilePhysics/Blueprints/BP_MP_Projectile_Base : Can't find file for asset. /Game/ProjectilePhysics/Effects/p_muzzle_smoke
[2017.04.13-05.26.49:249][750]LogLinker:Warning: Can't find file '/Game/ProjectilePhysics/Meshes/SK_AK47'
[2017.04.13-05.26.49:249][750]LogLinker:Warning: Can't find file for asset '/Game/ProjectilePhysics/Meshes/SK_AK47' while loading C:/Users/trees/Desktop/RealisticProjectilePhysic/Content/ProjectilePhysics/Blueprints/BP_MP_Projectile_Base.uasset.
[2017.04.13-05.26.49:249][750]LogLinker:Warning: Can't find file '/Game/ProjectilePhysics/Meshes/SM_BananMag'
[2017.04.13-05.26.49:250][750]LogLinker:Warning: Can't find file for asset '/Game/ProjectilePhysics/Meshes/SM_BananMag' while loading C:/Users/trees/Desktop/RealisticProjectilePhysic/Content/ProjectilePhysics/Blueprints/BP_MP_Projectile_Base.uasset.
[2017.04.13-05.26.49:256][750]LogLinker:Warning: Can't find file '/Game/ProjectilePhysics/Effects/p_muzzle_smoke'
[2017.04.13-05.26.49:256][750]LogLinker:Warning: Can't find file for asset '/Game/ProjectilePhysics/Effects/p_muzzle_smoke' while loading C:/Users/trees/Desktop/RealisticProjectilePhysic/Content/ProjectilePhysics/Blueprints/BP_MP_Projectile_Base.uasset.
[2017.04.13-05.26.49:256][750]LogLinker:Warning: Can't find file '/Game/ProjectilePhysics/Meshes/SK_AK47'
[2017.04.13-05.26.49:256][750]LogLinker:Warning: Can't find file for asset '/Game/ProjectilePhysics/Meshes/SK_AK47' while loading C:/Users/trees/Desktop/RealisticProjectilePhysic/Content/ProjectilePhysics/Blueprints/BP_MP_Projectile_Base.uasset.
[2017.04.13-05.26.49:256][750]LogLinker:Warning: Can't find file '/Game/ProjectilePhysics/Meshes/SM_BananMag'
[2017.04.13-05.26.49:256][750]LogLinker:Warning: Can't find file for asset '/Game/ProjectilePhysics/Meshes/SM_BananMag' while loading C:/Users/trees/Desktop/RealisticProjectilePhysic/Content/ProjectilePhysics/Blueprints/BP_MP_Projectile_Base.uasset.
[2017.04.13-05.26.49:258][750]LogLinker:Warning: Can't find file '/Game/ProjectilePhysics/Effects/p_muzzle_smoke'
[2017.04.13-05.26.49:258][750]LoadErrors: Info Failed to load /Game/ProjectilePhysics/Effects/p_muzzle_smoke.p_muzzle_smoke Referenced by K2Node_CallFunction_373
[2017.04.13-05.26.49:258][750]LogLinker:Warning: Can't find file for asset '/Game/ProjectilePhysics/Effects/p_muzzle_smoke' while loading C:/Users/trees/Desktop/RealisticProjectilePhysic/Content/ProjectilePhysics/Blueprints/BP_MP_Projectile_Base.uasset.
[2017.04.13-05.26.49:305][750]LogLinker:Warning: Can't find file '/Game/ProjectilePhysics/Meshes/SM_762slug'
[2017.04.13-05.26.49:305][750]LogLinker:Warning: Can't find file for asset '/Game/ProjectilePhysics/Meshes/SM_762slug' while loading C:/Users/trees/Desktop/RealisticProjectilePhysic/Content/ProjectilePhysics/Blueprints/BP_MP_Projectile_AK47_TraceGreen.uasset.
[2017.04.13-05.26.49:305][750]LoadErrors:Error: Error /Game/ProjectilePhysics/Blueprints/BP_MP_Projectile_AK47_TraceGreen : Can't find file for asset. /Game/ProjectilePhysics/Meshes/SM_762slug
[2017.04.13-05.26.49:306][750]LogLinker:Warning: Can't find file '/Game/ProjectilePhysics/Meshes/SM_762slug'
[2017.04.13-05.26.49:306][750]LogLinker:Warning: Can't find file for asset '/Game/ProjectilePhysics/Meshes/SM_762slug' while loading C:/Users/trees/Desktop/RealisticProjectilePhysic/Content/ProjectilePhysics/Blueprints/BP_MP_Projectile_AK47_TraceGreen.uasset.
[2017.04.13-05.26.49:309][750]LogLinker:Warning: Can't find file '/Game/ProjectilePhysics/Effects/p_crete_hit'
[2017.04.13-05.26.49:309][750]LogLinker:Warning: Can't find file for asset '/Game/ProjectilePhysics/Effects/p_crete_hit' while loading C:/Users/trees/Desktop/RealisticProjectilePhysic/Content/ProjectilePhysics/DataTables/TBL_HitEffectsTable.uasset.
[2017.04.13-05.26.49:309][750]LoadErrors:Error: Error /Game/ProjectilePhysics/DataTables/TBL_HitEffectsTable : Can't find file for asset. /Game/ProjectilePhysics/Effects/p_crete_hit
[2017.04.13-05.26.49:322][750]LogLinker:Warning: Can't find file '/Game/ProjectilePhysics/Effects/p_crete_hit'
[2017.04.13-05.26.49:323][750]LogLinker:Warning: Can't find file for asset '/Game/ProjectilePhysics/Effects/p_crete_hit' while loading C:/Users/trees/Desktop/RealisticProjectilePhysic/Content/ProjectilePhysics/DataTables/TBL_HitEffectsTable.uasset.
[2017.04.13-05.26.49:334][750]LogLinker:Warning: Can't find file '/Game/ProjectilePhysics/Effects/p_crete_hit'
[2017.04.13-05.26.49:335][750]LoadErrors: Info Failed to load /Game/ProjectilePhysics/Effects/p_crete_hit.p_crete_hit Referenced by TBL_HitEffectsTable
[2017.04.13-05.26.49:335][750]LogLinker:Warning: Can't find file for asset '/Game/ProjectilePhysics/Effects/p_crete_hit' while loading C:/Users/trees/Desktop/RealisticProjectilePhysic/Content/ProjectilePhysics/Blueprints/BP_MP_Projectile_Base.uasset.
[2017.04.13-05.26.49:335][750]LoadErrors:Error: Error /Game/ProjectilePhysics/Blueprints/BP_MP_Projectile_Base : Can't find file for asset. /Game/ProjectilePhysics/Effects/p_crete_hit
[2017.04.13-05.26.49:351][750]LogLinker:Warning: Can't find file '/Game/ProjectilePhysics/Meshes/SM_762slug'
[2017.04.13-05.26.49:351][750]LogLinker:Warning: Can't find file for asset '/Game/ProjectilePhysics/Meshes/SM_762slug' while loading C:/Users/trees/Desktop/RealisticProjectilePhysic/Content/ProjectilePhysics/Blueprints/BP_MP_Projectile_Base.uasset.
[2017.04.13-05.26.49:351][750]LoadErrors:Error: Error /Game/ProjectilePhysics/Blueprints/BP_MP_Projectile_Base : Can't find file for asset. /Game/ProjectilePhysics/Meshes/SM_762slug
[2017.04.13-05.26.49:351][750]LogLinker:Warning: Can't find file '/Game/ProjectilePhysics/Meshes/SM_762slug'
[2017.04.13-05.26.49:351][750]LogLinker:Warning: Can't find file for asset '/Game/ProjectilePhysics/Meshes/SM_762slug' while loading C:/Users/trees/Desktop/RealisticProjectilePhysic/Content/ProjectilePhysics/Blueprints/BP_MP_Projectile_Base.uasset.
[2017.04.13-05.26.49:352][750]LogLinker:Warning: Can't find file '/Game/ProjectilePhysics/Meshes/SM_762slug'
[2017.04.13-05.26.49:352][750]LoadErrors: Info Failed to load /Game/ProjectilePhysics/Meshes/SM_762slug.SM_762slug Referenced by StaticMesh_GEN_VARIABLE
[2017.04.13-05.26.49:352][750]LogLinker:Warning: Can't find file for asset '/Game/ProjectilePhysics/Meshes/SM_762slug' while loading C:/Users/trees/Desktop/RealisticProjectilePhysic/Content/ProjectilePhysics/Blueprints/BP_MP_Projectile_Base.uasset.
[2017.04.13-05.26.49:374][750]LogLinker:Warning: Can't find file '/Game/ProjectilePhysics/Meshes/SM_762slug'
[2017.04.13-05.26.49:374][750]LogLinker:Warning: Can't find file for asset '/Game/ProjectilePhysics/Meshes/SM_762slug' while loading C:/Users/trees/Desktop/RealisticProjectilePhysic/Content/ProjectilePhysics/Blueprints/BP_MP_Projectile_AK47_TraceRed.uasset.
[2017.04.13-05.26.49:375][750]LoadErrors:Error: Error /Game/ProjectilePhysics/Blueprints/BP_MP_Projectile_AK47_TraceRed : Can't find file for asset. /Game/ProjectilePhysics/Meshes/SM_762slug
[2017.04.13-05.26.49:375][750]LogLinker:Warning: Can't find file '/Game/ProjectilePhysics/Meshes/SM_762slug'
[2017.04.13-05.26.49:375][750]LogLinker:Warning: Can't find file for asset '/Game/ProjectilePhysics/Meshes/SM_762slug' while loading C:/Users/trees/Desktop/RealisticProjectilePhysic/Content/ProjectilePhysics/Blueprints/BP_MP_Projectile_AK47_TraceRed.uasset.
[2017.04.13-05.26.49:375][750]LogLinker:Warning: Can't find file '/Game/ProjectilePhysics/Meshes/SM_762slug'
[2017.04.13-05.26.49:375][750]LogLinker:Warning: Can't find file for asset '/Game/ProjectilePhysics/Meshes/SM_762slug' while loading C:/Users/trees/Desktop/RealisticProjectilePhysic/Content/ProjectilePhysics/Blueprints/BP_FirstPersonCharacter_RedTeam.uasset.
[2017.04.13-05.26.49:375][750]LoadErrors:Error: Error /Game/ProjectilePhysics/Blueprints/BP_FirstPersonCharacter_RedTeam : Can't find file for asset. /Game/ProjectilePhysics/Meshes/SM_762slug
[2017.04.13-05.26.49:376][750]LogLinker:Warning: Can't find file '/Game/ProjectilePhysics/Meshes/SM_762slug'
[2017.04.13-05.26.49:376][750]LogLinker:Warning: Can't find file for asset '/Game/ProjectilePhysics/Meshes/SM_762slug' while loading C:/Users/trees/Desktop/RealisticProjectilePhysic/Content/ProjectilePhysics/Blueprints/BP_FirstPersonCharacter_RedTeam.uasset.
[2017.04.13-05.26.49:377][750]LogLinker:Warning: Can't find file '/Game/ProjectilePhysics/Meshes/SM_762slug'
[2017.04.13-05.26.49:377][750]LogLinker:Warning: Can't find file for asset '/Game/ProjectilePhysics/Meshes/SM_762slug' while loading C:/Users/trees/Desktop/RealisticProjectilePhysic/Content/ProjectilePhysics/Blueprints/BP_FirstPersonCharacter_RedTeam.uasset.
[2017.04.13-05.26.49:393][750]LogLinker:Warning: Can't find file '/Game/ProjectilePhysics/Textures/FirstPersonCrosshair'
[2017.04.13-05.26.49:393][750]LogLinker:Warning: Can't find file for asset '/Game/ProjectilePhysics/Textures/FirstPersonCrosshair' while loading C:/Users/trees/Desktop/RealisticProjectilePhysic/Content/ProjectilePhysics/Blueprints/BP_FirstPersonHUD.uasset.
[2017.04.13-05.26.49:393][750]LoadErrors:Error: Error /Game/ProjectilePhysics/Blueprints/BP_FirstPersonHUD : Can't find file for asset. /Game/ProjectilePhysics/Textures/FirstPersonCrosshair
[2017.04.13-05.26.49:393][750]LogLinker:Warning: Can't find file '/Game/ProjectilePhysics/Textures/FirstPersonCrosshair'
[2017.04.13-05.26.49:393][750]LogLinker:Warning: Can't find file for asset '/Game/ProjectilePhysics/Textures/FirstPersonCrosshair' while loading C:/Users/trees/Desktop/RealisticProjectilePhysic/Content/ProjectilePhysics/Blueprints/BP_FirstPersonHUD.uasset.
[2017.04.13-05.26.49:394][750]LogLinker:Warning: Can't find file '/Game/ProjectilePhysics/Textures/FirstPersonCrosshair'
[2017.04.13-05.26.49:394][750]LogLinker:Warning: Can't find file for asset '/Game/ProjectilePhysics/Textures/FirstPersonCrosshair' while loading C:/Users/trees/Desktop/RealisticProjectilePhysic/Content/ProjectilePhysics/Blueprints/BP_MP_Projectile_Base.uasset.
[2017.04.13-05.26.49:394][750]LoadErrors:Error: Error /Game/ProjectilePhysics/Blueprints/BP_MP_Projectile_Base : Can't find file for asset. /Game/ProjectilePhysics/Textures/FirstPersonCrosshair
[2017.04.13-05.26.49:394][750]LogLinker:Warning: Can't find file '/Game/ProjectilePhysics/Textures/FirstPersonCrosshair'
[2017.04.13-05.26.49:394][750]LogLinker:Warning: Can't find file for asset '/Game/ProjectilePhysics/Textures/FirstPersonCrosshair' while loading C:/Users/trees/Desktop/RealisticProjectilePhysic/Content/ProjectilePhysics/Blueprints/BP_MP_Projectile_Base.uasset.
[2017.04.13-05.26.49:395][750]LogLinker:Warning: Can't find file '/Game/ProjectilePhysics/Textures/FirstPersonCrosshair'
[2017.04.13-05.26.49:395][750]LoadErrors: Info Failed to load /Game/ProjectilePhysics/Textures/FirstPersonCrosshair.FirstPersonCrosshair Referenced by K2Node_CallFunction_12988
[2017.04.13-05.26.49:395][750]LogLinker:Warning: Can't find file for asset '/Game/ProjectilePhysics/Textures/FirstPersonCrosshair' while loading C:/Users/trees/Desktop/RealisticProjectilePhysic/Content/ProjectilePhysics/Blueprints/BP_MP_Projectile_Base.uasset.
[2017.04.13-05.26.49:452][750]LogLinker:Warning: Can't find file '/Game/ProjectilePhysics/Effects/p_muzzle_smoke'
[2017.04.13-05.26.49:452][750]LogLinker:Warning: Can't find file for asset '/Game/ProjectilePhysics/Effects/p_muzzle_smoke' while loading C:/Users/trees/Desktop/RealisticProjectilePhysic/Content/ProjectilePhysics/Blueprints/BP_FirstPersonCharacter.uasset.
[2017.04.13-05.26.49:452][750]LoadErrors:Error: Error /Game/ProjectilePhysics/Blueprints/BP_FirstPersonCharacter : Can't find file for asset. /Game/ProjectilePhysics/Effects/p_muzzle_smoke
[2017.04.13-05.26.49:453][750]LogLinker:Warning: Can't find file '/Game/ProjectilePhysics/Meshes/SK_AK47'
[2017.04.13-05.26.49:453][750]LogLinker:Warning: Can't find file for asset '/Game/ProjectilePhysics/Meshes/SK_AK47' while loading C:/Users/trees/Desktop/RealisticProjectilePhysic/Content/ProjectilePhysics/Blueprints/BP_FirstPersonCharacter.uasset.
[2017.04.13-05.26.49:453][750]LoadErrors:Error: Error /Game/ProjectilePhysics/Blueprints/BP_FirstPersonCharacter : Can't find file for asset. /Game/ProjectilePhysics/Meshes/SK_AK47
[2017.04.13-05.26.49:453][750]LogLinker:Warning: Can't find file '/Game/ProjectilePhysics/Meshes/SM_BananMag'
[2017.04.13-05.26.49:453][750]LogLinker:Warning: Can't find file for asset '/Game/ProjectilePhysics/Meshes/SM_BananMag' while loading C:/Users/trees/Desktop/RealisticProjectilePhysic/Content/ProjectilePhysics/Blueprints/BP_FirstPersonCharacter.uasset.
[2017.04.13-05.26.49:453][750]LoadErrors:Error: Error /Game/ProjectilePhysics/Blueprints/BP_FirstPersonCharacter : Can't find file for asset. /Game/ProjectilePhysics/Meshes/SM_BananMag
[2017.04.13-05.26.49:453][750]LogLinker:Warning: Can't find file '/Game/ProjectilePhysics/Effects/p_muzzle_smoke'
[2017.04.13-05.26.49:453][750]LogLinker:Warning: Can't find file for asset '/Game/ProjectilePhysics/Effects/p_muzzle_smoke' while loading C:/Users/trees/Desktop/RealisticProjectilePhysic/Content/ProjectilePhysics/Blueprints/BP_FirstPersonCharacter.uasset.
[2017.04.13-05.26.49:453][750]LogLinker:Warning: Can't find file '/Game/ProjectilePhysics/Meshes/SK_AK47'
[2017.04.13-05.26.49:454][750]LogLinker:Warning: Can't find file for asset '/Game/ProjectilePhysics/Meshes/SK_AK47' while loading C:/Users/trees/Desktop/RealisticProjectilePhysic/Content/ProjectilePhysics/Blueprints/BP_FirstPersonCharacter.uasset.
[2017.04.13-05.26.49:454][750]LogLinker:Warning: Can't find file '/Game/ProjectilePhysics/Meshes/SM_BananMag'
[2017.04.13-05.26.49:454][750]LogLinker:Warning: Can't find file for asset '/Game/ProjectilePhysics/Meshes/SM_BananMag' while loading C:/Users/trees/Desktop/RealisticProjectilePhysic/Content/ProjectilePhysics/Blueprints/BP_FirstPersonCharacter.uasset.
[2017.04.13-05.26.49:839][750]LogLoad: Game class is 'BP_FirstPersonGameMode_C'
[2017.04.13-05.26.50:311][750]LogWorld: Bringing World /Game/Maps/UEDPIE_1_Main.Main up for play (max tick rate 0) at 2017.04.13-06.26.50
[2017.04.13-05.26.50:335][750]LogWorld: Bringing up level for play took: 0.476012
[2017.04.13-05.26.50:390][750]LogContentBrowser: Native class hierarchy updated for 'MovieSceneCapture' in 0.0016 seconds. Added 11 classes and 0 folders.
[2017.04.13-05.26.50:399][750]LogInit: WinSock: Socket queue 131072 / 131072
[2017.04.13-05.26.50:400][750]LogInit: WinSock: I am DESKTOP-L5G8TLJ (192.168.56.1:0)
[2017.04.13-05.26.50:401][750]PacketHandlerLog: Loaded PacketHandler component: Engine.EngineHandlerComponentFactory (StatelessConnectHandlerComponent)
[2017.04.13-05.26.50:401][750]LogNet: GameNetDriver IpNetDriver_0 IpNetDriver listening on port 7777
[2017.04.13-05.26.50:401][750]LogGameMode:Display: Match State Changed from EnteringMap to WaitingToStart
[2017.04.13-05.26.50:401][750]LogGameState: Match State Changed from EnteringMap to WaitingToStart
[2017.04.13-05.26.50:401][750]LogGameMode:Display: Match State Changed from WaitingToStart to InProgress
[2017.04.13-05.26.50:416][750]LogGameState: Match State Changed from WaitingToStart to InProgress
[2017.04.13-05.26.50:416][750]PIE: Info Play in editor start time for /Game/Maps/UEDPIE_1_Main 5.257
[2017.04.13-05.26.50:420][750]PIE: New page: PIE session: Main (13 Apr 2017 07:26:50)
[2017.04.13-05.26.50:483][750]LogNet: Browse: 127.0.0.1//Game/Maps/Entry
[2017.04.13-05.26.50:483][750]LogInit: WinSock: Socket queue 32768 / 32768
[2017.04.13-05.26.50:484][750]PacketHandlerLog: Loaded PacketHandler component: Engine.EngineHandlerComponentFactory (StatelessConnectHandlerComponent)
[2017.04.13-05.26.50:484][750]LogNet: Game client on port 7777, rate 10000
[2017.04.13-05.26.50:484][750]LogNetVersion: GetLocalNetworkVersion: CL: 3299760, ProjectName: realisticprojectilephysic, ProjectVersion: 1.1, EngineNetworkVersion: 2, GameNetworkVersion: 0, NetworkChecksum: 2158157791
[2017.04.13-05.26.50:484][750]LogNet: UPendingNetGame::InitNetDriver: Sending hello. [UNetConnection] RemoteAddr: 127.0.0.1:7777, Name: IpConnection_0, Driver: PendingNetDriver IpNetDriver_1, IsServer: NO, PC: NULL, Owner: NULL
[2017.04.13-05.26.50:487][750]PIE: Info Play in editor start time for /Game/Maps/Entry 5.328
[2017.04.13-05.26.50:500][750]LogBlueprintUserMessages: Late PlayInEditor Detection: Level '/Game/Maps/Main.Main:PersistentLevel' has LevelScriptBlueprint '/Game/Maps/Main.Main:PersistentLevel.Main' with GeneratedClass '/Game/Maps/Main.Main_C' with ClassGeneratedBy '/Game/Maps/Main.Main:PersistentLevel.Main'
[2017.04.13-05.26.50:502][750]LogNet: NotifyAcceptingConnection accepted from: 127.0.0.1:64652
[2017.04.13-05.26.50:502][750]LogHandshake: SendConnectChallenge. Timestamp: 0.008333, Cookie: 078188105152226095068026248129105006238196097002059099220125
[2017.04.13-05.26.50:630][750]LogHandshake: SendChallengeResponse. Timestamp: 0.008333, Cookie: 078188105152226095068026248129105006238196097002059099220125
[2017.04.13-05.26.50:726][751]LogNet: NotifyAcceptingConnection accepted from: 127.0.0.1:64652
[2017.04.13-05.26.50:726][751]LogNet: Server accepting post-challenge connection from: 127.0.0.1:64652
[2017.04.13-05.26.50:727][751]PacketHandlerLog: Loaded PacketHandler component: Engine.EngineHandlerComponentFactory (StatelessConnectHandlerComponent)
[2017.04.13-05.26.50:727][751]LogNet: NotifyAcceptedConnection: Name: Main, TimeStamp: 04/13/17 06:26:50, [UNetConnection] RemoteAddr: 127.0.0.1:64652, Name: IpConnection_1, Driver: GameNetDriver IpNetDriver_0, IsServer: YES, PC: NULL, Owner: NULL
[2017.04.13-05.26.50:727][751]LogNet: AddClientConnection: Added client connection: [UNetConnection] RemoteAddr: 127.0.0.1:64652, Name: IpConnection_1, Driver: GameNetDriver IpNetDriver_0, IsServer: YES, PC: NULL, Owner: NULL
[2017.04.13-05.26.50:727][751]LogNet: NotifyAcceptingChannel Control 0 server World /Game/Maps/UEDPIE_1_Main.Main: Accepted
[2017.04.13-05.26.50:727][751]LogNet: Remote platform little endian=1
[2017.04.13-05.26.50:727][751]LogNet: This platform little endian=1
[2017.04.13-05.26.50:752][752]LogNet: Login request: /Game/Maps/Entry userId: Invalid
[2017.04.13-05.26.50:760][752]LogNet: Welcomed by server (Level: /Game/Maps/UEDPIE_1_Main, Game: /Game/ProjectilePhysics/Blueprints/BP_FirstPersonGameMode.BP_FirstPersonGameMode_C)
[2017.04.13-05.26.50:760][752]LogLoad: LoadMap: 127.0.0.1//Game/Maps/UEDPIE_1_Main?game=/Game/ProjectilePhysics/Blueprints/BP_FirstPersonGameMode.BP_FirstPersonGameMode_C
[2017.04.13-05.26.50:778][752]Cmd: MEM
[2017.04.13-05.26.50:794][752]LogMemory: Platform Memory Stats for Windows
[2017.04.13-05.26.50:794][752]LogMemory: Process Physical Memory: 3188.94 MB used, 3241.41 MB peak
[2017.04.13-05.26.50:794][752]LogMemory: Process Virtual Memory: 4187.02 MB used, 4187.02 MB peak
[2017.04.13-05.26.50:794][752]LogMemory: Physical Memory: 8848.30 MB used,  7485.46 MB free, 16333.77 MB total
[2017.04.13-05.26.50:794][752]LogMemory: Virtual Memory: 4910.69 MB used,  7485.46 MB free, 134217728.00 MB total
[2017.04.13-05.26.50:794][752]LogMemory: 
[2017.04.13-05.26.50:794][752]Allocator Stats for TBB: (not implemented)
[2017.04.13-05.26.53:050][752]LogAIModule: Creating AISystem for world Main
[2017.04.13-05.26.53:543][752]LogWorld: Bringing World /Game/Maps/UEDPIE_2_Main.Main up for play (max tick rate 0) at 2017.04.13-06.26.53
[2017.04.13-05.26.53:554][752]LogWorld: Bringing up level for play took: 0.502253
[2017.04.13-05.26.53:554][752]LogLoad: Took 2.793922 seconds to LoadMap(/Game/Maps/UEDPIE_1_Main)
[2017.04.13-05.26.53:602][753]LogRenderer: Reallocating scene render targets to support 1280x720 NumSamples 1 (Frame:741).
[2017.04.13-05.26.53:605][753]LogNet: Client netspeed is 10000
[2017.04.13-05.26.53:605][753]LogNet: Join request: /Game/Maps/Entry?SplitscreenCount=1
[2017.04.13-05.26.53:607][753]LogNet: Join succeeded: 257
[2017.04.13-05.27.03:007][265]LogDataTable:Warning: UDataTable::FindRow : 'GENERAL' requested row 'DefaultPhysicalMaterial' not in DataTable '/Game/ProjectilePhysics/DataTables/TBL_MaterialPropertiesTable.TBL_MaterialPropertiesTable'.
[2017.04.13-05.27.03:007][265]LogDataTable:Warning: UDataTable::FindRow : 'GENERAL' requested row 'DefaultPhysicalMaterial' not in DataTable '/Game/ProjectilePhysics/DataTables/TBL_MaterialPropertiesTable.TBL_MaterialPropertiesTable'.
[2017.04.13-05.27.03:024][266]LogDataTable:Warning: UDataTable::FindRow : 'GENERAL' requested row 'DefaultPhysicalMaterial' not in DataTable '/Game/ProjectilePhysics/DataTables/TBL_MaterialPropertiesTable.TBL_MaterialPropertiesTable'.
[2017.04.13-05.27.03:024][266]LogDataTable:Warning: UDataTable::FindRow : 'GENERAL' requested row 'DefaultPhysicalMaterial' not in DataTable '/Game/ProjectilePhysics/DataTables/TBL_MaterialPropertiesTable.TBL_MaterialPropertiesTable'.
[2017.04.13-05.27.03:128][271]LogDataTable:Warning: UDataTable::FindRow : 'GENERAL' requested row 'DefaultPhysicalMaterial' not in DataTable '/Game/ProjectilePhysics/DataTables/TBL_MaterialPropertiesTable.TBL_MaterialPropertiesTable'.
[2017.04.13-05.27.03:134][272]LogDataTable:Warning: UDataTable::FindRow : 'GENERAL' requested row 'DefaultPhysicalMaterial' not in DataTable '/Game/ProjectilePhysics/DataTables/TBL_MaterialPropertiesTable.TBL_MaterialPropertiesTable'.
[2017.04.13-05.27.03:219][276]LogDataTable:Warning: UDataTable::FindRow : 'GENERAL' requested row 'DefaultPhysicalMaterial' not in DataTable '/Game/ProjectilePhysics/DataTables/TBL_MaterialPropertiesTable.TBL_MaterialPropertiesTable'.
[2017.04.13-05.27.03:219][276]LogDataTable:Warning: UDataTable::FindRow : 'GENERAL' requested row 'DefaultPhysicalMaterial' not in DataTable '/Game/ProjectilePhysics/DataTables/TBL_MaterialPropertiesTable.TBL_MaterialPropertiesTable'.
[2017.04.13-05.27.03:226][277]LogDataTable:Warning: UDataTable::FindRow : 'GENERAL' requested row 'DefaultPhysicalMaterial' not in DataTable '/Game/ProjectilePhysics/DataTables/TBL_MaterialPropertiesTable.TBL_MaterialPropertiesTable'.
[2017.04.13-05.27.03:226][277]LogDataTable:Warning: UDataTable::FindRow : 'GENERAL' requested row 'DefaultPhysicalMaterial' not in DataTable '/Game/ProjectilePhysics/DataTables/TBL_MaterialPropertiesTable.TBL_MaterialPropertiesTable'.
[2017.04.13-05.27.03:227][277]LogDataTable:Warning: UDataTable::FindRow : 'GENERAL' requested row 'DefaultPhysicalMaterial' not in DataTable '/Game/ProjectilePhysics/DataTables/TBL_MaterialPropertiesTable.TBL_MaterialPropertiesTable'.
[2017.04.13-05.27.03:236][277]LogDataTable:Warning: UDataTable::FindRow : 'GENERAL' requested row 'DefaultPhysicalMaterial' not in DataTable '/Game/ProjectilePhysics/DataTables/TBL_MaterialPropertiesTable.TBL_MaterialPropertiesTable'.
[2017.04.13-05.27.03:317][281]LogDataTable:Warning: UDataTable::FindRow : 'GENERAL' requested row 'DefaultPhysicalMaterial' not in DataTable '/Game/ProjectilePhysics/DataTables/TBL_MaterialPropertiesTable.TBL_MaterialPropertiesTable'.
[2017.04.13-05.27.03:317][281]LogDataTable:Warning: UDataTable::FindRow : 'GENERAL' requested row 'DefaultPhysicalMaterial' not in DataTable '/Game/ProjectilePhysics/DataTables/TBL_MaterialPropertiesTable.TBL_MaterialPropertiesTable'.
[2017.04.13-05.27.03:324][282]LogDataTable:Warning: UDataTable::FindRow : 'GENERAL' requested row 'DefaultPhysicalMaterial' not in DataTable '/Game/ProjectilePhysics/DataTables/TBL_MaterialPropertiesTable.TBL_MaterialPropertiesTable'.
[2017.04.13-05.27.03:324][282]LogDataTable:Warning: UDataTable::FindRow : 'GENERAL' requested row 'DefaultPhysicalMaterial' not in DataTable '/Game/ProjectilePhysics/DataTables/TBL_MaterialPropertiesTable.TBL_MaterialPropertiesTable'.
[2017.04.13-05.27.03:431][287]LogDataTable:Warning: UDataTable::FindRow : 'GENERAL' requested row 'DefaultPhysicalMaterial' not in DataTable '/Game/ProjectilePhysics/DataTables/TBL_MaterialPropertiesTable.TBL_MaterialPropertiesTable'.
[2017.04.13-05.27.03:438][288]LogDataTable:Warning: UDataTable::FindRow : 'GENERAL' requested row 'DefaultPhysicalMaterial' not in DataTable '/Game/ProjectilePhysics/DataTables/TBL_MaterialPropertiesTable.TBL_MaterialPropertiesTable'.
[2017.04.13-05.27.03:438][288]LogDataTable:Warning: UDataTable::FindRow : 'GENERAL' requested row 'DefaultPhysicalMaterial' not in DataTable '/Game/ProjectilePhysics/DataTables/TBL_MaterialPropertiesTable.TBL_MaterialPropertiesTable'.
[2017.04.13-05.27.03:439][288]LogDataTable:Warning: UDataTable::FindRow : 'GENERAL' requested row 'DefaultPhysicalMaterial' not in DataTable '/Game/ProjectilePhysics/DataTables/TBL_MaterialPropertiesTable.TBL_MaterialPropertiesTable'.
[2017.04.13-05.27.03:439][288]LogDataTable:Warning: UDataTable::FindRow : 'GENERAL' requested row 'DefaultPhysicalMaterial' not in DataTable '/Game/ProjectilePhysics/DataTables/TBL_MaterialPropertiesTable.TBL_MaterialPropertiesTable'.
[2017.04.13-05.27.03:445][288]LogDataTable:Warning: UDataTable::FindRow : 'GENERAL' requested row 'DefaultPhysicalMaterial' not in DataTable '/Game/ProjectilePhysics/DataTables/TBL_MaterialPropertiesTable.TBL_MaterialPropertiesTable'.
[2017.04.13-05.27.03:445][288]LogDataTable:Warning: UDataTable::FindRow : 'GENERAL' requested row 'DefaultPhysicalMaterial' not in DataTable '/Game/ProjectilePhysics/DataTables/TBL_MaterialPropertiesTable.TBL_MaterialPropertiesTable'.
[2017.04.13-05.27.03:445][288]LogDataTable:Warning: UDataTable::FindRow : 'GENERAL' requested row 'DefaultPhysicalMaterial' not in DataTable '/Game/ProjectilePhysics/DataTables/TBL_MaterialPropertiesTable.TBL_MaterialPropertiesTable'.
[2017.04.13-05.27.03:825][308]LogBlueprintUserMessages: Early EndPlayMap Detection: Level '/Game/Maps/Main.Main:PersistentLevel' has LevelScriptBlueprint '/Game/Maps/Main.Main:PersistentLevel.Main' with GeneratedClass '/Game/Maps/Main.Main_C' with ClassGeneratedBy '/Game/Maps/Main.Main:PersistentLevel.Main'
[2017.04.13-05.27.04:143][308]LogBlueprintUserMessages: Late EndPlayMap Detection: Level '/Game/Maps/Main.Main:PersistentLevel' has LevelScriptBlueprint '/Game/Maps/Main.Main:PersistentLevel.Main' with GeneratedClass '/Game/Maps/Main.Main_C' with ClassGeneratedBy '/Game/Maps/Main.Main:PersistentLevel.Main'
[2017.04.13-05.27.04:170][308]LogNet: UChannel::CleanUp: ChIndex == 0. Closing connection. [UChannel] ChIndex: 0, Closing: 0 [UNetConnection] RemoteAddr: 127.0.0.1:7777, Name: None, Driver: GameNetDriver None, IsServer: NO, PC: None, Owner: None
[2017.04.13-05.27.04:170][308]LogNet: UNetConnection::Close: [UNetConnection] RemoteAddr: 127.0.0.1:7777, Name: None, Driver: GameNetDriver None, IsServer: NO, PC: None, Owner: None, Channels: 1, Time: 2017.04.13-05.27.04
[2017.04.13-05.27.04:170][308]LogNet: UChannel::Close: Sending CloseBunch. ChIndex == 0. Name: [UChannel] ChIndex: 0, Closing: 0 [UNetConnection] RemoteAddr: 127.0.0.1:7777, Name: None, Driver: GameNetDriver None, IsServer: NO, PC: None, Owner: None
[2017.04.13-05.27.04:171][308]LogNet: UChannel::CleanUp: ChIndex == 0. Closing connection. [UChannel] ChIndex: 0, Closing: 0 [UNetConnection] RemoteAddr: 127.0.0.1:64652, Name: None, Driver: GameNetDriver None, IsServer: YES, PC: None, Owner: None
[2017.04.13-05.27.04:171][308]LogNet: UNetConnection::Close: [UNetConnection] RemoteAddr: 127.0.0.1:64652, Name: None, Driver: GameNetDriver None, IsServer: YES, PC: None, Owner: None, Channels: 1, Time: 2017.04.13-05.27.04
[2017.04.13-05.27.04:171][308]LogNet: UChannel::Close: Sending CloseBunch. ChIndex == 0. Name: [UChannel] ChIndex: 0, Closing: 0 [UNetConnection] RemoteAddr: 127.0.0.1:64652, Name: None, Driver: GameNetDriver None, IsServer: YES, PC: None, Owner: None
[2017.04.13-05.27.04:209][308]LogExit: GameNetDriver None shut down
[2017.04.13-05.27.04:238][308]LogExit: GameNetDriver None shut down
[2017.04.13-05.27.05:992][314]LogSlate: Took 0.000149 seconds to synchronously load lazily loaded font '../../../Engine/Content/Slate/Fonts/Roboto-Light.ttf' (159K)
[2017.04.13-05.27.29:139][325]LogWindowsTextInputMethodSystem:Display: IME system now deactivated.
[2017.04.13-05.27.29:323][326]Cmd: QUIT_EDITOR
[2017.04.13-05.27.29:714][326]LogExit: Preparing to exit.
[2017.04.13-05.27.31:152][326]LogExit: Editor shut down
[2017.04.13-05.27.31:153][326]LogExit: Transaction tracking system shut down
[2017.04.13-05.27.31:298][326]LogObj: Freed 0b from 0 cluster array pools.
[2017.04.13-05.27.31:298][326]LogExit: Object subsystem successfully closed.
[2017.04.13-05.27.31:350][326]LogD3D11RHI: Shutdown
[2017.04.13-05.27.31:350][326]LogD3D11RHI: CleanupD3DDevice
[2017.04.13-05.27.31:458][326]LogD3D11RHI: ~FD3D11DynamicRHI
[2017.04.13-05.27.31:465][326]LogModuleManager: Shutting down and abandoning module MovieSceneCapture (502)
[2017.04.13-05.27.31:465][326]LogModuleManager: Shutting down and abandoning module HierarchicalLODOutliner (500)
[2017.04.13-05.27.31:465][326]LogModuleManager: Shutting down and abandoning module CrashTracker (498)
[2017.04.13-05.27.31:465][326]LogModuleManager: Shutting down and abandoning module SceneOutliner (496)
[2017.04.13-05.27.31:465][326]LogModuleManager: Shutting down and abandoning module AddContentDialog (494)
[2017.04.13-05.27.31:465][326]LogDirectoryWatcher: A directory notification for 'A:/Program Files/Unreal/UE_4.15/FeaturePacks/' was aborted.
[2017.04.13-05.27.31:465][326]LogModuleManager: Shutting down and abandoning module WidgetCarousel (493)
[2017.04.13-05.27.31:465][326]LogModuleManager: Shutting down and abandoning module EditorWidgets (490)
[2017.04.13-05.27.31:465][326]LogModuleManager: Shutting down and abandoning module CollectionManager (488)
[2017.04.13-05.27.31:465][326]LogDirectoryWatcher: A directory notification for 'C:/Users/trees/Desktop/RealisticProjectilePhysic/Content/Collections/' was aborted.
[2017.04.13-05.27.31:465][326]LogDirectoryWatcher: A directory notification for 'C:/Users/trees/Desktop/RealisticProjectilePhysic/Content/Developers/trees/Collections/' was aborted.
[2017.04.13-05.27.31:465][326]LogDirectoryWatcher: A directory notification for 'C:/Users/trees/Desktop/RealisticProjectilePhysic/Saved/Collections/' was aborted.
[2017.04.13-05.27.31:465][326]LogModuleManager: Shutting down and abandoning module StatsViewer (486)
[2017.04.13-05.27.31:465][326]LogModuleManager: Shutting down and abandoning module FoliageEdit (484)
[2017.04.13-05.27.31:465][326]LogModuleManager: Shutting down and abandoning module LandscapeEditor (482)
[2017.04.13-05.27.31:465][326]LogModuleManager: Shutting down and abandoning module SceneDepthPickerMode (480)
[2017.04.13-05.27.31:465][326]LogModuleManager: Shutting down and abandoning module ActorPickerMode (478)
[2017.04.13-05.27.31:465][326]LogModuleManager: Shutting down and abandoning module GeometryMode (476)
[2017.04.13-05.27.31:465][326]LogModuleManager: Shutting down and abandoning module TextureAlignMode (474)
[2017.04.13-05.27.31:465][326]LogModuleManager: Shutting down and abandoning module BspMode (472)
[2017.04.13-05.27.31:465][326]LogModuleManager: Shutting down and abandoning module HardwareSurvey (470)
[2017.04.13-05.27.31:465][326]LogModuleManager: Shutting down and abandoning module SequenceRecorderSections (468)
[2017.04.13-05.27.31:465][326]LogModuleManager: Shutting down and abandoning module AutomationWorker (466)
[2017.04.13-05.27.31:465][326]LogModuleManager: Shutting down and abandoning module MatineeToLevelSequence (464)
[2017.04.13-05.27.31:465][326]LogModuleManager: Shutting down and abandoning module LevelSequenceEditor (462)
[2017.04.13-05.27.31:466][326]LogModuleManager: Shutting down and abandoning module PlacementMode (461)
[2017.04.13-05.27.31:466][326]LogModuleManager: Shutting down and abandoning module WmfMediaFactory (458)
[2017.04.13-05.27.31:466][326]LogModuleManager: Shutting down and abandoning module WmfMediaEditor (456)
[2017.04.13-05.27.31:466][326]LogModuleManager: Shutting down and abandoning module MfMediaFactory (454)
[2017.04.13-05.27.31:466][326]LogModuleManager: Shutting down and abandoning module MfMediaEditor (452)
[2017.04.13-05.27.31:466][326]LogModuleManager: Shutting down and abandoning module AvfMediaFactory (450)
[2017.04.13-05.27.31:466][326]LogModuleManager: Shutting down and abandoning module AvfMediaEditor (448)
[2017.04.13-05.27.31:466][326]LogModuleManager: Shutting down and abandoning module AndroidMediaFactory (446)
[2017.04.13-05.27.31:466][326]LogModuleManager: Shutting down and abandoning module Media (445)
[2017.04.13-05.27.31:466][326]LogModuleManager: Shutting down and abandoning module AndroidMediaEditor (442)
[2017.04.13-05.27.31:466][326]LogModuleManager: Shutting down and abandoning module CharacterAI (440)
[2017.04.13-05.27.31:466][326]LogModuleManager: Shutting down and abandoning module AudioCapture (438)
[2017.04.13-05.27.31:466][326]LogModuleManager: Shutting down and abandoning module SequenceRecorder (437)
[2017.04.13-05.27.31:466][326]LogModuleManager: Shutting down and abandoning module SmartSnapping (434)
[2017.04.13-05.27.31:466][326]LogModuleManager: Shutting down and abandoning module SessionServices (432)
[2017.04.13-05.27.31:466][326]LogModuleManager: Shutting down and abandoning module ViewportSnapping (430)
[2017.04.13-05.27.31:466][326]LogModuleManager: Shutting down and abandoning module ViewportInteraction (428)
[2017.04.13-05.27.31:466][326]LogModuleManager: Shutting down and abandoning module LogVisualizer (426)
[2017.04.13-05.27.31:466][326]LogModuleManager: Shutting down and abandoning module IntroTutorials (424)
[2017.04.13-05.27.31:466][326]LogModuleManager: Shutting down and abandoning module GameProjectGeneration (423)
[2017.04.13-05.27.31:466][326]LogModuleManager: Shutting down and abandoning module EditorLiveStreaming (420)
[2017.04.13-05.27.31:466][326]LogModuleManager: Shutting down and abandoning module IOSPlatformEditor (418)
[2017.04.13-05.27.31:466][326]LogModuleManager: Shutting down and abandoning module HTML5PlatformEditor (416)
[2017.04.13-05.27.31:466][326]LogModuleManager: Shutting down and abandoning module AndroidPlatformEditor (414)
[2017.04.13-05.27.31:466][326]LogModuleManager: Shutting down and abandoning module AndroidDeviceDetection (413)
[2017.04.13-05.27.31:580][326]LogModuleManager: Shutting down and abandoning module IOSRuntimeSettings (410)
[2017.04.13-05.27.31:580][326]LogModuleManager: Shutting down and abandoning module AndroidRuntimeSettings (408)
[2017.04.13-05.27.31:580][326]LogModuleManager: Shutting down and abandoning module InputBindingEditor (406)
[2017.04.13-05.27.31:580][326]LogModuleManager: Shutting down and abandoning module NiagaraEditor (404)
[2017.04.13-05.27.31:580][326]LogModuleManager: Shutting down and abandoning module MergeActors (402)
[2017.04.13-05.27.31:580][326]LogModuleManager: Shutting down and abandoning module SizeMap (400)
[2017.04.13-05.27.31:580][326]LogModuleManager: Shutting down and abandoning module TreeMap (398)
[2017.04.13-05.27.31:580][326]LogModuleManager: Shutting down and abandoning module ReferenceViewer (396)
[2017.04.13-05.27.31:580][326]LogModuleManager: Shutting down and abandoning module LocalizationDashboard (394)
[2017.04.13-05.27.31:580][326]LogModuleManager: Shutting down and abandoning module LocalizationService (393)
[2017.04.13-05.27.31:580][326]LogModuleManager: Shutting down and abandoning module HardwareTargeting (390)
[2017.04.13-05.27.31:580][326]LogModuleManager: Shutting down and abandoning module DeviceProfileEditor (388)
[2017.04.13-05.27.31:580][326]LogModuleManager: Shutting down and abandoning module UndoHistory (386)
[2017.04.13-05.27.31:580][326]LogModuleManager: Shutting down and abandoning module UserFeedback (384)
[2017.04.13-05.27.31:580][326]LogModuleManager: Shutting down and abandoning module XmlParser (382)
[2017.04.13-05.27.31:580][326]LogModuleManager: Shutting down and abandoning module Blutility (380)
[2017.04.13-05.27.31:580][326]LogModuleManager: Shutting down and abandoning module ProjectSettingsViewer (378)
[2017.04.13-05.27.31:580][326]LogModuleManager: Shutting down and abandoning module ProjectTargetPlatformEditor (377)
[2017.04.13-05.27.31:581][326]LogModuleManager: Shutting down and abandoning module EditorSettingsViewer (374)
[2017.04.13-05.27.31:581][326]LogModuleManager: Shutting down and abandoning module SettingsEditor (372)
[2017.04.13-05.27.31:581][326]LogModuleManager: Shutting down and abandoning module ProjectLauncher (370)
[2017.04.13-05.27.31:581][326]LogModuleManager: Shutting down and abandoning module SessionFrontend (368)
[2017.04.13-05.27.31:581][326]LogModuleManager: Shutting down and abandoning module ProfilerClient (366)
[2017.04.13-05.27.31:581][326]LogModuleManager: Shutting down and abandoning module DeviceManager (364)
[2017.04.13-05.27.31:581][326]LogModuleManager: Shutting down and abandoning module TargetDeviceServices (363)
[2017.04.13-05.27.31:634][326]LogModuleManager: Shutting down and abandoning module AutomationController (360)
[2017.04.13-05.27.31:634][326]LogModuleManager: Shutting down and abandoning module AutomationWindow (358)
[2017.04.13-05.27.31:634][326]LogModuleManager: Shutting down and abandoning module Layers (356)
[2017.04.13-05.27.31:634][326]LogModuleManager: Shutting down and abandoning module ComponentVisualizers (354)
[2017.04.13-05.27.31:634][326]LogModuleManager: Shutting down and abandoning module DetailCustomizations (352)
[2017.04.13-05.27.31:634][326]LogModuleManager: Shutting down and abandoning module PackagesDialog (350)
[2017.04.13-05.27.31:634][326]LogModuleManager: Shutting down and abandoning module Persona (348)
[2017.04.13-05.27.31:634][326]LogModuleManager: Shutting down and abandoning module AnimGraph (347)
[2017.04.13-05.27.31:634][326]LogModuleManager: Shutting down and abandoning module Kismet (344)
[2017.04.13-05.27.31:635][326]LogModuleManager: Shutting down and abandoning module GraphEditor (342)
[2017.04.13-05.27.31:635][326]LogModuleManager: Shutting down and abandoning module ClassViewer (340)
[2017.04.13-05.27.31:635][326]LogModuleManager: Shutting down and abandoning module Toolbox (338)
[2017.04.13-05.27.31:635][326]LogModuleManager: Shutting down and abandoning module ModuleUI (336)
[2017.04.13-05.27.31:635][326]LogModuleManager: Shutting down and abandoning module MovieSceneTools (334)
[2017.04.13-05.27.31:635][326]LogModuleManager: Shutting down and abandoning module OutputLog (332)
[2017.04.13-05.27.31:635][326]LogModuleManager: Shutting down and abandoning module GammaUI (330)
[2017.04.13-05.27.31:635][326]LogModuleManager: Shutting down and abandoning module Documentation (328)
[2017.04.13-05.27.31:635][326]LogModuleManager: Shutting down and abandoning module Niagara (326)
[2017.04.13-05.27.31:635][326]LogModuleManager: Shutting down and abandoning module StreamingPauseRendering (324)
[2017.04.13-05.27.31:635][326]LogModuleManager: Shutting down and abandoning module AnalyticsET (322)
[2017.04.13-05.27.31:635][326]LogModuleManager: Shutting down and abandoning module PortalServices (320)
[2017.04.13-05.27.31:635][326]LogModuleManager: Shutting down and abandoning module PortalRpc (318)
[2017.04.13-05.27.31:635][326]LogModuleManager: Shutting down and abandoning module MessagingRpc (316)
[2017.04.13-05.27.31:635][326]LogModuleManager: Shutting down and abandoning module AIModule (314)
[2017.04.13-05.27.31:635][326]LogModuleManager: Shutting down and abandoning module GameplayDebugger (313)
[2017.04.13-05.27.31:635][326]LogModuleManager: Shutting down and abandoning module AITestSuite (311)
[2017.04.13-05.27.31:635][326]LogModuleManager: Shutting down and abandoning module ProfilerService (308)
[2017.04.13-05.27.31:723][326]LogModuleManager: Shutting down and abandoning module TaskGraph (306)
[2017.04.13-05.27.31:723][326]LogModuleManager: Shutting down and abandoning module SteamVRController (304)
[2017.04.13-05.27.31:723][326]LogModuleManager: Shutting down and abandoning module SteamVR (302)
[2017.04.13-05.27.31:723][326]LogModuleManager: Shutting down and abandoning module ProceduralMeshComponentEditor (300)
[2017.04.13-05.27.31:723][326]LogModuleManager: Shutting down and abandoning module ProceduralMeshComponent (298)
[2017.04.13-05.27.31:723][326]LogModuleManager: Shutting down and abandoning module OculusLibrary (296)
[2017.04.13-05.27.31:723][326]LogModuleManager: Shutting down and abandoning module OculusInput (294)
[2017.04.13-05.27.31:723][326]LogModuleManager: Shutting down and abandoning module MobilePatchingUtils (292)
[2017.04.13-05.27.31:723][326]LogModuleManager: Shutting down and abandoning module CustomMeshComponent (290)
[2017.04.13-05.27.31:723][326]LogModuleManager: Shutting down and abandoning module CableComponent (288)
[2017.04.13-05.27.31:723][326]LogModuleManager: Shutting down and abandoning module ArchVisCharacter (286)
[2017.04.13-05.27.31:723][326]LogModuleManager: Shutting down and abandoning module MediaPlayerEditor (282)
[2017.04.13-05.27.31:723][326]LogModuleManager: Shutting down and abandoning module HTML5Networking (280)
[2017.04.13-05.27.31:723][326]LogModuleManager: Shutting down and abandoning module AlembicImporter (278)
[2017.04.13-05.27.31:723][326]LogModuleManager: Shutting down and abandoning module AlembicLibrary (277)
[2017.04.13-05.27.31:723][326]LogModuleManager: Shutting down and abandoning module GeometryCache (276)
[2017.04.13-05.27.31:723][326]LogModuleManager: Shutting down and abandoning module GeometryCacheEd (275)
[2017.04.13-05.27.31:723][326]LogModuleManager: Shutting down and abandoning module SuperSearchEditor (270)
[2017.04.13-05.27.31:723][326]LogModuleManager: Shutting down and abandoning module SuperSearch (269)
[2017.04.13-05.27.31:723][326]LogModuleManager: Shutting down and abandoning module SpeedTreeImporter (266)
[2017.04.13-05.27.31:723][326]LogModuleManager: Shutting down and abandoning module PluginBrowser (264)
[2017.04.13-05.27.31:723][326]LogModuleManager: Shutting down and abandoning module MobileLauncherProfileWizard (262)
[2017.04.13-05.27.31:723][326]LogModuleManager: Shutting down and abandoning module EpicSurvey (260)
[2017.04.13-05.27.31:723][326]LogModuleManager: Shutting down and abandoning module VisualStudioSourceCodeAccess (258)
[2017.04.13-05.27.31:723][326]LogModuleManager: Shutting down and abandoning module DesktopPlatform (257)
[2017.04.13-05.27.31:723][326]LogModuleManager: Shutting down and abandoning module UObjectPlugin (254)
[2017.04.13-05.27.31:723][326]LogModuleManager: Shutting down and abandoning module SubversionSourceControl (252)
[2017.04.13-05.27.31:723][326]LogModuleManager: Shutting down and abandoning module PerforceSourceControl (250)
[2017.04.13-05.27.31:723][326]LogModuleManager: Shutting down and abandoning module GitSourceControl (248)
[2017.04.13-05.27.31:723][326]LogModuleManager: Shutting down and abandoning module SourceControl (247)
[2017.04.13-05.27.31:723][326]LogModuleManager: Shutting down and abandoning module LightPropagationVolumeEditor (244)
[2017.04.13-05.27.31:723][326]LogModuleManager: Shutting down and abandoning module PaperTiledImporter (242)
[2017.04.13-05.27.31:723][326]LogModuleManager: Shutting down and abandoning module PaperSpriteSheetImporter (240)
[2017.04.13-05.27.31:723][326]LogModuleManager: Shutting down and abandoning module Paper2DEditor (238)
[2017.04.13-05.27.31:723][326]LogModuleManager: Shutting down and abandoning module MeshPaint (237)
[2017.04.13-05.27.31:723][326]LogModuleManager: Shutting down and abandoning module LevelEditor (235)
[2017.04.13-05.27.31:724][326]LogModuleManager: Shutting down and abandoning module PixelInspectorModule (234)
[2017.04.13-05.27.31:724][326]LogModuleManager: Shutting down and abandoning module MainFrame (232)
[2017.04.13-05.27.31:724][326]LogModuleManager: Shutting down and abandoning module HotReload (231)
[2017.04.13-05.27.31:724][326]LogDirectoryWatcher: A directory notification for 'C:/Users/trees/Desktop/RealisticProjectilePhysic/Binaries/Win64' was aborted.
[2017.04.13-05.27.31:724][326]LogModuleManager: Shutting down and abandoning module ContentBrowser (227)
[2017.04.13-05.27.31:725][326]LogModuleManager: Shutting down and abandoning module RealisticProjectilePhysic (224)
[2017.04.13-05.27.31:725][326]LogModuleManager: Shutting down and abandoning module PhysXVehiclesEditor (222)
[2017.04.13-05.27.31:725][326]LogModuleManager: Shutting down and abandoning module PhysXVehicles (220)
[2017.04.13-05.27.31:725][326]LogModuleManager: Shutting down and abandoning module LocationServicesBPLibrary (218)
[2017.04.13-05.27.31:725][326]LogModuleManager: Shutting down and abandoning module UdpMessaging (216)
[2017.04.13-05.27.31:826][326]LogModuleManager: Shutting down and abandoning module TcpMessaging (214)
[2017.04.13-05.27.31:926][326]LogModuleManager: Shutting down and abandoning module GameplayTagsEditor (212)
[2017.04.13-05.27.31:926][326]LogModuleManager: Shutting down and abandoning module FacialAnimationEditor (210)
[2017.04.13-05.27.31:926][326]LogModuleManager: Shutting down and abandoning module FacialAnimation (208)
[2017.04.13-05.27.31:926][326]LogModuleManager: Shutting down and abandoning module LightPropagationVolumeRuntime (206)
[2017.04.13-05.27.31:926][326]LogModuleManager: Shutting down and abandoning module Paper2D (204)
[2017.04.13-05.27.31:926][326]LogModuleManager: Shutting down and abandoning module WindowsMoviePlayer (202)
[2017.04.13-05.27.31:926][326]LogModuleManager: Shutting down and abandoning module WmfMedia (200)
[2017.04.13-05.27.31:926][326]LogModuleManager: Shutting down and abandoning module MfMedia (198)
[2017.04.13-05.27.31:926][326]LogModuleManager: Shutting down and abandoning module MediaAssets (196)
[2017.04.13-05.27.31:926][326]LogModuleManager: Shutting down and abandoning module GameLiveStreaming (194)
[2017.04.13-05.27.31:926][326]LogModuleManager: Shutting down and abandoning module VREditor (192)
[2017.04.13-05.27.31:926][326]LogModuleManager: Shutting down and abandoning module GameplayTasksEditor (190)
[2017.04.13-05.27.31:926][326]LogModuleManager: Shutting down and abandoning module BehaviorTreeEditor (188)
[2017.04.13-05.27.31:926][326]LogModuleManager: Shutting down and abandoning module FunctionalTesting (186)
[2017.04.13-05.27.31:926][326]LogModuleManager: Shutting down and abandoning module CollisionAnalyzer (184)
[2017.04.13-05.27.31:926][326]LogModuleManager: Shutting down and abandoning module UMG (182)
[2017.04.13-05.27.31:926][326]LogModuleManager: Shutting down and abandoning module UMGEditor (181)
[2017.04.13-05.27.31:927][326]LogModuleManager: Shutting down and abandoning module Sequencer (180)
[2017.04.13-05.27.31:927][326]LogModuleManager: Shutting down and abandoning module AssetTools (178)
[2017.04.13-05.27.31:927][326]LogModuleManager: Shutting down and abandoning module MessageLog (177)
[2017.04.13-05.27.31:927][326]LogModuleManager: Shutting down and abandoning module WorkspaceMenuStructure (176)
[2017.04.13-05.27.31:927][326]LogModuleManager: Shutting down and abandoning module SlateReflector (170)
[2017.04.13-05.27.31:927][326]LogModuleManager: Shutting down and abandoning module Slate (168)
[2017.04.13-05.27.31:927][326]LogModuleManager: Shutting down and abandoning module EditorStyle (166)
[2017.04.13-05.27.31:928][326]LogModuleManager: Shutting down and abandoning module SourceCodeAccess (164)
[2017.04.13-05.27.31:928][326]LogModuleManager: Shutting down and abandoning module HeadMountedDisplay (162)
[2017.04.13-05.27.31:928][326]LogModuleManager: Shutting down and abandoning module XAudio2 (160)
[2017.04.13-05.27.31:928][326]LogModuleManager: Shutting down and abandoning module Networking (158)
[2017.04.13-05.27.31:928][326]LogModuleManager: Shutting down and abandoning module Core (154)
[2017.04.13-05.27.31:928][326]LogModuleManager: Shutting down and abandoning module AssetRegistry (152)
[2017.04.13-05.27.32:043][326]LogDirectoryWatcher: A directory notification for '../../../Engine/Content/' was aborted.
[2017.04.13-05.27.32:043][326]LogDirectoryWatcher: A directory notification for 'C:/Users/trees/Desktop/RealisticProjectilePhysic/Content/' was aborted.
[2017.04.13-05.27.32:043][326]LogDirectoryWatcher: A directory notification for '../../../Engine/Plugins/2D/Paper2D/Content/' was aborted.
[2017.04.13-05.27.32:043][326]LogModuleManager: Shutting down and abandoning module DirectoryWatcher (151)
[2017.04.13-05.27.32:044][326]LogModuleManager: Shutting down and abandoning module KismetCompiler (148)
[2017.04.13-05.27.32:044][326]LogModuleManager: Shutting down and abandoning module PhysXFormats (146)
[2017.04.13-05.27.32:044][326]LogModuleManager: Shutting down and abandoning module MeshUtilities (144)
[2017.04.13-05.27.32:044][326]LogModuleManager: Shutting down and abandoning module SimplygonSwarm (143)
[2017.04.13-05.27.32:044][326]LogModuleManager: Shutting down and abandoning module SimplygonMeshReduction (141)
[2017.04.13-05.27.32:044][326]LogModuleManager: Shutting down and abandoning module QuadricMeshReduction (139)
[2017.04.13-05.27.32:044][326]LogModuleManager: Shutting down and abandoning module PropertyEditor (137)
[2017.04.13-05.27.32:044][326]LogModuleManager: Shutting down and abandoning module DerivedDataCache (134)
[2017.04.13-05.27.32:162][326]LogDerivedDataCache: Shutdown
[2017.04.13-05.27.32:162][326]LogModuleManager: Shutting down and abandoning module TargetPlatform (132)
[2017.04.13-05.27.32:162][326]LogModuleManager: Shutting down and abandoning module VulkanShaderFormat (131)
[2017.04.13-05.27.32:162][326]LogModuleManager: Shutting down and abandoning module ShaderFormatOpenGL (129)
[2017.04.13-05.27.32:162][326]LogModuleManager: Shutting down and abandoning module ShaderFormatD3D (127)
[2017.04.13-05.27.32:162][326]LogModuleManager: Shutting down and abandoning module MetalShaderFormat (125)
[2017.04.13-05.27.32:162][326]LogModuleManager: Shutting down and abandoning module TextureFormatUncompressed (123)
[2017.04.13-05.27.32:162][326]LogModuleManager: Shutting down and abandoning module TextureFormatPVR (121)
[2017.04.13-05.27.32:162][326]LogModuleManager: Shutting down and abandoning module TextureFormatDXT (119)
[2017.04.13-05.27.32:162][326]LogModuleManager: Shutting down and abandoning module TextureFormatIntelISPCTexComp (117)
[2017.04.13-05.27.32:163][326]LogModuleManager: Shutting down and abandoning module TextureFormatASTC (115)
[2017.04.13-05.27.32:163][326]LogModuleManager: Shutting down and abandoning module ImageWrapper (114)
[2017.04.13-05.27.32:163][326]LogModuleManager: Shutting down and abandoning module TextureFormatAndroid (111)
[2017.04.13-05.27.32:163][326]LogModuleManager: Shutting down and abandoning module AudioFormatOpus (109)
[2017.04.13-05.27.32:163][326]LogModuleManager: Shutting down and abandoning module AudioFormatOgg (107)
[2017.04.13-05.27.32:163][326]LogModuleManager: Shutting down and abandoning module AudioFormatADPCM (105)
[2017.04.13-05.27.32:163][326]LogModuleManager: Shutting down and abandoning module LinuxTargetPlatform (103)
[2017.04.13-05.27.32:163][326]LogModuleManager: Shutting down and abandoning module LinuxServerTargetPlatform (101)
[2017.04.13-05.27.32:163][326]LogModuleManager: Shutting down and abandoning module LinuxNoEditorTargetPlatform (99)
[2017.04.13-05.27.32:163][326]LogModuleManager: Shutting down and abandoning module LinuxClientTargetPlatform (97)
[2017.04.13-05.27.32:163][326]LogModuleManager: Shutting down and abandoning module TVOSTargetPlatform (95)
[2017.04.13-05.27.32:163][326]LogModuleManager: Shutting down and abandoning module Messaging (93)
[2017.04.13-05.27.32:163][326]LogModuleManager: Shutting down and abandoning module IOSTargetPlatform (91)
[2017.04.13-05.27.32:163][326]LogModuleManager: Shutting down and abandoning module HTML5TargetPlatform (89)
[2017.04.13-05.27.32:163][326]LogModuleManager: Shutting down and abandoning module Android_PVRTCTargetPlatform (87)
[2017.04.13-05.27.32:163][326]LogModuleManager: Shutting down and abandoning module Android_MultiTargetPlatform (85)
[2017.04.13-05.27.32:163][326]LogModuleManager: Shutting down and abandoning module Android_ETC2TargetPlatform (83)
[2017.04.13-05.27.32:163][326]LogModuleManager: Shutting down and abandoning module Android_ETC1TargetPlatform (81)
[2017.04.13-05.27.32:163][326]LogModuleManager: Shutting down and abandoning module Android_DXTTargetPlatform (79)
[2017.04.13-05.27.32:163][326]LogModuleManager: Shutting down and abandoning module Android_ATCTargetPlatform (77)
[2017.04.13-05.27.32:163][326]LogModuleManager: Shutting down and abandoning module Android_ASTCTargetPlatform (75)
[2017.04.13-05.27.32:163][326]LogModuleManager: Shutting down and abandoning module AndroidTargetPlatform (73)
[2017.04.13-05.27.32:163][326]LogModuleManager: Shutting down and abandoning module WindowsTargetPlatform (71)
[2017.04.13-05.27.32:163][326]LogModuleManager: Shutting down and abandoning module WindowsServerTargetPlatform (69)
[2017.04.13-05.27.32:163][326]LogModuleManager: Shutting down and abandoning module WindowsNoEditorTargetPlatform (67)
[2017.04.13-05.27.32:163][326]LogModuleManager: Shutting down and abandoning module WindowsClientTargetPlatform (65)
[2017.04.13-05.27.32:163][326]LogModuleManager: Shutting down and abandoning module MacTargetPlatform (63)
[2017.04.13-05.27.32:163][326]LogModuleManager: Shutting down and abandoning module MacServerTargetPlatform (61)
[2017.04.13-05.27.32:163][326]LogModuleManager: Shutting down and abandoning module MacNoEditorTargetPlatform (59)
[2017.04.13-05.27.32:163][326]LogModuleManager: Shutting down and abandoning module MacClientTargetPlatform (57)
[2017.04.13-05.27.32:163][326]LogModuleManager: Shutting down and abandoning module AllDesktopTargetPlatform (55)
[2017.04.13-05.27.32:163][326]LogModuleManager: Shutting down and abandoning module InputCore (52)
[2017.04.13-05.27.32:163][326]LogModuleManager: Shutting down and abandoning module Settings (50)
[2017.04.13-05.27.32:163][326]LogModuleManager: Shutting down and abandoning module OculusRift (48)
[2017.04.13-05.27.32:163][326]LogModuleManager: Shutting down and abandoning module GearVR (46)
[2017.04.13-05.27.32:163][326]LogModuleManager: Shutting down and abandoning module ExampleDeviceProfileSelector (44)
[2017.04.13-05.27.32:163][326]LogModuleManager: Shutting down and abandoning module OnlineBlueprintSupport (42)
[2017.04.13-05.27.32:163][326]LogModuleManager: Shutting down and abandoning module OnlineSubsystem (38)
[2017.04.13-05.27.32:163][326]LogOnline:Display: Unloading online subsystem: NULL
[2017.04.13-05.27.32:163][326]LogModuleManager: Shutting down and abandoning module XMPP (37)
[2017.04.13-05.27.32:163][326]LogModuleManager: Shutting down and abandoning module HTTP (35)
[2017.04.13-05.27.32:163][326]LogHttp:Display: Http module shutting down, but needs to wait on 1 outstanding Http requests:
[2017.04.13-05.27.32:163][326]LogHttp:Display: 	verb=[POST] url=[https://datarouter.ol.epicgames.com/datarouter/api/v1/public/data?SessionID=%7BA08174C8-4D54-C249-934A-D3A5539305BC%7D&AppID=UEEditor.Rocket.Release&AppVersion=4.15.1-3348071%2B%2B%2BUE4%2BRelease-4.15&UserID=3f09b021478f4ea3820687a7501f7045%7Ca07c6e0db55145f8875d692d39b3d6c0%7C61885c6e-cf4f-489e-ae01-97c8696b31ad&AppEnvironment=datacollector-binary&UploadType=eteventstream] status=Processing
[2017.04.13-05.27.32:187][326]LogModuleManager: Shutting down and abandoning module SSL (34)
[2017.04.13-05.27.32:189][326]LogModuleManager: Shutting down and abandoning module AudioEditor (30)
[2017.04.13-05.27.32:189][326]LogModuleManager: Shutting down and abandoning module TextureCompressor (28)
[2017.04.13-05.27.32:189][326]LogModuleManager: Shutting down and abandoning module ShaderCore (26)
[2017.04.13-05.27.32:189][326]LogModuleManager: Shutting down and abandoning module Landscape (24)
[2017.04.13-05.27.32:189][326]LogModuleManager: Shutting down and abandoning module SlateRHIRenderer (22)
[2017.04.13-05.27.32:189][326]LogModuleManager: Shutting down and abandoning module OpenGLDrv (20)
[2017.04.13-05.27.32:189][326]LogModuleManager: Shutting down and abandoning module D3D11RHI (18)
[2017.04.13-05.27.32:189][326]LogModuleManager: Shutting down and abandoning module AnimGraphRuntime (16)
[2017.04.13-05.27.32:189][326]LogModuleManager: Shutting down and abandoning module Renderer (14)
[2017.04.13-05.27.32:189][326]LogModuleManager: Shutting down and abandoning module Engine (12)
[2017.04.13-05.27.32:189][326]LogModuleManager: Shutting down and abandoning module CoreUObject (10)
[2017.04.13-05.27.32:189][326]LogModuleManager: Shutting down and abandoning module NetworkFile (8)
[2017.04.13-05.27.32:189][326]LogModuleManager: Shutting down and abandoning module StreamingFile (6)
[2017.04.13-05.27.32:190][326]LogModuleManager: Shutting down and abandoning module SandboxFile (4)
[2017.04.13-05.27.32:190][326]LogModuleManager: Shutting down and abandoning module PakFile (2)
[2017.04.13-05.27.32:191][326]LogExit: Exiting.
[2017.04.13-05.27.32:192][326]Log file closed, 04/13/17 06:27:32
