Log file open, 04/10/17 19:46:07
LogInit:Display: Running engine for game: RealisticProjectilePhysic
LogPlatformFile: Not using cached read wrapper
LogInit:Display: RandInit(1721496672) SRandInit(1721496672).
LogInit: Using version manifest at CL 0 with build ID '2ae30968-5f93-4c4c-9b8c-e07958c15ab0'
LogTaskGraph: Started task graph with 5 named threads and 8 total threads with 1 sets of task threads.
LogStats: Stats thread started at 0.099221
LogInit: Using libcurl 7.47.1
LogInit:  - built for x86_64-pc-win32
LogInit:  - supports SSL with OpenSSL/1.0.2g
LogInit:  - supports HTTP deflate (compression) using libz 1.2.8
LogInit:  - other features:
LogInit:      CURL_VERSION_SSL
LogInit:      CURL_VERSION_LIBZ
LogInit:      CURL_VERSION_IPV6
LogInit:      CURL_VERSION_ASYNCHDNS
LogInit:      CURL_VERSION_LARGEFILE
LogInit:      CURL_VERSION_IDN
LogInit:  CurlRequestOptions (configurable via config and command line):
LogInit:  - bVerifyPeer = false  - Libcurl will NOT verify peer certificate
LogInit:  - bUseHttpProxy = false  - Libcurl will NOT use HTTP proxy
LogInit:  - bDontReuseConnections = false  - Libcurl will reuse connections
LogInit:  - CertBundlePath = nullptr  - Libcurl will use whatever was configured at build time.
LogInit: Build: ++UE4+Release-4.15-CL-0
LogInit: Engine Version: 4.15.2-0+++UE4+Release-4.15
LogInit: Compatible Engine Version: 4.15.0-0+++UE4+Release-4.15
LogInit: Net CL: 0
LogDevObjectVersion: Number of dev versions registered: 14
LogDevObjectVersion:   Dev-Blueprints (B0D832E4-1F89-4F0D-ACCF-7EB736FD4AA2): 8
LogDevObjectVersion:   Dev-Build (E1C64328-A22C-4D53-A36C-8E866417BD8C): 0
LogDevObjectVersion:   Dev-Core (375EC13C-06E4-48FB-B500-84F0262A717E): 2
LogDevObjectVersion:   Dev-Editor (E4B068ED-F494-42E9-A231-DA0B2E46BB41): 14
LogDevObjectVersion:   Dev-Framework (CFFC743F-43B0-4480-9391-14DF171D2073): 22
LogDevObjectVersion:   Dev-Mobile (B02B49B5-BB20-44E9-A304-32B752E40360): 0
LogDevObjectVersion:   Dev-Networking (A4E4105C-59A1-49B5-A7C5-40C4547EDFEE): 0
LogDevObjectVersion:   Dev-Online (39C831C9-5AE6-47DC-9A44-9C173E1C8E7C): 0
LogDevObjectVersion:   Dev-Physics (78F01B33-EBEA-4F98-B9B4-84EACCB95AA2): 0
LogDevObjectVersion:   Dev-Platform (6631380F-2D4D-43E0-8009-CF276956A95A): 0
LogDevObjectVersion:   Dev-Rendering (12F88B9F-8875-4AFC-A67C-D90C383ABD29): 12
LogDevObjectVersion:   Dev-Sequencer (7B5AE74C-D270-4C10-A958-57980B212A5A): 3
LogDevObjectVersion:   Dev-VR (D7296918-1DD6-4BDD-9DE2-64A83CC13884): 0
LogDevObjectVersion:   Dev-LoadTimes (C2A15278-BFE7-4AFE-6C17-90FF531DF755): 1
LogInit: Compiled (64-bit): Apr  8 2017 23:09:12
LogInit: Compiled with Visual C++: 19.00.24215.01
LogInit: Build Configuration: Development
LogInit: Branch Name: ++UE4+Release-4.15
LogInit: Command line: 
LogInit: Base directory: C:/UnrealEngineRelease/UnrealEngine-4.15/Engine/Binaries/Win64/
LogInit: Installed Engine Build: 0
LogInit: Presizing for max 8388607 objects, including 0 objects not considered by GC, pre-allocating 0 bytes for permanent pool.
LogInit: Object subsystem initialized
[2017.04.10-23.46.08:410][  0]LogInit: Selected Device Profile: [Windows]
[2017.04.10-23.46.08:410][  0]LogInit: Applying CVar settings loaded from the selected device profile: [Windows]
[2017.04.10-23.46.08:450][  0]LogInit: Computer: CALHOUN
[2017.04.10-23.46.08:450][  0]LogInit: User: Morgan
[2017.04.10-23.46.08:450][  0]LogInit: CPU Page size=65536, Cores=4
[2017.04.10-23.46.08:450][  0]LogInit: High frequency timer resolution =2.533204 MHz
[2017.04.10-23.46.08:450][  0]LogMemory: Memory total: Physical=7.9GB (8GB approx)
[2017.04.10-23.46.08:450][  0]LogMemory: Platform Memory Stats for Windows
[2017.04.10-23.46.08:450][  0]LogMemory: Process Physical Memory: 260.55 MB used, 260.55 MB peak
[2017.04.10-23.46.08:450][  0]LogMemory: Process Virtual Memory: 261.68 MB used, 261.68 MB peak
[2017.04.10-23.46.08:450][  0]LogMemory: Physical Memory: 4105.53 MB used,  3998.74 MB free, 8104.27 MB total
[2017.04.10-23.46.08:450][  0]LogMemory: Virtual Memory: 613.94 MB used,  3998.74 MB free, 134217728.00 MB total
[2017.04.10-23.46.08:630][  0]LogTextLocalizationManager: No specific translations for ('en-US') exist, so ('en') translations will be used.
[2017.04.10-23.46.09:396][  0]LogD3D11RHI: D3D11 adapters:
[2017.04.10-23.46.09:422][  0]LogD3D11RHI:    0. 'NVIDIA GeForce GTX 960M' (Feature Level 11_0)
[2017.04.10-23.46.09:422][  0]LogD3D11RHI:       1980/0/4052 MB DedicatedVideo/DedicatedSystem/SharedSystem, Outputs:1, VendorId:0x10de
[2017.04.10-23.46.09:428][  0]LogD3D11RHI:    1. 'Intel(R) HD Graphics 4600' (Feature Level 11_0)
[2017.04.10-23.46.09:428][  0]LogD3D11RHI:       0/0/1792 MB DedicatedVideo/DedicatedSystem/SharedSystem, Outputs:0, VendorId:0x8086
[2017.04.10-23.46.09:429][  0]LogD3D11RHI:    2. 'Microsoft Basic Render Driver' (Feature Level 11_0)
[2017.04.10-23.46.09:429][  0]LogD3D11RHI:       0/0/256 MB DedicatedVideo/DedicatedSystem/SharedSystem, Outputs:0, VendorId:0x1414
[2017.04.10-23.46.09:429][  0]LogD3D11RHI: Chosen D3D11 Adapter: 0
[2017.04.10-23.46.09:433][  0]LogD3D11RHI: Creating new Direct3DDevice
[2017.04.10-23.46.09:433][  0]LogD3D11RHI:     GPU DeviceId: 0x139b (for the marketing name, search the web for "GPU Device Id")
[2017.04.10-23.46.09:433][  0]LogWindows: EnumDisplayDevices:
[2017.04.10-23.46.09:434][  0]LogWindows:    0. 'Intel(R) HD Graphics 4600' (P:1 D:1)
[2017.04.10-23.46.09:434][  0]LogWindows:    1. 'Intel(R) HD Graphics 4600' (P:0 D:0)
[2017.04.10-23.46.09:434][  0]LogWindows:    2. 'Intel(R) HD Graphics 4600' (P:0 D:0)
[2017.04.10-23.46.09:434][  0]LogWindows: DebugString: PrimaryIsNotTheChoosenAdapter PrimaryIsNotTheChoosenAdapter PrimaryIsNotTheChoosenAdapter FoundDriverCount:0 
[2017.04.10-23.46.09:434][  0]LogD3D11RHI:     Adapter Name: NVIDIA GeForce GTX 960M
[2017.04.10-23.46.09:434][  0]LogD3D11RHI:   Driver Version: Unknown (internal:Unknown, unified:Unknown)
[2017.04.10-23.46.09:434][  0]LogD3D11RHI:      Driver Date: Unknown
[2017.04.10-23.46.09:434][  0]LogRHI: Texture pool is 1361 MB (70% of 1945 MB)
[2017.04.10-23.46.09:447][  0]LogD3D11RHI: Async texture creation enabled
[2017.04.10-23.46.09:465][  0]LogD3D11RHI: GPU Timing Frequency: 1000.000000 (Debug: 2 2)
[2017.04.10-23.46.09:465][  0]LogShaderCompilers: Guid format shader working directory is -32 characters bigger than the processId version (../../../../../Users/Morgan/Documents/Unreal Projects/RealisticProjectilePhysic/Intermediate/Shaders/WorkingDirectory/5960/).
[2017.04.10-23.46.09:465][  0]LogShaderCompilers: Cleaned the shader compiler working directory 'C:/Users/Morgan/AppData/Local/Temp/UnrealShaderWorkingDir/01DFC86C4C4851CEBE16F2A3EC19F88A/'.
[2017.04.10-23.46.09:465][  0]LogShaderCompilers:Display: Using Local Shader Compiler.
[2017.04.10-23.46.10:821][  0]LogTemp:Display: Loaded TP MacTargetPlatform
[2017.04.10-23.46.10:877][  0]LogTemp:Display: Loaded TP MacNoEditorTargetPlatform
[2017.04.10-23.46.10:935][  0]LogTemp:Display: Loaded TP MacServerTargetPlatform
[2017.04.10-23.46.10:993][  0]LogTemp:Display: Loaded TP MacClientTargetPlatform
[2017.04.10-23.46.11:047][  0]LogTemp:Display: Loaded TP WindowsTargetPlatform
[2017.04.10-23.46.11:106][  0]LogTemp:Display: Loaded TP WindowsNoEditorTargetPlatform
[2017.04.10-23.46.11:173][  0]LogTemp:Display: Loaded TP WindowsServerTargetPlatform
[2017.04.10-23.46.11:267][  0]LogTemp:Display: Loaded TP WindowsClientTargetPlatform
[2017.04.10-23.46.11:332][  0]LogTemp:Display: Loaded TP AllDesktopTargetPlatform
[2017.04.10-23.46.11:387][  0]LogTemp:Display: Loaded TP AndroidTargetPlatform
[2017.04.10-23.46.11:441][  0]LogTemp:Display: Loaded TP Android_PVRTCTargetPlatform
[2017.04.10-23.46.11:494][  0]LogTemp:Display: Loaded TP Android_ATCTargetPlatform
[2017.04.10-23.46.11:551][  0]LogTemp:Display: Loaded TP Android_DXTTargetPlatform
[2017.04.10-23.46.11:605][  0]LogTemp:Display: Loaded TP Android_ETC1TargetPlatform
[2017.04.10-23.46.11:671][  0]LogTemp:Display: Loaded TP Android_ETC2TargetPlatform
[2017.04.10-23.46.11:738][  0]LogTemp:Display: Loaded TP Android_ASTCTargetPlatform
[2017.04.10-23.46.11:816][  0]LogTemp:Display: Loaded TP Android_MultiTargetPlatform
[2017.04.10-23.46.11:858][  0]LogTemp:Display: Loaded TP HTML5TargetPlatform
[2017.04.10-23.46.11:962][  0]LogTemp:Display: Loaded TP IOSTargetPlatform
[2017.04.10-23.46.11:998][  0]LogTemp:Display: Loaded TP TVOSTargetPlatform
[2017.04.10-23.46.11:998][  0]LogTargetPlatformManager:Display: Building Assets For Windows
[2017.04.10-23.46.12:504][  0]LogDerivedDataCache:Display: Max Cache Size: 512 MB
[2017.04.10-23.46.13:543][  0]LogDerivedDataCache: Loaded boot cache 0.95s 50MB ../../../../../Users/Morgan/Documents/Unreal Projects/RealisticProjectilePhysic/DerivedDataCache/Boot.ddc.
[2017.04.10-23.46.13:543][  0]LogDerivedDataCache:Display: Loaded Boot cache: ../../../../../Users/Morgan/Documents/Unreal Projects/RealisticProjectilePhysic/DerivedDataCache/Boot.ddc
[2017.04.10-23.46.13:543][  0]LogDerivedDataCache: FDerivedDataBackendGraph:  Pak pak cache file ../../../../../Users/Morgan/Documents/Unreal Projects/RealisticProjectilePhysic/DerivedDataCache/DDC.ddp not found, will not use a pak cache.
[2017.04.10-23.46.13:543][  0]LogDerivedDataCache: Unable to find inner node Pak for hierarchical cache Hierarchy.
[2017.04.10-23.46.13:544][  0]LogDerivedDataCache: FDerivedDataBackendGraph:  EnginePak pak cache file ../../../Engine/DerivedDataCache/DDC.ddp not found, will not use a pak cache.
[2017.04.10-23.46.13:544][  0]LogDerivedDataCache: Unable to find inner node EnginePak for hierarchical cache Hierarchy.
[2017.04.10-23.46.13:555][  0]LogDerivedDataCache: Using Local data cache path ../../../Engine/DerivedDataCache: Writable
[2017.04.10-23.46.13:555][  0]LogDerivedDataCache: Shared data cache path not found in *engine.ini, will not use an Shared cache.
[2017.04.10-23.46.13:555][  0]LogDerivedDataCache: Unable to find inner node Shared for hierarchical cache Hierarchy.
[2017.04.10-23.46.13:567][  0]LogSlate: Using Freetype 2.6.0
[2017.04.10-23.46.13:568][  0]LogSlate: SlateFontCache - WITH_FREETYPE: 1, WITH_HARFBUZZ: 1
[2017.04.10-23.46.13:568][  0]LogSlate: SlateFontCache - WITH_FREETYPE: 1, WITH_HARFBUZZ: 1
[2017.04.10-23.46.13:943][  0]LogInit: Selected Device Profile: [Windows]
[2017.04.10-23.46.13:947][  0]LogContentStreaming: Texture pool size is 0.00 MB
[2017.04.10-23.46.14:224][  0]LogMeshUtilities: Using QuadricMeshReduction for automatic static mesh reduction
[2017.04.10-23.46.14:242][  0]LogMeshUtilities: No automatic skeletal mesh reduction module available
[2017.04.10-23.46.14:242][  0]LogMeshUtilities: No automatic mesh merging module available
[2017.04.10-23.46.14:242][  0]LogMeshUtilities: No distributed automatic mesh merging module available
[2017.04.10-23.46.15:062][  0]LogNetVersion: GetLocalNetworkVersion: CL: 0, ProjectName: realisticprojectilephysic, ProjectVersion: , EngineNetworkVersion: 2, GameNetworkVersion: 0, NetworkChecksum: 1050674056
[2017.04.10-23.46.15:109][  0]LogAssetRegistry: FAssetRegistry took 0.0217 seconds to start up
[2017.04.10-23.46.15:438][  0]LogPackageLocalizationCache: Processed 3 localized package path(s) for 2 prioritized culture(s) in 0.295934 seconds
[2017.04.10-23.46.15:445][  0]LogUObjectArray: 32452 objects as part of root set at end of initial load.
[2017.04.10-23.46.15:445][  0]LogUObjectAllocator: 7070304 out of 0 bytes used by permanent object pool.
[2017.04.10-23.46.15:445][  0]LogUObjectArray: CloseDisregardForGC: 0/0 objects in disregard for GC pool
[2017.04.10-23.46.15:514][  0]LogInit: WinSock: version 1.1 (2.2), MaxSocks=32767, MaxUdp=65467
[2017.04.10-23.46.17:321][  0]LogTcpMessaging: Initializing TcpMessaging bridge
[2017.04.10-23.46.17:366][  0]LogUdpMessaging: Initializing bridge on interface 0.0.0.0:0 to multicast group 230.0.0.1:6666.
[2017.04.10-23.46.17:945][  0]LogMaterial: Uniform references updated for custom material expression Custom.
[2017.04.10-23.46.18:373][  0]SourceControl: Info Source control is disabled
[2017.04.10-23.46.18:401][  0]SourceControl: Info Source control is disabled
[2017.04.10-23.46.18:456][  0]SourceControl: Info Source control is disabled
[2017.04.10-23.46.18:508][  0]SourceControl: Info Source control is disabled
[2017.04.10-23.46.19:973][  0]LogEngine: Initializing Engine...
[2017.04.10-23.46.19:973][  0]LogHMD: Failed to initialize OpenVR with code 110
[2017.04.10-23.46.20:115][  0]LogStats: UGameplayTagsManager::ConstructGameplayTagTree: Construct from data asset -  0.000 s
[2017.04.10-23.46.20:115][  0]LogStats: UGameplayTagsManager::ConstructGameplayTagTree: GameplayTagTreeChangedEvent.Broadcast -  0.000 s
[2017.04.10-23.46.20:241][  0]LogAIModule: Creating AISystem for world Untitled
[2017.04.10-23.46.20:248][  0]LogInit: XAudio2 using 'Speakers (High Definition Audio Device)' : 2 channels at 44.1 kHz using 16 bits per sample (channel mask 0x3)
[2017.04.10-23.46.20:253][  0]LogInit: FAudioDevice initialized.
[2017.04.10-23.46.20:378][  0]LogDerivedDataCache: Saved boot cache 0.12s 50MB ../../../../../Users/Morgan/Documents/Unreal Projects/RealisticProjectilePhysic/DerivedDataCache/Boot.ddc.
[2017.04.10-23.46.20:384][  0]LogInit: Texture streaming: Enabled
[2017.04.10-23.46.20:490][  0]LogEngineSessionManager: EngineSessionManager initialized
[2017.04.10-23.46.20:580][  0]LogInit: Transaction tracking system initialized
[2017.04.10-23.46.20:928][  0]BlueprintLog: New page: Editor Load
[2017.04.10-23.46.21:826][  0]LocalizationService: Info Localization service is disabled
[2017.04.10-23.46.22:556][  0]LogConsoleResponse:Display: 
[2017.04.10-23.46.22:716][  0]LogCook:Display: Max memory allowance for cook 16384mb min free memory 0mb
[2017.04.10-23.46.22:716][  0]LogCook:Display: Mobile HDR setting 1
[2017.04.10-23.46.23:549][  0]LogFileCache: Scanning file cache for directory 'C:/Users/Morgan/Documents/Unreal Projects/RealisticProjectilePhysic/Content/' took 0.02s
[2017.04.10-23.46.23:869][  0]SourceControl: Info Source control is disabled
[2017.04.10-23.46.23:869][  0]Cmd: MAP LOAD FILE="../../../../../Users/Morgan/Documents/Unreal Projects/RealisticProjectilePhysic/Content/ProjectilePhysics/Maps/Overview.umap" TEMPLATE=0 SHOWPROGRESS=1 FEATURELEVEL=3
[2017.04.10-23.46.23:965][  0]LightingResults: New page: Lighting Build
[2017.04.10-23.46.24:008][  0]MapCheck: New page: Map Check
[2017.04.10-23.46.24:008][  0]LightingResults: New page: Lighting Build
[2017.04.10-23.46.25:960][  0]LogAIModule: Creating AISystem for world Overview
[2017.04.10-23.46.25:995][  0]LogEditorServer: Finished looking for orphan Actors (0.000 secs)
[2017.04.10-23.46.25:995][  0]Cmd: MAP CHECKDEP NOCLEARLOG
[2017.04.10-23.46.26:040][  0]MapCheck: Info Map check complete: 0 Error(s), 0 Warning(s), took 45.067ms to complete.
[2017.04.10-23.46.26:040][  0]LogFileHelpers: Loading map 'Overview' took 2.171
[2017.04.10-23.46.26:098][  0]LogWindowsTextInputMethodSystem:Display: IME system now deactivated.
[2017.04.10-23.46.26:098][  0]LogWindowsTextInputMethodSystem:Display: IME system now deactivated.
[2017.04.10-23.46.26:502][  0]LogCollectionManager: Loaded 0 collections in 0.002168 seconds
[2017.04.10-23.46.26:580][  0]LogFileCache: Scanning file cache for directory 'C:/Users/Morgan/Documents/Unreal Projects/RealisticProjectilePhysic/Saved/Collections/' took 0.01s
[2017.04.10-23.46.26:580][  0]LogFileCache: Scanning file cache for directory 'C:/Users/Morgan/Documents/Unreal Projects/RealisticProjectilePhysic/Content/Developers/Morgan/Collections/' took 0.01s
[2017.04.10-23.46.26:580][  0]LogFileCache: Scanning file cache for directory 'C:/Users/Morgan/Documents/Unreal Projects/RealisticProjectilePhysic/Content/Collections/' took 0.01s
[2017.04.10-23.46.26:580][  0]LogCollectionManager: Rebuilt the GUID cache for 0 collections in 0.000002 seconds
[2017.04.10-23.46.26:592][  0]LogContentBrowser: Native class hierarchy populated in 0.0114 seconds. Added 2245 classes and 454 folders.
[2017.04.10-23.46.26:659][  0]LogContentBrowser: Native class hierarchy updated for 'WidgetCarousel' in 0.0019 seconds. Added 0 classes and 0 folders.
[2017.04.10-23.46.31:506][  0]LogContentBrowser: Native class hierarchy updated for 'AddContentDialog' in 0.0021 seconds. Added 0 classes and 0 folders.
[2017.04.10-23.46.31:584][  0]LogContentBrowser: Native class hierarchy updated for 'SceneOutliner' in 0.0019 seconds. Added 1 classes and 2 folders.
[2017.04.10-23.46.31:637][  0]LogCrashTracker: Crashtracker disabled due to settings.
[2017.04.10-23.46.31:645][  0]LogUObjectGlobals:Warning: Failed to find object 'Class None.'
[2017.04.10-23.46.31:722][  0]LogContentBrowser: Native class hierarchy updated for 'HierarchicalLODOutliner' in 0.0020 seconds. Added 1 classes and 2 folders.
[2017.04.10-23.46.31:723][  0]LogLoad: (Engine Initialization) Total time: 25.96 seconds
[2017.04.10-23.46.31:723][  0]LogLoad: (Engine Initialization) Total Blueprint compile time: 0.11 seconds
[2017.04.10-23.46.31:723][  0]LogExternalProfiler: No external profilers were discovered.  External profiling features will not be available.
[2017.04.10-23.46.31:732][  0]LogOcInput: OculusInput pre-init called
[2017.04.10-23.46.31:801][  0]LogContentStreaming: Texture pool size now 1000 MB
[2017.04.10-23.46.31:805][  0]LogSlate: Took 0.000213 seconds to synchronously load lazily loaded font '../../../Engine/Content/Slate/Fonts/Roboto-Regular.ttf' (155K)
[2017.04.10-23.46.31:809][  0]LogSlate: Took 0.000261 seconds to synchronously load lazily loaded font '../../../Engine/Content/Slate/Fonts/Roboto-Bold.ttf' (160K)
[2017.04.10-23.46.31:897][  0]LogSlate: Took 0.081673 seconds to synchronously load lazily loaded font '../../../Engine/Content/Editor/Slate/Fonts/FontAwesome.ttf' (139K)
[2017.04.10-23.46.32:033][  0]LogSlate: Took 0.132230 seconds to synchronously load lazily loaded font '../../../Engine/Content/Slate/Fonts/Roboto-Light.ttf' (159K)
[2017.04.10-23.46.33:281][  0]LogSlate: Took 0.000209 seconds to synchronously load lazily loaded font '../../../Engine/Content/Slate/Fonts/Roboto-Light.ttf' (159K)
[2017.04.10-23.46.33:352][  0]LogRenderer: Reallocating scene render targets to support 1208x576 NumSamples 1 (Frame:2).
[2017.04.10-23.46.33:704][  1]LogAssetRegistry: Asset discovery search completed in 18.6170 seconds
[2017.04.10-23.46.33:704][  1]LogCollectionManager: Rebuilt the object cache for 0 collections in 0.000001 seconds (found 0 objects)
[2017.04.10-23.46.33:704][  1]LogCollectionManager: Fixed up redirectors for 0 collections in 0.000018 seconds (updated 0 objects)
[2017.04.10-23.46.38:869][ 17]LogFileCache: Retrieving MD5 hashes for directory 'C:/Users/Morgan/Documents/Unreal Projects/RealisticProjectilePhysic/Content/' took 7.12s
