Log file open, 04/13/17 22:20:47
LogInit:Display: Running engine for game: RealisticProjectilePhysic
LogPlatformFile: Not using cached read wrapper
LogInit:Display: RandInit(1187744447) SRandInit(1187744447).
LogTaskGraph: Started task graph with 5 named threads and 8 total threads with 1 sets of task threads.
LogStats: Stats thread started at 0.078539
LogInit: Using libcurl 7.47.1
LogInit:  - built for x86_64-pc-win32
LogInit:  - supports SSL with OpenSSL/1.0.2g
LogInit:  - supports HTTP deflate (compression) using libz 1.2.8
LogInit:  - other features:
LogInit:      CURL_VERSION_SSL
LogInit:      CURL_VERSION_LIBZ
LogInit:      CURL_VERSION_IPV6
LogInit:      CURL_VERSION_ASYNCHDNS
LogInit:      CURL_VERSION_LARGEFILE
LogInit:      CURL_VERSION_IDN
LogInit:  CurlRequestOptions (configurable via config and command line):
LogInit:  - bVerifyPeer = false  - Libcurl will NOT verify peer certificate
LogInit:  - bUseHttpProxy = false  - Libcurl will NOT use HTTP proxy
LogInit:  - bDontReuseConnections = false  - Libcurl will reuse connections
LogInit:  - CertBundlePath = nullptr  - Libcurl will use whatever was configured at build time.
LogInit: Build: ++UE4+Release-4.15-CL-3348071
LogInit: Engine Version: 4.15.1-3348071+++UE4+Release-4.15
LogInit: Compatible Engine Version: 4.15.0-3299760+++UE4+Release-4.15
LogInit: Net CL: 3299760
LogDevObjectVersion: Number of dev versions registered: 14
LogDevObjectVersion:   Dev-Blueprints (B0D832E4-1F89-4F0D-ACCF-7EB736FD4AA2): 8
LogDevObjectVersion:   Dev-Build (E1C64328-A22C-4D53-A36C-8E866417BD8C): 0
LogDevObjectVersion:   Dev-Core (375EC13C-06E4-48FB-B500-84F0262A717E): 2
LogDevObjectVersion:   Dev-Editor (E4B068ED-F494-42E9-A231-DA0B2E46BB41): 14
LogDevObjectVersion:   Dev-Framework (CFFC743F-43B0-4480-9391-14DF171D2073): 22
LogDevObjectVersion:   Dev-Mobile (B02B49B5-BB20-44E9-A304-32B752E40360): 0
LogDevObjectVersion:   Dev-Networking (A4E4105C-59A1-49B5-A7C5-40C4547EDFEE): 0
LogDevObjectVersion:   Dev-Online (39C831C9-5AE6-47DC-9A44-9C173E1C8E7C): 0
LogDevObjectVersion:   Dev-Physics (78F01B33-EBEA-4F98-B9B4-84EACCB95AA2): 0
LogDevObjectVersion:   Dev-Platform (6631380F-2D4D-43E0-8009-CF276956A95A): 0
LogDevObjectVersion:   Dev-Rendering (12F88B9F-8875-4AFC-A67C-D90C383ABD29): 12
LogDevObjectVersion:   Dev-Sequencer (7B5AE74C-D270-4C10-A958-57980B212A5A): 3
LogDevObjectVersion:   Dev-VR (D7296918-1DD6-4BDD-9DE2-64A83CC13884): 0
LogDevObjectVersion:   Dev-LoadTimes (C2A15278-BFE7-4AFE-6C17-90FF531DF755): 1
LogInit: Compiled (64-bit): Mar 15 2017 16:52:47
LogInit: Compiled with Visual C++: 19.00.23026.00
LogInit: Build Configuration: Development
LogInit: Branch Name: ++UE4+Release-4.15
LogInit: Command line: -EpicPortal 
LogInit: Base directory: A:/Program Files/Unreal/UE_4.15/Engine/Binaries/Win64/
LogInit: Installed Engine Build: 1
LogInit: Presizing for max 8388607 objects, including 0 objects not considered by GC, pre-allocating 0 bytes for permanent pool.
LogInit: Object subsystem initialized
[2017.04.13-21.20.48:600][  0]LogInit: Selected Device Profile: [Windows]
[2017.04.13-21.20.48:600][  0]LogInit: Applying CVar settings loaded from the selected device profile: [Windows]
[2017.04.13-21.20.48:613][  0]LogInit: Computer: DESKTOP-L5G8TLJ
[2017.04.13-21.20.48:613][  0]LogInit: User: trees
[2017.04.13-21.20.48:613][  0]LogInit: CPU Page size=65536, Cores=4
[2017.04.13-21.20.48:613][  0]LogInit: High frequency timer resolution =3.421875 MHz
[2017.04.13-21.20.48:613][  0]LogMemory: Memory total: Physical=16.0GB (16GB approx)
[2017.04.13-21.20.48:613][  0]LogMemory: Platform Memory Stats for Windows
[2017.04.13-21.20.48:613][  0]LogMemory: Process Physical Memory: 263.09 MB used, 263.09 MB peak
[2017.04.13-21.20.48:613][  0]LogMemory: Process Virtual Memory: 262.54 MB used, 262.54 MB peak
[2017.04.13-21.20.48:613][  0]LogMemory: Physical Memory: 9573.49 MB used,  6760.27 MB free, 16333.77 MB total
[2017.04.13-21.20.48:613][  0]LogMemory: Virtual Memory: 644.25 MB used,  6760.27 MB free, 134217728.00 MB total
[2017.04.13-21.20.48:686][  0]LogTextLocalizationManager: No specific translations for ('en-GB') exist, so ('en') translations will be used.
[2017.04.13-21.20.49:258][  0]LogD3D11RHI: D3D11 adapters:
[2017.04.13-21.20.49:837][  0]LogD3D11RHI:    0. 'NVIDIA GeForce GTX 970' (Feature Level 11_0)
[2017.04.13-21.20.49:837][  0]LogD3D11RHI:       4059/0/8166 MB DedicatedVideo/DedicatedSystem/SharedSystem, Outputs:2, VendorId:0x10de
[2017.04.13-21.20.49:838][  0]LogD3D11RHI:    1. 'Microsoft Basic Render Driver' (Feature Level 11_0)
[2017.04.13-21.20.49:838][  0]LogD3D11RHI:       0/0/8166 MB DedicatedVideo/DedicatedSystem/SharedSystem, Outputs:0, VendorId:0x1414
[2017.04.13-21.20.49:838][  0]LogD3D11RHI: Chosen D3D11 Adapter: 0
[2017.04.13-21.20.49:843][  0]LogD3D11RHI: Creating new Direct3DDevice
[2017.04.13-21.20.49:843][  0]LogD3D11RHI:     GPU DeviceId: 0x13c2 (for the marketing name, search the web for "GPU Device Id")
[2017.04.13-21.20.49:843][  0]LogWindows: EnumDisplayDevices:
[2017.04.13-21.20.49:843][  0]LogWindows:    0. 'NVIDIA GeForce GTX 970' (P:1 D:1)
[2017.04.13-21.20.49:843][  0]LogWindows:    1. 'NVIDIA GeForce GTX 970' (P:0 D:1)
[2017.04.13-21.20.49:843][  0]LogWindows:    2. 'NVIDIA GeForce GTX 970' (P:0 D:0)
[2017.04.13-21.20.49:843][  0]LogWindows:    3. 'NVIDIA GeForce GTX 970' (P:0 D:0)
[2017.04.13-21.20.49:843][  0]LogWindows: DebugString: FoundDriverCount:4 
[2017.04.13-21.20.49:843][  0]LogD3D11RHI:     Adapter Name: NVIDIA GeForce GTX 970
[2017.04.13-21.20.49:843][  0]LogD3D11RHI:   Driver Version: 381.65 (internal:22.21.13.8165, unified:381.65)
[2017.04.13-21.20.49:843][  0]LogD3D11RHI:      Driver Date: 3-31-2017
[2017.04.13-21.20.49:843][  0]LogRHI: Texture pool is 1361 MB (70% of 1945 MB)
[2017.04.13-21.20.50:382][  0]LogD3D11RHI: Async texture creation enabled
[2017.04.13-21.20.50:418][  0]LogD3D11RHI: GPU Timing Frequency: 1000.000000 (Debug: 2 1)
[2017.04.13-21.20.50:516][  0]LogShaderCompilers: Guid format shader working directory is -3 characters bigger than the processId version (C:/Users/trees/Desktop/RealisticProjectilePhysic/Intermediate/Shaders/WorkingDirectory/18400/).
[2017.04.13-21.20.50:516][  0]LogShaderCompilers: Cleaned the shader compiler working directory 'C:/Users/trees/AppData/Local/Temp/UnrealShaderWorkingDir/2179F84249CB5000377FEFB7CB8B69D5/'.
[2017.04.13-21.20.50:516][  0]LogShaderCompilers:Display: Using Local Shader Compiler.
[2017.04.13-21.20.51:580][  0]LogTemp:Display: Loaded TP AllDesktopTargetPlatform
[2017.04.13-21.20.51:624][  0]LogTemp:Display: Loaded TP MacClientTargetPlatform
[2017.04.13-21.20.51:668][  0]LogTemp:Display: Loaded TP MacNoEditorTargetPlatform
[2017.04.13-21.20.51:717][  0]LogTemp:Display: Loaded TP MacServerTargetPlatform
[2017.04.13-21.20.51:760][  0]LogTemp:Display: Loaded TP MacTargetPlatform
[2017.04.13-21.20.51:804][  0]LogTemp:Display: Loaded TP WindowsClientTargetPlatform
[2017.04.13-21.20.51:848][  0]LogTemp:Display: Loaded TP WindowsNoEditorTargetPlatform
[2017.04.13-21.20.51:892][  0]LogTemp:Display: Loaded TP WindowsServerTargetPlatform
[2017.04.13-21.20.51:925][  0]LogTemp:Display: Loaded TP WindowsTargetPlatform
[2017.04.13-21.20.51:967][  0]LogTemp:Display: Loaded TP AndroidTargetPlatform
[2017.04.13-21.20.52:008][  0]LogTemp:Display: Loaded TP Android_ASTCTargetPlatform
[2017.04.13-21.20.52:052][  0]LogTemp:Display: Loaded TP Android_ATCTargetPlatform
[2017.04.13-21.20.52:092][  0]LogTemp:Display: Loaded TP Android_DXTTargetPlatform
[2017.04.13-21.20.52:136][  0]LogTemp:Display: Loaded TP Android_ETC1TargetPlatform
[2017.04.13-21.20.52:178][  0]LogTemp:Display: Loaded TP Android_ETC2TargetPlatform
[2017.04.13-21.20.52:262][  0]LogTemp:Display: Loaded TP Android_MultiTargetPlatform
[2017.04.13-21.20.52:262][  0]LogTemp:Display: Loaded TP Android_PVRTCTargetPlatform
[2017.04.13-21.20.52:289][  0]LogTemp:Display: Loaded TP HTML5TargetPlatform
[2017.04.13-21.20.52:366][  0]LogTemp:Display: Loaded TP IOSTargetPlatform
[2017.04.13-21.20.52:396][  0]LogTemp:Display: Loaded TP TVOSTargetPlatform
[2017.04.13-21.20.52:447][  0]LogTemp:Display: Loaded TP LinuxClientTargetPlatform
[2017.04.13-21.20.52:500][  0]LogTemp:Display: Loaded TP LinuxNoEditorTargetPlatform
[2017.04.13-21.20.52:541][  0]LogTemp:Display: Loaded TP LinuxServerTargetPlatform
[2017.04.13-21.20.52:587][  0]LogTemp:Display: Loaded TP LinuxTargetPlatform
[2017.04.13-21.20.52:587][  0]LogTargetPlatformManager:Display: Building Assets For Windows
[2017.04.13-21.20.52:894][  0]LogDerivedDataCache:Display: Max Cache Size: 512 MB
[2017.04.13-21.20.52:941][  0]LogDerivedDataCache: Loaded boot cache 0.05s 51MB C:/Users/trees/AppData/Local/UnrealEngine/4.15/DerivedDataCache/Boot.ddc.
[2017.04.13-21.20.52:941][  0]LogDerivedDataCache:Display: Loaded Boot cache: C:/Users/trees/AppData/Local/UnrealEngine/4.15/DerivedDataCache/Boot.ddc
[2017.04.13-21.20.52:941][  0]LogDerivedDataCache: FDerivedDataBackendGraph:  Pak pak cache file C:/Users/trees/Desktop/RealisticProjectilePhysic/DerivedDataCache/DDC.ddp not found, will not use a pak cache.
[2017.04.13-21.20.52:941][  0]LogDerivedDataCache: Unable to find inner node Pak for hierarchical cache Hierarchy.
[2017.04.13-21.20.52:941][  0]LogDerivedDataCache: FDerivedDataBackendGraph:  CompressedPak pak cache file C:/Users/trees/Desktop/RealisticProjectilePhysic/DerivedDataCache/Compressed.ddp not found, will not use a pak cache.
[2017.04.13-21.20.52:941][  0]LogDerivedDataCache: Unable to find inner node CompressedPak for hierarchical cache Hierarchy.
[2017.04.13-21.20.52:957][  0]LogDerivedDataCache:Display: Pak cache opened for reading ../../../Engine/DerivedDataCache/Compressed.ddp.
[2017.04.13-21.20.52:970][  0]LogDerivedDataCache: Using Local data cache path C:/Users/trees/AppData/Local/UnrealEngine/Common/DerivedDataCache: Writable
[2017.04.13-21.20.52:978][  0]LogSlate: Using Freetype 2.6.0
[2017.04.13-21.20.52:978][  0]LogSlate: SlateFontCache - WITH_FREETYPE: 1, WITH_HARFBUZZ: 1
[2017.04.13-21.20.52:978][  0]LogSlate: SlateFontCache - WITH_FREETYPE: 1, WITH_HARFBUZZ: 1
[2017.04.13-21.20.53:202][  0]LogInit: Selected Device Profile: [Windows]
[2017.04.13-21.20.53:204][  0]LogContentStreaming: Texture pool size is 0.00 MB
[2017.04.13-21.20.53:371][  0]LogMeshUtilities: Using QuadricMeshReduction for automatic static mesh reduction
[2017.04.13-21.20.53:401][  0]LogSimplygon: Simplygon DLL not present - disabling.
[2017.04.13-21.20.53:436][  0]LogMeshUtilities: Using SimplygonSwarm for distributed automatic mesh merging
[2017.04.13-21.20.53:436][  0]LogMeshUtilities: No automatic skeletal mesh reduction module available
[2017.04.13-21.20.53:436][  0]LogMeshUtilities: No automatic mesh merging module available
[2017.04.13-21.20.53:888][  0]LogNetVersion: GetLocalNetworkVersion: CL: 3299760, ProjectName: realisticprojectilephysic, ProjectVersion: , EngineNetworkVersion: 2, GameNetworkVersion: 0, NetworkChecksum: 3713073951
[2017.04.13-21.20.53:925][  0]LogAssetRegistry: FAssetRegistry took 0.0211 seconds to start up
[2017.04.13-21.20.53:963][  0]LogPackageLocalizationCache: Processed 3 localized package path(s) for 2 prioritized culture(s) in 0.024335 seconds
[2017.04.13-21.20.53:970][  0]LogUObjectArray: 32493 objects as part of root set at end of initial load.
[2017.04.13-21.20.53:970][  0]LogUObjectAllocator: 7077024 out of 0 bytes used by permanent object pool.
[2017.04.13-21.20.53:970][  0]LogUObjectArray: CloseDisregardForGC: 0/0 objects in disregard for GC pool
[2017.04.13-21.20.54:010][  0]LogInit: WinSock: version 1.1 (2.2), MaxSocks=32767, MaxUdp=65467
[2017.04.13-21.20.55:258][  0]LogTcpMessaging: Initializing TcpMessaging bridge
[2017.04.13-21.20.55:289][  0]LogUdpMessaging: Initializing bridge on interface 0.0.0.0:0 to multicast group 230.0.0.1:6666.
[2017.04.13-21.20.55:668][  0]LogMaterial: Uniform references updated for custom material expression Custom.
[2017.04.13-21.20.55:953][  0]SourceControl: Info Source control is disabled
[2017.04.13-21.20.55:984][  0]SourceControl: Info Source control is disabled
[2017.04.13-21.20.56:018][  0]SourceControl: Info Source control is disabled
[2017.04.13-21.20.56:052][  0]SourceControl: Info Source control is disabled
[2017.04.13-21.20.56:939][  0]LogEngine: Initializing Engine...
[2017.04.13-21.20.56:939][  0]LogHMD: Failed to initialize OpenVR with code 101
[2017.04.13-21.20.57:138][  0]LogAIModule: Creating AISystem for world Untitled
[2017.04.13-21.20.57:154][  0]LogInit: XAudio2 using 'Headset Earphone (2- Razer Kraken 7.1 Chroma)' : 2 channels at 44.1 kHz using 16 bits per sample (channel mask 0x3)
[2017.04.13-21.20.57:227][  0]LogInit: FAudioDevice initialized.
[2017.04.13-21.20.57:254][  0]LogDerivedDataCache: Saved boot cache 0.03s 51MB C:/Users/trees/AppData/Local/UnrealEngine/4.15/DerivedDataCache/Boot.ddc.
[2017.04.13-21.20.57:260][  0]LogInit: Texture streaming: Enabled
[2017.04.13-21.20.57:329][  0]LogEngineSessionManager: EngineSessionManager initialized
[2017.04.13-21.20.57:392][  0]LogInit: Transaction tracking system initialized
[2017.04.13-21.20.57:631][  0]BlueprintLog: New page: Editor Load
[2017.04.13-21.20.58:251][  0]LocalizationService: Info Localization service is disabled
[2017.04.13-21.20.58:728][  0]LogConsoleResponse:Display: 
[2017.04.13-21.20.58:844][  0]LogCook:Display: Max memory allowance for cook 16384mb min free memory 0mb
[2017.04.13-21.20.58:844][  0]LogCook:Display: Mobile HDR setting 1
[2017.04.13-21.20.59:291][  0]LogFileCache: Scanning file cache for directory 'C:/Users/trees/Desktop/RealisticProjectilePhysic/Content/' took 0.02s
[2017.04.13-21.20.59:571][  0]SourceControl: Info Source control is disabled
[2017.04.13-21.20.59:572][  0]Cmd: MAP LOAD FILE="C:/Users/trees/Desktop/RealisticProjectilePhysic/Content/Maps/Main.umap" TEMPLATE=0 SHOWPROGRESS=1 FEATURELEVEL=3
[2017.04.13-21.20.59:572][  0]LightingResults: New page: Lighting Build
[2017.04.13-21.20.59:603][  0]MapCheck: New page: Map Check
[2017.04.13-21.20.59:603][  0]LightingResults: New page: Lighting Build
[2017.04.13-21.21.07:974][  0]LogAIModule: Creating AISystem for world Main
[2017.04.13-21.21.12:144][  0]LogEditorServer: Finished looking for orphan Actors (0.000 secs)
[2017.04.13-21.21.12:144][  0]Cmd: MAP CHECKDEP NOCLEARLOG
[2017.04.13-21.21.12:190][  0]MapCheck: Info Map check complete: 0 Error(s), 0 Warning(s), took 45.704ms to complete.
[2017.04.13-21.21.12:190][  0]LogFileHelpers: Loading map 'Main' took 12.618
[2017.04.13-21.21.12:413][  0]LogCollectionManager: Loaded 1 collections in 0.003771 seconds
[2017.04.13-21.21.12:487][  0]LogFileCache: Scanning file cache for directory 'C:/Users/trees/Desktop/RealisticProjectilePhysic/Saved/Collections/' took 0.01s
[2017.04.13-21.21.12:487][  0]LogFileCache: Scanning file cache for directory 'C:/Users/trees/Desktop/RealisticProjectilePhysic/Content/Developers/trees/Collections/' took 0.01s
[2017.04.13-21.21.12:487][  0]LogFileCache: Scanning file cache for directory 'C:/Users/trees/Desktop/RealisticProjectilePhysic/Content/Collections/' took 0.01s
[2017.04.13-21.21.12:487][  0]LogCollectionManager: Rebuilt the GUID cache for 1 collections in 0.000004 seconds
[2017.04.13-21.21.12:487][  0]LogCollectionManager: Rebuilt the hierarchy cache for 1 collections in 0.000000 seconds
[2017.04.13-21.21.12:497][  0]LogContentBrowser: Native class hierarchy populated in 0.0097 seconds. Added 2246 classes and 456 folders.
[2017.04.13-21.21.12:502][  0]LogStats: UGameplayTagsManager::ConstructGameplayTagTree: Construct from data asset -  0.000 s
[2017.04.13-21.21.12:502][  0]LogStats: UGameplayTagsManager::ConstructGameplayTagTree: GameplayTagTreeChangedEvent.Broadcast -  0.000 s
[2017.04.13-21.21.12:546][  0]LogContentBrowser: Native class hierarchy updated for 'WidgetCarousel' in 0.0018 seconds. Added 0 classes and 0 folders.
[2017.04.13-21.21.13:493][  0]LogContentBrowser: Native class hierarchy updated for 'AddContentDialog' in 0.0015 seconds. Added 0 classes and 0 folders.
[2017.04.13-21.21.13:560][  0]LogContentBrowser: Native class hierarchy updated for 'SceneOutliner' in 0.0015 seconds. Added 1 classes and 2 folders.
[2017.04.13-21.21.13:607][  0]LogCrashTracker: Crashtracker disabled due to settings.
[2017.04.13-21.21.13:616][  0]LogUObjectGlobals:Warning: Failed to find object 'Class None.'
[2017.04.13-21.21.13:688][  0]LogContentBrowser: Native class hierarchy updated for 'HierarchicalLODOutliner' in 0.0015 seconds. Added 1 classes and 2 folders.
[2017.04.13-21.21.13:689][  0]LogLoad: (Engine Initialization) Total time: 26.82 seconds
[2017.04.13-21.21.13:689][  0]LogLoad: (Engine Initialization) Total Blueprint compile time: 0.07 seconds
[2017.04.13-21.21.13:689][  0]LogExternalProfiler: Found external profiler: VSPerf
[2017.04.13-21.21.13:689][  0]LogExternalProfiler: Using external profiler: VSPerf
[2017.04.13-21.21.14:029][  0]LogOcInput: OculusInput pre-init called
[2017.04.13-21.21.14:062][  0]LogContentStreaming: Texture pool size now 1000 MB
[2017.04.13-21.21.14:066][  0]LogSlate: Took 0.000254 seconds to synchronously load lazily loaded font '../../../Engine/Content/Slate/Fonts/Roboto-Regular.ttf' (155K)
[2017.04.13-21.21.14:070][  0]LogSlate: Took 0.000204 seconds to synchronously load lazily loaded font '../../../Engine/Content/Slate/Fonts/Roboto-Bold.ttf' (160K)
[2017.04.13-21.21.14:090][  0]LogSlate: Took 0.015157 seconds to synchronously load lazily loaded font '../../../Engine/Content/Editor/Slate/Fonts/FontAwesome.ttf' (139K)
[2017.04.13-21.21.14:101][  0]LogSlate: Took 0.008065 seconds to synchronously load lazily loaded font '../../../Engine/Content/Slate/Fonts/Roboto-Light.ttf' (159K)
[2017.04.13-21.21.14:288][  0]LogSlate: Took 0.000162 seconds to synchronously load lazily loaded font '../../../Engine/Content/Slate/Fonts/Roboto-Light.ttf' (159K)
[2017.04.13-21.21.14:336][  0]LogRenderer: Reallocating scene render targets to support 1208x576 NumSamples 1 (Frame:2).
[2017.04.13-21.21.14:507][  1]LogFileCache: Retrieving MD5 hashes for directory 'C:/Users/trees/Desktop/RealisticProjectilePhysic/Content/' took 0.47s
[2017.04.13-21.21.14:524][  1]LogAssetRegistry: Asset discovery search completed in 20.6196 seconds
[2017.04.13-21.21.14:524][  1]LogCollectionManager: Rebuilt the object cache for 1 collections in 0.000006 seconds (found 0 objects)
[2017.04.13-21.21.14:524][  1]LogCollectionManager: Fixed up redirectors for 1 collections in 0.000016 seconds (updated 0 objects)
[2017.04.13-21.22.14:205][879]LogTemp: Repeting last play command: Selected Viewport
[2017.04.13-21.22.14:237][879]LogBlueprintUserMessages: Early PlayInEditor Detection: Level '/Game/Maps/Main.Main:PersistentLevel' has LevelScriptBlueprint '/Game/Maps/Main.Main:PersistentLevel.Main' with GeneratedClass '/Game/Maps/Main.Main_C' with ClassGeneratedBy '/Game/Maps/Main.Main:PersistentLevel.Main'
[2017.04.13-21.22.14:237][879]LogPlayLevel: PlayLevel: No blueprints needed recompiling
[2017.04.13-21.22.14:284][879]PIE: New page: PIE session: Main (13 Apr 2017 23:22:14)
[2017.04.13-21.22.14:284][879]LogPlayLevel: Creating play world package: /Game/Maps/UEDPIE_1_Main
[2017.04.13-21.22.16:625][879]LogPlayLevel: PIE: StaticDuplicateObject took: (2.340821s)
[2017.04.13-21.22.16:626][879]LogAIModule: Creating AISystem for world Main
[2017.04.13-21.22.16:651][879]LogPlayLevel: PIE: World Init took: (0.025856s)
[2017.04.13-21.22.16:651][879]LogPlayLevel: PIE: Created PIE world by copying editor world from /Game/Maps/Main.Main to /Game/Maps/UEDPIE_1_Main.Main (2.367152s)
[2017.04.13-21.22.16:676][879]LogInit: XAudio2 using 'Headset Earphone (2- Razer Kraken 7.1 Chroma)' : 2 channels at 44.1 kHz using 16 bits per sample (channel mask 0x3)
[2017.04.13-21.22.16:743][879]LogInit: FAudioDevice initialized.
[2017.04.13-21.22.17:128][879]LogBlueprint:Warning: [Compiler AnimBP_Footsteps_1P] Warning Node  Blendspace Player 'BS_Jog_1D'  uses potentially thread-unsafe call Get Play Rate. Disable threaded update or use a thread-safe call. Function may need BlueprintThreadSafe metadata adding.
[2017.04.13-21.22.17:128][879]LogBlueprint:Warning: [Compiler AnimBP_Footsteps_1P] Warning Node  Blendspace Player 'BS_Ironsights_1D'  uses potentially thread-unsafe call Get Play Rate. Disable threaded update or use a thread-safe call. Function may need BlueprintThreadSafe metadata adding.
[2017.04.13-21.22.17:128][879]LogBlueprint:Warning: [Compiler AnimBP_Footsteps_1P] Warning [0090.26] Compile of AnimBP_Footsteps_1P successful, but with 2 Warning(s) [in 16 ms] (/Game/ProjectilePhysics/Mannequin/Animations/AnimBP_Footsteps_1P.AnimBP_Footsteps_1P)
[2017.04.13-21.22.17:128][879]LogBlueprint:Warning: [Compiler AnimBP_Footsteps_1P] Warning [0090.26] Compile of AnimBP_Footsteps_1P successful, but with 3 Warning(s) [in 0 ms] (/Game/ProjectilePhysics/Mannequin/Animations/AnimBP_Footsteps_1P.AnimBP_Footsteps_1P)
[2017.04.13-21.22.17:128][879]LogBlueprint:Warning: [Compiler AnimBP_Footsteps_1P] Warning [0090.26] Compile of AnimBP_Footsteps_1P successful, but with 4 Warning(s) [in 0 ms] (/Game/ProjectilePhysics/Mannequin/Animations/AnimBP_Footsteps_1P.AnimBP_Footsteps_1P)
[2017.04.13-21.22.17:147][879]LogBlueprint:Warning: [Compiler AnimBP_Footsteps_1P] Warning Node  Blendspace Player 'BS_Jog_1D'  uses potentially thread-unsafe call Get Play Rate. Disable threaded update or use a thread-safe call. Function may need BlueprintThreadSafe metadata adding.
[2017.04.13-21.22.17:147][879]LogBlueprint:Warning: [Compiler AnimBP_Footsteps_1P] Warning Node  Blendspace Player 'BS_Ironsights_1D'  uses potentially thread-unsafe call Get Play Rate. Disable threaded update or use a thread-safe call. Function may need BlueprintThreadSafe metadata adding.
[2017.04.13-21.22.17:147][879]LogBlueprint:Warning: [Compiler AnimBP_Footsteps_1P] Warning [0090.28] Compile of AnimBP_Footsteps_1P successful, but with 2 Warning(s) [in 16 ms] (/Game/ProjectilePhysics/Mannequin/Animations/AnimBP_Footsteps_1P.AnimBP_Footsteps_1P)
[2017.04.13-21.22.17:147][879]LogBlueprint:Warning: [Compiler AnimBP_Footsteps_1P] Warning [0090.28] Compile of AnimBP_Footsteps_1P successful, but with 3 Warning(s) [in 0 ms] (/Game/ProjectilePhysics/Mannequin/Animations/AnimBP_Footsteps_1P.AnimBP_Footsteps_1P)
[2017.04.13-21.22.17:147][879]LogBlueprint:Warning: [Compiler AnimBP_Footsteps_1P] Warning [0090.28] Compile of AnimBP_Footsteps_1P successful, but with 4 Warning(s) [in 0 ms] (/Game/ProjectilePhysics/Mannequin/Animations/AnimBP_Footsteps_1P.AnimBP_Footsteps_1P)
[2017.04.13-21.22.18:102][879]LogLoad: Game class is 'BP_FirstPersonGameMode_C'
[2017.04.13-21.22.18:574][879]LogWorld: Bringing World /Game/Maps/UEDPIE_1_Main.Main up for play (max tick rate 0) at 2017.04.13-22.22.18
[2017.04.13-21.22.18:587][879]LogWorld: Bringing up level for play took: 0.482080
[2017.04.13-21.22.18:616][879]LogContentBrowser: Native class hierarchy updated for 'MovieSceneCapture' in 0.0019 seconds. Added 11 classes and 0 folders.
[2017.04.13-21.22.18:617][879]LogInit: WinSock: Socket queue 131072 / 131072
[2017.04.13-21.22.18:618][879]LogInit: WinSock: I am DESKTOP-L5G8TLJ (192.168.56.1:0)
[2017.04.13-21.22.18:619][879]PacketHandlerLog: Loaded PacketHandler component: Engine.EngineHandlerComponentFactory (StatelessConnectHandlerComponent)
[2017.04.13-21.22.18:619][879]LogNet: GameNetDriver IpNetDriver_0 IpNetDriver listening on port 7777
[2017.04.13-21.22.18:619][879]LogGameMode:Display: Match State Changed from EnteringMap to WaitingToStart
[2017.04.13-21.22.18:619][879]LogGameState: Match State Changed from EnteringMap to WaitingToStart
[2017.04.13-21.22.18:619][879]LogGameMode:Display: Match State Changed from WaitingToStart to InProgress
[2017.04.13-21.22.18:620][879]LogGameState: Match State Changed from WaitingToStart to InProgress
[2017.04.13-21.22.18:620][879]PIE: Info Play in editor start time for /Game/Maps/UEDPIE_1_Main 3.734
[2017.04.13-21.22.18:625][879]PIE: New page: PIE session: Main (13 Apr 2017 23:22:18)
[2017.04.13-21.22.18:689][879]LogNet: Browse: 127.0.0.1//Game/Maps/Entry
[2017.04.13-21.22.18:689][879]LogInit: WinSock: Socket queue 32768 / 32768
[2017.04.13-21.22.18:689][879]PacketHandlerLog: Loaded PacketHandler component: Engine.EngineHandlerComponentFactory (StatelessConnectHandlerComponent)
[2017.04.13-21.22.18:690][879]LogNet: Game client on port 7777, rate 10000
[2017.04.13-21.22.18:690][879]LogNetVersion: GetLocalNetworkVersion: CL: 3299760, ProjectName: realisticprojectilephysic, ProjectVersion: 1.1, EngineNetworkVersion: 2, GameNetworkVersion: 0, NetworkChecksum: 2158157791
[2017.04.13-21.22.18:690][879]LogNet: UPendingNetGame::InitNetDriver: Sending hello. [UNetConnection] RemoteAddr: 127.0.0.1:7777, Name: IpConnection_0, Driver: PendingNetDriver IpNetDriver_1, IsServer: NO, PC: NULL, Owner: NULL
[2017.04.13-21.22.18:692][879]PIE: Info Play in editor start time for /Game/Maps/Entry 3.807
[2017.04.13-21.22.18:706][879]LogBlueprintUserMessages: Late PlayInEditor Detection: Level '/Game/Maps/Main.Main:PersistentLevel' has LevelScriptBlueprint '/Game/Maps/Main.Main:PersistentLevel.Main' with GeneratedClass '/Game/Maps/Main.Main_C' with ClassGeneratedBy '/Game/Maps/Main.Main:PersistentLevel.Main'
[2017.04.13-21.22.18:706][879]LogNet: NotifyAcceptingConnection accepted from: 127.0.0.1:65513
[2017.04.13-21.22.18:706][879]LogHandshake: SendConnectChallenge. Timestamp: 0.008333, Cookie: 157165249028238124220044081004208233210060148244053222034230
[2017.04.13-21.22.18:843][879]LogHandshake: SendChallengeResponse. Timestamp: 0.008333, Cookie: 157165249028238124220044081004208233210060148244053222034230
[2017.04.13-21.22.18:921][880]LogNet: NotifyAcceptingConnection accepted from: 127.0.0.1:65513
[2017.04.13-21.22.18:922][880]LogNet: Server accepting post-challenge connection from: 127.0.0.1:65513
[2017.04.13-21.22.18:922][880]PacketHandlerLog: Loaded PacketHandler component: Engine.EngineHandlerComponentFactory (StatelessConnectHandlerComponent)
[2017.04.13-21.22.18:922][880]LogNet: NotifyAcceptedConnection: Name: Main, TimeStamp: 04/13/17 22:22:18, [UNetConnection] RemoteAddr: 127.0.0.1:65513, Name: IpConnection_1, Driver: GameNetDriver IpNetDriver_0, IsServer: YES, PC: NULL, Owner: NULL
[2017.04.13-21.22.18:922][880]LogNet: AddClientConnection: Added client connection: [UNetConnection] RemoteAddr: 127.0.0.1:65513, Name: IpConnection_1, Driver: GameNetDriver IpNetDriver_0, IsServer: YES, PC: NULL, Owner: NULL
[2017.04.13-21.22.18:922][880]LogNet: NotifyAcceptingChannel Control 0 server World /Game/Maps/UEDPIE_1_Main.Main: Accepted
[2017.04.13-21.22.18:922][880]LogNet: Remote platform little endian=1
[2017.04.13-21.22.18:922][880]LogNet: This platform little endian=1
[2017.04.13-21.22.18:948][881]LogNet: Login request: /Game/Maps/Entry userId: Invalid
[2017.04.13-21.22.18:954][881]LogNet: Welcomed by server (Level: /Game/Maps/UEDPIE_1_Main, Game: /Game/ProjectilePhysics/Blueprints/BP_FirstPersonGameMode.BP_FirstPersonGameMode_C)
[2017.04.13-21.22.18:954][881]LogLoad: LoadMap: 127.0.0.1//Game/Maps/UEDPIE_1_Main?game=/Game/ProjectilePhysics/Blueprints/BP_FirstPersonGameMode.BP_FirstPersonGameMode_C
[2017.04.13-21.22.18:970][881]Cmd: MEM
[2017.04.13-21.22.18:979][881]LogMemory: Platform Memory Stats for Windows
[2017.04.13-21.22.18:979][881]LogMemory: Process Physical Memory: 3159.37 MB used, 3168.05 MB peak
[2017.04.13-21.22.18:979][881]LogMemory: Process Virtual Memory: 4001.01 MB used, 4001.01 MB peak
[2017.04.13-21.22.18:979][881]LogMemory: Physical Memory: 9826.62 MB used,  6507.14 MB free, 16333.77 MB total
[2017.04.13-21.22.18:979][881]LogMemory: Virtual Memory: 4698.13 MB used,  6507.14 MB free, 134217728.00 MB total
[2017.04.13-21.22.18:979][881]LogMemory: 
[2017.04.13-21.22.18:979][881]Allocator Stats for TBB: (not implemented)
[2017.04.13-21.22.21:330][881]LogAIModule: Creating AISystem for world Main
[2017.04.13-21.22.21:824][881]LogWorld: Bringing World /Game/Maps/UEDPIE_2_Main.Main up for play (max tick rate 0) at 2017.04.13-22.22.21
[2017.04.13-21.22.21:836][881]LogWorld: Bringing up level for play took: 0.505260
[2017.04.13-21.22.21:836][881]LogLoad: Took 2.882748 seconds to LoadMap(/Game/Maps/UEDPIE_1_Main)
[2017.04.13-21.22.21:893][882]LogRenderer: Reallocating scene render targets to support 1280x720 NumSamples 1 (Frame:1093).
[2017.04.13-21.22.21:914][882]LogNet: Client netspeed is 10000
[2017.04.13-21.22.21:914][882]LogNet: Join request: /Game/Maps/Entry?SplitscreenCount=1
[2017.04.13-21.22.21:915][882]LogNet: Join succeeded: 257
[2017.04.13-21.22.33:036][287]LogBlueprintUserMessages: Early EndPlayMap Detection: Level '/Game/Maps/Main.Main:PersistentLevel' has LevelScriptBlueprint '/Game/Maps/Main.Main:PersistentLevel.Main' with GeneratedClass '/Game/Maps/Main.Main_C' with ClassGeneratedBy '/Game/Maps/Main.Main:PersistentLevel.Main'
[2017.04.13-21.22.33:364][287]LogBlueprintUserMessages: Late EndPlayMap Detection: Level '/Game/Maps/Main.Main:PersistentLevel' has LevelScriptBlueprint '/Game/Maps/Main.Main:PersistentLevel.Main' with GeneratedClass '/Game/Maps/Main.Main_C' with ClassGeneratedBy '/Game/Maps/Main.Main:PersistentLevel.Main'
[2017.04.13-21.22.33:407][287]LogNet: UChannel::CleanUp: ChIndex == 0. Closing connection. [UChannel] ChIndex: 0, Closing: 0 [UNetConnection] RemoteAddr: 127.0.0.1:7777, Name: None, Driver: GameNetDriver None, IsServer: NO, PC: None, Owner: None
[2017.04.13-21.22.33:407][287]LogNet: UNetConnection::Close: [UNetConnection] RemoteAddr: 127.0.0.1:7777, Name: None, Driver: GameNetDriver None, IsServer: NO, PC: None, Owner: None, Channels: 1, Time: 2017.04.13-21.22.33
[2017.04.13-21.22.33:407][287]LogNet: UChannel::Close: Sending CloseBunch. ChIndex == 0. Name: [UChannel] ChIndex: 0, Closing: 0 [UNetConnection] RemoteAddr: 127.0.0.1:7777, Name: None, Driver: GameNetDriver None, IsServer: NO, PC: None, Owner: None
[2017.04.13-21.22.33:407][287]LogNet: UChannel::CleanUp: ChIndex == 0. Closing connection. [UChannel] ChIndex: 0, Closing: 0 [UNetConnection] RemoteAddr: 127.0.0.1:65513, Name: None, Driver: GameNetDriver None, IsServer: YES, PC: None, Owner: None
[2017.04.13-21.22.33:407][287]LogNet: UNetConnection::Close: [UNetConnection] RemoteAddr: 127.0.0.1:65513, Name: None, Driver: GameNetDriver None, IsServer: YES, PC: None, Owner: None, Channels: 1, Time: 2017.04.13-21.22.33
[2017.04.13-21.22.33:407][287]LogNet: UChannel::Close: Sending CloseBunch. ChIndex == 0. Name: [UChannel] ChIndex: 0, Closing: 0 [UNetConnection] RemoteAddr: 127.0.0.1:65513, Name: None, Driver: GameNetDriver None, IsServer: YES, PC: None, Owner: None
[2017.04.13-21.22.33:449][287]LogExit: GameNetDriver None shut down
[2017.04.13-21.22.33:481][287]LogExit: GameNetDriver None shut down
[2017.04.13-21.22.50:830][609]LogSlate: Took 0.000139 seconds to synchronously load lazily loaded font '../../../Engine/Content/Slate/Fonts/Roboto-Light.ttf' (159K)
[2017.04.13-21.22.50:839][609]LogLinker:Warning: Asset 'C:/Users/trees/Desktop/RealisticProjectilePhysic/Content/Maps/Transition.umap' has been saved with empty engine version. The asset will be loaded but may be incompatible.
[2017.04.13-21.22.50:840][609]LogAIModule: Creating AISystem for world Transition
[2017.04.13-21.22.50:853][609]Cmd: MAP LOAD FILE="C:/Users/trees/Desktop/RealisticProjectilePhysic/Content/Maps/Transition.umap" TEMPLATE=0 SHOWPROGRESS=1 FEATURELEVEL=3
[2017.04.13-21.22.50:853][609]LightingResults: New page: Lighting Build
[2017.04.13-21.22.50:855][609]LoadErrors: New page: Loading map: Transition.umap
[2017.04.13-21.22.50:961][609]MapCheck: New page: Map Check
[2017.04.13-21.22.50:961][609]LightingResults: New page: Lighting Build
[2017.04.13-21.22.51:246][609]LogEditorServer: Finished looking for orphan Actors (0.000 secs)
[2017.04.13-21.22.51:268][609]Cmd: MAP CHECKDEP NOCLEARLOG
[2017.04.13-21.22.51:319][609]MapCheck: Info Map check complete: 0 Error(s), 0 Warning(s), took 51.096ms to complete.
[2017.04.13-21.22.51:319][609]LogFileHelpers: Loading map 'Transition' took 0.467
[2017.04.13-21.22.54:962][951]LogClass:Warning: Enum '/Game/Dialogue_Pack/Blueprints/Dialogue/Enum_CameraList.Enum_CameraList' was upgraded to use FText to store its display name data. Please re-save this asset to avoid issues with localization and determinstic cooking.
[2017.04.13-21.22.54:966][951]LogClass:Warning: Enum '/Game/Dialogue_Pack/Blueprints/Dialogue/Enum_CharacterClasses.Enum_CharacterClasses' was upgraded to use FText to store its display name data. Please re-save this asset to avoid issues with localization and determinstic cooking.
[2017.04.13-21.22.55:029][951]LogContentBrowser: Native class hierarchy updated for 'BlueprintGraph' in 0.0019 seconds. Added 112 classes and 0 folders.
[2017.04.13-21.22.55:670][951]LogSlate: Took 0.009829 seconds to synchronously load lazily loaded font '../../../Engine/Content/Editor/Slate/Fonts/Roboto-BoldCondensed.ttf' (158K)
[2017.04.13-21.24.42:174][ 80]LogFactory: FactoryCreateFile: Texture with ReimportTextureFactory (0 0 B:/textures/interface/loading/loading_missing01.png)
[2017.04.13-21.24.42:198][ 80]LogTexture:Display: Building textures: loading_missing01 (AutoDXT, 1024X512) - 207 MB total VRAM
[2017.04.13-21.27.44:241][146]LogEditor: Attempting to add actor of class 'VREditorFloatingUI' to level at 730.00,-150.00,-330.00
[2017.04.13-21.27.44:823][206]LogEditor: Attempting to add actor of class 'VREditorFloatingUI' to level at 730.00,-150.00,-330.00
[2017.04.13-21.27.51:775][ 21]Cmd: DELETE
[2017.04.13-21.27.51:775][ 21]Cmd: ACTOR DELETE
[2017.04.13-21.27.51:784][ 21]LogEditorActor: Deleted Actor: VREditorFloatingUI
[2017.04.13-21.27.51:802][ 21]LogEditorActor: Deleted 1 Actors (0.027 secs)
[2017.04.13-21.32.51:635][347]Cmd: OBJ SAVEPACKAGE PACKAGE="/Game/Maps/Transition" FILE="C:/Users/trees/Desktop/RealisticProjectilePhysic/Saved/Autosaves/Game/Maps/Transition_Auto1.umap" SILENT=true AUTOSAVING=true KEEPDIRTY=false
[2017.04.13-21.32.51:763][347]LogSavePackage: Save=123.59ms
[2017.04.13-21.32.51:763][347]LogSavePackage: Moving 'C:/Users/trees/Desktop/RealisticProjectilePhysic/Saved/Transition_Auto18EF6C54241975ED717CA47B0BC26F999.tmp' to 'C:/Users/trees/Desktop/RealisticProjectilePhysic/Saved/Autosaves/Game/Maps/Transition_Auto1.umap'
[2017.04.13-21.32.51:765][347]LogSavePackage:Display: Finished SavePackage C:/Users/trees/Desktop/RealisticProjectilePhysic/Saved/Autosaves/Game/Maps/Transition_Auto1.umap
[2017.04.13-21.32.51:769][347]LogFileHelpers: Editor autosave (incl. sublevels) for '/Game/Maps/Transition' took 0.151
[2017.04.13-21.32.51:769][347]LogFileHelpers: Editor autosave (incl. sublevels) for all levels took 0.151
[2017.04.13-21.32.51:770][347]OBJ SavePackage: Generating thumbnails for [1] asset(s) in package [/Game/assets/loading_missing01] ([1] browsable assets)...
[2017.04.13-21.32.51:775][347]OBJ SavePackage:     Rendered thumbnail for [Texture2D /Game/assets/loading_missing01.loading_missing01]
[2017.04.13-21.32.51:775][347]OBJ SavePackage: Finished generating thumbnails for package [/Game/assets/loading_missing01]
[2017.04.13-21.32.51:786][347]LogSavePackage: Save=9.24ms
[2017.04.13-21.32.51:786][347]LogSavePackage: Moving 'C:/Users/trees/Desktop/RealisticProjectilePhysic/Saved/loading_missing01_Auto13B7C367F4FA70751404F2CAD309BBE1E.tmp' to 'C:/Users/trees/Desktop/RealisticProjectilePhysic/Saved/Autosaves/Game/assets/loading_missing01_Auto1.uasset'
[2017.04.13-21.32.51:787][347]LogSavePackage:Display: Finished SavePackage C:/Users/trees/Desktop/RealisticProjectilePhysic/Saved/Autosaves/Game/assets/loading_missing01_Auto1.uasset
[2017.04.13-21.32.51:787][347]LogFileHelpers: Auto-saving content packages took 0.017
[2017.04.13-21.34.05:831][675]LogContentBrowser: Native class hierarchy updated for 'WebBrowser' in 0.0046 seconds. Added 0 classes and 0 folders.
[2017.04.13-21.34.50:603][674]Cmd: OBJ SAVEPACKAGE PACKAGE="/Game/Maps/Loading_BG" FILE="C:/Users/trees/Desktop/RealisticProjectilePhysic/Content/Maps/Loading_BG.uasset" SILENT=true
[2017.04.13-21.34.50:615][674]LogSavePackage: Save=11.16ms
[2017.04.13-21.34.50:615][674]LogSavePackage: Moving 'C:/Users/trees/Desktop/RealisticProjectilePhysic/Saved/Loading_BG5AF108C648CED4466D7A808066B0DFAD.tmp' to 'C:/Users/trees/Desktop/RealisticProjectilePhysic/Content/Maps/Loading_BG.uasset'
[2017.04.13-21.34.50:617][674]LogSavePackage:Display: Finished SavePackage C:/Users/trees/Desktop/RealisticProjectilePhysic/Content/Maps/Loading_BG.uasset
[2017.04.13-21.38.30:919][536]Cmd: TRANSACTION UNDO
[2017.04.13-21.38.30:919][536]LogEditorTransaction: Undo Promote To Variable
[2017.04.13-21.38.54:556][790]BlueprintLog: New page: Compile Loading
[2017.04.13-21.38.55:279][854]Cmd: OBJ SAVEPACKAGE PACKAGE="/Game/Maps/Loading" FILE="C:/Users/trees/Desktop/RealisticProjectilePhysic/Content/Maps/Loading.uasset" SILENT=true
[2017.04.13-21.38.55:290][854]LogSavePackage: Save=9.77ms
[2017.04.13-21.38.55:290][854]LogSavePackage: Moving 'C:/Users/trees/Desktop/RealisticProjectilePhysic/Saved/Loading01107B3F4946F11404A8C595AD321516.tmp' to 'C:/Users/trees/Desktop/RealisticProjectilePhysic/Content/Maps/Loading.uasset'
[2017.04.13-21.38.55:291][854]LogSavePackage:Display: Finished SavePackage C:/Users/trees/Desktop/RealisticProjectilePhysic/Content/Maps/Loading.uasset
[2017.04.13-21.39.07:626][ 86]LogTemp: Repeting last play command: Selected Viewport
[2017.04.13-21.39.07:676][ 86]LogBlueprintUserMessages: Early PlayInEditor Detection: Level '/Game/Maps/Transition.Transition:PersistentLevel' has LevelScriptBlueprint '/Game/Maps/Transition.Transition:PersistentLevel.Transition' with GeneratedClass '/Game/Maps/Transition.Transition_C' with ClassGeneratedBy '/Game/Maps/Transition.Transition:PersistentLevel.Transition'
[2017.04.13-21.39.07:676][ 86]LogPlayLevel: PlayLevel: No blueprints needed recompiling
[2017.04.13-21.39.07:683][ 86]PIE: New page: PIE session: Transition (13 Apr 2017 23:39:07)
[2017.04.13-21.39.07:683][ 86]LogPlayLevel: Creating play world package: /Game/Maps/UEDPIE_1_Transition
[2017.04.13-21.39.07:684][ 86]LogPlayLevel: PIE: StaticDuplicateObject took: (0.001036s)
[2017.04.13-21.39.07:685][ 86]LogAIModule: Creating AISystem for world Transition
[2017.04.13-21.39.07:685][ 86]LogPlayLevel: PIE: World Init took: (0.000639s)
[2017.04.13-21.39.07:685][ 86]LogPlayLevel: PIE: Created PIE world by copying editor world from /Game/Maps/Transition.Transition to /Game/Maps/UEDPIE_1_Transition.Transition (0.001921s)
[2017.04.13-21.39.07:710][ 86]LogInit: XAudio2 using 'Headset Earphone (2- Razer Kraken 7.1 Chroma)' : 2 channels at 44.1 kHz using 16 bits per sample (channel mask 0x3)
[2017.04.13-21.39.07:780][ 86]LogInit: FAudioDevice initialized.
[2017.04.13-21.39.07:810][ 86]LogLoad: Game class is 'BP_FirstPersonGameMode_C'
[2017.04.13-21.39.07:811][ 86]LogWorld: Bringing World /Game/Maps/UEDPIE_1_Transition.Transition up for play (max tick rate 0) at 2017.04.13-22.39.07
[2017.04.13-21.39.07:811][ 86]LogWorld: Bringing up level for play took: 0.000563
[2017.04.13-21.39.07:812][ 86]LogInit: WinSock: Socket queue 131072 / 131072
[2017.04.13-21.39.07:812][ 86]PacketHandlerLog: Loaded PacketHandler component: Engine.EngineHandlerComponentFactory (StatelessConnectHandlerComponent)
[2017.04.13-21.39.07:812][ 86]LogNet: GameNetDriver IpNetDriver_2 IpNetDriver listening on port 7777
[2017.04.13-21.39.07:812][ 86]LogGameMode:Display: Match State Changed from EnteringMap to WaitingToStart
[2017.04.13-21.39.07:812][ 86]LogGameState: Match State Changed from EnteringMap to WaitingToStart
[2017.04.13-21.39.07:812][ 86]LogGameMode:Display: Match State Changed from WaitingToStart to InProgress
[2017.04.13-21.39.07:813][ 86]LogGameState: Match State Changed from WaitingToStart to InProgress
[2017.04.13-21.39.07:813][ 86]PIE: Info Play in editor start time for /Game/Maps/UEDPIE_1_Transition 0.927
[2017.04.13-21.39.07:817][ 86]PIE: New page: PIE session: Transition (13 Apr 2017 23:39:07)
[2017.04.13-21.39.07:870][ 86]LogNet: Browse: 127.0.0.1//Game/Maps/Entry
[2017.04.13-21.39.07:870][ 86]LogInit: WinSock: Socket queue 32768 / 32768
[2017.04.13-21.39.07:871][ 86]PacketHandlerLog: Loaded PacketHandler component: Engine.EngineHandlerComponentFactory (StatelessConnectHandlerComponent)
[2017.04.13-21.39.07:871][ 86]LogNet: Game client on port 7777, rate 10000
[2017.04.13-21.39.07:871][ 86]LogNet: UPendingNetGame::InitNetDriver: Sending hello. [UNetConnection] RemoteAddr: 127.0.0.1:7777, Name: IpConnection_2, Driver: PendingNetDriver IpNetDriver_3, IsServer: NO, PC: NULL, Owner: NULL
[2017.04.13-21.39.07:874][ 86]PIE: Info Play in editor start time for /Game/Maps/Entry 0.988
[2017.04.13-21.39.07:887][ 86]LogBlueprintUserMessages: Late PlayInEditor Detection: Level '/Game/Maps/Transition.Transition:PersistentLevel' has LevelScriptBlueprint '/Game/Maps/Transition.Transition:PersistentLevel.Transition' with GeneratedClass '/Game/Maps/Transition.Transition_C' with ClassGeneratedBy '/Game/Maps/Transition.Transition:PersistentLevel.Transition'
[2017.04.13-21.39.07:887][ 86]LogNet: NotifyAcceptingConnection accepted from: 127.0.0.1:58180
[2017.04.13-21.39.07:887][ 86]LogHandshake: SendConnectChallenge. Timestamp: 0.333334, Cookie: 002189015186224104208197129049019032075116017132237204007179
[2017.04.13-21.39.07:888][ 86]LogHandshake: SendChallengeResponse. Timestamp: 0.333334, Cookie: 002189015186224104208197129049019032075116017132237204007179
[2017.04.13-21.39.07:925][ 87]LogNet: NotifyAcceptingConnection accepted from: 127.0.0.1:58180
[2017.04.13-21.39.07:925][ 87]LogNet: Server accepting post-challenge connection from: 127.0.0.1:58180
[2017.04.13-21.39.07:925][ 87]PacketHandlerLog: Loaded PacketHandler component: Engine.EngineHandlerComponentFactory (StatelessConnectHandlerComponent)
[2017.04.13-21.39.07:925][ 87]LogNet: NotifyAcceptedConnection: Name: Transition, TimeStamp: 04/13/17 22:39:07, [UNetConnection] RemoteAddr: 127.0.0.1:58180, Name: IpConnection_3, Driver: GameNetDriver IpNetDriver_2, IsServer: YES, PC: NULL, Owner: NULL
[2017.04.13-21.39.07:925][ 87]LogNet: AddClientConnection: Added client connection: [UNetConnection] RemoteAddr: 127.0.0.1:58180, Name: IpConnection_3, Driver: GameNetDriver IpNetDriver_2, IsServer: YES, PC: NULL, Owner: NULL
[2017.04.13-21.39.07:950][ 88]LogNet: NotifyAcceptingChannel Control 0 server World /Game/Maps/UEDPIE_1_Transition.Transition: Accepted
[2017.04.13-21.39.07:950][ 88]LogNet: Remote platform little endian=1
[2017.04.13-21.39.07:950][ 88]LogNet: This platform little endian=1
[2017.04.13-21.39.07:959][ 89]LogNet: Login request: /Game/Maps/Entry userId: Invalid
[2017.04.13-21.39.07:960][ 89]LogNet: Welcomed by server (Level: /Game/Maps/UEDPIE_1_Transition, Game: /Game/ProjectilePhysics/Blueprints/BP_FirstPersonGameMode.BP_FirstPersonGameMode_C)
[2017.04.13-21.39.07:960][ 89]LogLoad: LoadMap: 127.0.0.1//Game/Maps/UEDPIE_1_Transition?game=/Game/ProjectilePhysics/Blueprints/BP_FirstPersonGameMode.BP_FirstPersonGameMode_C
[2017.04.13-21.39.07:973][ 89]Cmd: MEM
[2017.04.13-21.39.07:985][ 89]LogMemory: Platform Memory Stats for Windows
[2017.04.13-21.39.07:985][ 89]LogMemory: Process Physical Memory: 2045.50 MB used, 3779.06 MB peak
[2017.04.13-21.39.07:985][ 89]LogMemory: Process Virtual Memory: 3594.15 MB used, 4850.58 MB peak
[2017.04.13-21.39.07:985][ 89]LogMemory: Physical Memory: 8758.87 MB used,  7574.90 MB free, 16333.77 MB total
[2017.04.13-21.39.07:986][ 89]LogMemory: Virtual Memory: 4773.72 MB used,  7574.90 MB free, 134217728.00 MB total
[2017.04.13-21.39.07:986][ 89]LogMemory: 
[2017.04.13-21.39.07:986][ 89]Allocator Stats for TBB: (not implemented)
[2017.04.13-21.39.07:987][ 89]LogAIModule: Creating AISystem for world Transition
[2017.04.13-21.39.07:989][ 89]LogWorld: Bringing World /Game/Maps/UEDPIE_2_Transition.Transition up for play (max tick rate 0) at 2017.04.13-22.39.07
[2017.04.13-21.39.07:989][ 89]LogWorld: Bringing up level for play took: 0.000629
[2017.04.13-21.39.07:989][ 89]LogLoad: Took 0.029365 seconds to LoadMap(/Game/Maps/UEDPIE_1_Transition)
[2017.04.13-21.39.08:001][ 90]LogNet: Client netspeed is 10000
[2017.04.13-21.39.08:001][ 90]LogNet: Join request: /Game/Maps/Entry?SplitscreenCount=1
[2017.04.13-21.39.08:002][ 90]LogNet: Join succeeded: 259
[2017.04.13-21.39.09:792][304]LogBlueprintUserMessages: Early EndPlayMap Detection: Level '/Game/Maps/Transition.Transition:PersistentLevel' has LevelScriptBlueprint '/Game/Maps/Transition.Transition:PersistentLevel.Transition' with GeneratedClass '/Game/Maps/Transition.Transition_C' with ClassGeneratedBy '/Game/Maps/Transition.Transition:PersistentLevel.Transition'
[2017.04.13-21.39.09:867][304]LogBlueprintUserMessages: Late EndPlayMap Detection: Level '/Game/Maps/Transition.Transition:PersistentLevel' has LevelScriptBlueprint '/Game/Maps/Transition.Transition:PersistentLevel.Transition' with GeneratedClass '/Game/Maps/Transition.Transition_C' with ClassGeneratedBy '/Game/Maps/Transition.Transition:PersistentLevel.Transition'
[2017.04.13-21.39.09:878][304]LogNet: UChannel::CleanUp: ChIndex == 0. Closing connection. [UChannel] ChIndex: 0, Closing: 0 [UNetConnection] RemoteAddr: 127.0.0.1:58180, Name: IpConnection_3, Driver: GameNetDriver IpNetDriver_2, IsServer: YES, PC: None, Owner: None
[2017.04.13-21.39.09:878][304]LogNet: UNetConnection::Close: [UNetConnection] RemoteAddr: 127.0.0.1:58180, Name: IpConnection_3, Driver: GameNetDriver IpNetDriver_2, IsServer: YES, PC: None, Owner: None, Channels: 2, Time: 2017.04.13-21.39.09
[2017.04.13-21.39.09:878][304]LogNet: UChannel::Close: Sending CloseBunch. ChIndex == 0. Name: [UChannel] ChIndex: 0, Closing: 0 [UNetConnection] RemoteAddr: 127.0.0.1:58180, Name: IpConnection_3, Driver: GameNetDriver IpNetDriver_2, IsServer: YES, PC: None, Owner: None
[2017.04.13-21.39.09:878][304]LogNet: UChannel::CleanUp: ChIndex == 0. Closing connection. [UChannel] ChIndex: 0, Closing: 0 [UNetConnection] RemoteAddr: 127.0.0.1:7777, Name: IpConnection_2, Driver: GameNetDriver IpNetDriver_3, IsServer: NO, PC: None, Owner: None
[2017.04.13-21.39.09:878][304]LogNet: UNetConnection::Close: [UNetConnection] RemoteAddr: 127.0.0.1:7777, Name: IpConnection_2, Driver: GameNetDriver IpNetDriver_3, IsServer: NO, PC: None, Owner: None, Channels: 2, Time: 2017.04.13-21.39.09
[2017.04.13-21.39.09:878][304]LogNet: UChannel::Close: Sending CloseBunch. ChIndex == 0. Name: [UChannel] ChIndex: 0, Closing: 0 [UNetConnection] RemoteAddr: 127.0.0.1:7777, Name: IpConnection_2, Driver: GameNetDriver IpNetDriver_3, IsServer: NO, PC: None, Owner: None
[2017.04.13-21.39.09:896][304]LogExit: GameNetDriver None shut down
[2017.04.13-21.39.09:897][304]LogExit: GameNetDriver None shut down
[2017.04.13-21.40.17:134][813]LogSlate:Warning: Prevented a slow task dialog from being summoned while a context menu was open
[2017.04.13-21.41.14:728][615]LogSlate: Took 0.012603 seconds to synchronously load lazily loaded font '../../../Engine/Content/Editor/Slate/Fonts/Roboto-Italic.ttf' (157K)
[2017.04.13-21.41.50:293][965]LogTemp: Repeting last play command: Selected Viewport
[2017.04.13-21.41.50:306][965]LogBlueprintUserMessages: Early PlayInEditor Detection: Level '/Game/Maps/Transition.Transition:PersistentLevel' has LevelScriptBlueprint '/Game/Maps/Transition.Transition:PersistentLevel.Transition' with GeneratedClass '/Game/Maps/Transition.Transition_C' with ClassGeneratedBy '/Game/Maps/Transition.Transition:PersistentLevel.Transition'
[2017.04.13-21.41.50:306][965]BlueprintLog: New page: Pre-Play auto-recompile
[2017.04.13-21.41.50:306][965]LogPlayLevel: [PlayLevel] Compiling Transition before play...
[2017.04.13-21.41.50:394][965]LogPlayLevel: PlayLevel: Blueprint regeneration took 87 ms (1 blueprints)
[2017.04.13-21.41.50:398][965]PIE: New page: PIE session: Transition (13 Apr 2017 23:41:50)
[2017.04.13-21.41.50:398][965]LogPlayLevel: Creating play world package: /Game/Maps/UEDPIE_1_Transition
[2017.04.13-21.41.50:399][965]LogPlayLevel: PIE: StaticDuplicateObject took: (0.000785s)
[2017.04.13-21.41.50:399][965]LogAIModule: Creating AISystem for world Transition
[2017.04.13-21.41.50:400][965]LogPlayLevel: PIE: World Init took: (0.000564s)
[2017.04.13-21.41.50:400][965]LogPlayLevel: PIE: Created PIE world by copying editor world from /Game/Maps/Transition.Transition to /Game/Maps/UEDPIE_1_Transition.Transition (0.001551s)
[2017.04.13-21.41.50:422][965]LogInit: XAudio2 using 'Headset Earphone (2- Razer Kraken 7.1 Chroma)' : 2 channels at 44.1 kHz using 16 bits per sample (channel mask 0x3)
[2017.04.13-21.41.50:491][965]LogInit: FAudioDevice initialized.
[2017.04.13-21.41.50:521][965]LogLoad: Game class is 'BP_FirstPersonGameMode_C'
[2017.04.13-21.41.50:523][965]LogWorld: Bringing World /Game/Maps/UEDPIE_1_Transition.Transition up for play (max tick rate 0) at 2017.04.13-22.41.50
[2017.04.13-21.41.50:523][965]LogWorld: Bringing up level for play took: 0.000616
[2017.04.13-21.41.50:524][965]LogInit: WinSock: Socket queue 131072 / 131072
[2017.04.13-21.41.50:524][965]PacketHandlerLog: Loaded PacketHandler component: Engine.EngineHandlerComponentFactory (StatelessConnectHandlerComponent)
[2017.04.13-21.41.50:524][965]LogNet: GameNetDriver IpNetDriver_4 IpNetDriver listening on port 7777
[2017.04.13-21.41.50:524][965]LogGameMode:Display: Match State Changed from EnteringMap to WaitingToStart
[2017.04.13-21.41.50:524][965]LogGameState: Match State Changed from EnteringMap to WaitingToStart
[2017.04.13-21.41.50:524][965]LogGameMode:Display: Match State Changed from WaitingToStart to InProgress
[2017.04.13-21.41.50:546][965]LogGameState: Match State Changed from WaitingToStart to InProgress
[2017.04.13-21.41.50:546][965]PIE: Info Play in editor start time for /Game/Maps/UEDPIE_1_Transition -0.34
[2017.04.13-21.41.50:552][965]PIE: New page: PIE session: Transition (13 Apr 2017 23:41:50)
[2017.04.13-21.41.50:610][965]LogNet: Browse: 127.0.0.1//Game/Maps/Entry
[2017.04.13-21.41.50:610][965]LogInit: WinSock: Socket queue 32768 / 32768
[2017.04.13-21.41.50:610][965]PacketHandlerLog: Loaded PacketHandler component: Engine.EngineHandlerComponentFactory (StatelessConnectHandlerComponent)
[2017.04.13-21.41.50:610][965]LogNet: Game client on port 7777, rate 10000
[2017.04.13-21.41.50:610][965]LogNet: UPendingNetGame::InitNetDriver: Sending hello. [UNetConnection] RemoteAddr: 127.0.0.1:7777, Name: IpConnection_4, Driver: PendingNetDriver IpNetDriver_5, IsServer: NO, PC: NULL, Owner: NULL
[2017.04.13-21.41.50:614][965]PIE: Info Play in editor start time for /Game/Maps/Entry -0.272
[2017.04.13-21.41.50:626][965]LogBlueprintUserMessages: Late PlayInEditor Detection: Level '/Game/Maps/Transition.Transition:PersistentLevel' has LevelScriptBlueprint '/Game/Maps/Transition.Transition:PersistentLevel.Transition' with GeneratedClass '/Game/Maps/Transition.Transition_C' with ClassGeneratedBy '/Game/Maps/Transition.Transition:PersistentLevel.Transition'
[2017.04.13-21.41.50:626][965]LogNet: NotifyAcceptingConnection accepted from: 127.0.0.1:63551
[2017.04.13-21.41.50:626][965]LogHandshake: SendConnectChallenge. Timestamp: 0.017330, Cookie: 116071019117183239062194083175158058240012104230051051153254
[2017.04.13-21.41.50:627][965]LogHandshake: SendChallengeResponse. Timestamp: 0.017330, Cookie: 116071019117183239062194083175158058240012104230051051153254
[2017.04.13-21.41.50:665][966]LogNet: NotifyAcceptingConnection accepted from: 127.0.0.1:63551
[2017.04.13-21.41.50:665][966]LogNet: Server accepting post-challenge connection from: 127.0.0.1:63551
[2017.04.13-21.41.50:666][966]PacketHandlerLog: Loaded PacketHandler component: Engine.EngineHandlerComponentFactory (StatelessConnectHandlerComponent)
[2017.04.13-21.41.50:666][966]LogNet: NotifyAcceptedConnection: Name: Transition, TimeStamp: 04/13/17 22:41:50, [UNetConnection] RemoteAddr: 127.0.0.1:63551, Name: IpConnection_5, Driver: GameNetDriver IpNetDriver_4, IsServer: YES, PC: NULL, Owner: NULL
[2017.04.13-21.41.50:666][966]LogNet: AddClientConnection: Added client connection: [UNetConnection] RemoteAddr: 127.0.0.1:63551, Name: IpConnection_5, Driver: GameNetDriver IpNetDriver_4, IsServer: YES, PC: NULL, Owner: NULL
[2017.04.13-21.41.50:666][966]LogNet: NotifyAcceptingChannel Control 0 server World /Game/Maps/UEDPIE_1_Transition.Transition: Accepted
[2017.04.13-21.41.50:666][966]LogNet: Remote platform little endian=1
[2017.04.13-21.41.50:666][966]LogNet: This platform little endian=1
[2017.04.13-21.41.50:677][967]LogNet: Login request: /Game/Maps/Entry userId: Invalid
[2017.04.13-21.41.50:677][967]LogNet: Welcomed by server (Level: /Game/Maps/UEDPIE_1_Transition, Game: /Game/ProjectilePhysics/Blueprints/BP_FirstPersonGameMode.BP_FirstPersonGameMode_C)
[2017.04.13-21.41.50:677][967]LogLoad: LoadMap: 127.0.0.1//Game/Maps/UEDPIE_1_Transition?game=/Game/ProjectilePhysics/Blueprints/BP_FirstPersonGameMode.BP_FirstPersonGameMode_C
[2017.04.13-21.41.50:690][967]Cmd: MEM
[2017.04.13-21.41.50:702][967]LogMemory: Platform Memory Stats for Windows
[2017.04.13-21.41.50:702][967]LogMemory: Process Physical Memory: 2048.05 MB used, 3779.06 MB peak
[2017.04.13-21.41.50:702][967]LogMemory: Process Virtual Memory: 3566.72 MB used, 4850.58 MB peak
[2017.04.13-21.41.50:702][967]LogMemory: Physical Memory: 8772.12 MB used,  7561.64 MB free, 16333.77 MB total
[2017.04.13-21.41.50:702][967]LogMemory: Virtual Memory: 4719.43 MB used,  7561.64 MB free, 134217728.00 MB total
[2017.04.13-21.41.50:702][967]LogMemory: 
[2017.04.13-21.41.50:702][967]Allocator Stats for TBB: (not implemented)
[2017.04.13-21.41.50:703][967]LogAIModule: Creating AISystem for world Transition
[2017.04.13-21.41.50:705][967]LogWorld: Bringing World /Game/Maps/UEDPIE_2_Transition.Transition up for play (max tick rate 0) at 2017.04.13-22.41.50
[2017.04.13-21.41.50:705][967]LogWorld: Bringing up level for play took: 0.000779
[2017.04.13-21.41.50:705][967]LogLoad: Took 0.028092 seconds to LoadMap(/Game/Maps/UEDPIE_1_Transition)
[2017.04.13-21.41.50:716][968]LogNet: Client netspeed is 10000
[2017.04.13-21.41.50:716][968]LogNet: Join request: /Game/Maps/Entry?SplitscreenCount=1
[2017.04.13-21.41.50:717][968]LogNet: Join succeeded: 261
[2017.04.13-21.41.58:145][858]LogBlueprintUserMessages: Early EndPlayMap Detection: Level '/Game/Maps/Transition.Transition:PersistentLevel' has LevelScriptBlueprint '/Game/Maps/Transition.Transition:PersistentLevel.Transition' with GeneratedClass '/Game/Maps/Transition.Transition_C' with ClassGeneratedBy '/Game/Maps/Transition.Transition:PersistentLevel.Transition'
[2017.04.13-21.41.58:216][858]LogBlueprintUserMessages: Late EndPlayMap Detection: Level '/Game/Maps/Transition.Transition:PersistentLevel' has LevelScriptBlueprint '/Game/Maps/Transition.Transition:PersistentLevel.Transition' with GeneratedClass '/Game/Maps/Transition.Transition_C' with ClassGeneratedBy '/Game/Maps/Transition.Transition:PersistentLevel.Transition'
[2017.04.13-21.41.58:227][858]LogNet: UChannel::CleanUp: ChIndex == 0. Closing connection. [UChannel] ChIndex: 0, Closing: 0 [UNetConnection] RemoteAddr: 127.0.0.1:63551, Name: IpConnection_5, Driver: GameNetDriver IpNetDriver_4, IsServer: YES, PC: None, Owner: None
[2017.04.13-21.41.58:227][858]LogNet: UNetConnection::Close: [UNetConnection] RemoteAddr: 127.0.0.1:63551, Name: IpConnection_5, Driver: GameNetDriver IpNetDriver_4, IsServer: YES, PC: None, Owner: None, Channels: 2, Time: 2017.04.13-21.41.58
[2017.04.13-21.41.58:227][858]LogNet: UChannel::Close: Sending CloseBunch. ChIndex == 0. Name: [UChannel] ChIndex: 0, Closing: 0 [UNetConnection] RemoteAddr: 127.0.0.1:63551, Name: IpConnection_5, Driver: GameNetDriver IpNetDriver_4, IsServer: YES, PC: None, Owner: None
[2017.04.13-21.41.58:227][858]LogNet: UChannel::CleanUp: ChIndex == 0. Closing connection. [UChannel] ChIndex: 0, Closing: 0 [UNetConnection] RemoteAddr: 127.0.0.1:7777, Name: IpConnection_4, Driver: GameNetDriver IpNetDriver_5, IsServer: NO, PC: None, Owner: None
[2017.04.13-21.41.58:227][858]LogNet: UNetConnection::Close: [UNetConnection] RemoteAddr: 127.0.0.1:7777, Name: IpConnection_4, Driver: GameNetDriver IpNetDriver_5, IsServer: NO, PC: None, Owner: None, Channels: 2, Time: 2017.04.13-21.41.58
[2017.04.13-21.41.58:227][858]LogNet: UChannel::Close: Sending CloseBunch. ChIndex == 0. Name: [UChannel] ChIndex: 0, Closing: 0 [UNetConnection] RemoteAddr: 127.0.0.1:7777, Name: IpConnection_4, Driver: GameNetDriver IpNetDriver_5, IsServer: NO, PC: None, Owner: None
[2017.04.13-21.41.58:245][858]LogExit: GameNetDriver None shut down
[2017.04.13-21.41.58:246][858]LogExit: GameNetDriver None shut down
[2017.04.13-21.42.01:622][258]LogAIModule: Creating AISystem for world Entry
[2017.04.13-21.42.05:008][258]Cmd: OBJ SAVEPACKAGE PACKAGE="/Game/assets/loading_missing01" FILE="C:/Users/trees/Desktop/RealisticProjectilePhysic/Content/assets/loading_missing01.uasset" SILENT=true
[2017.04.13-21.42.05:071][258]LogSavePackage: Save=61.62ms
[2017.04.13-21.42.05:071][258]LogSavePackage: Moving 'C:/Users/trees/Desktop/RealisticProjectilePhysic/Saved/loading_missing0142DF0BEA4B38239BAFC6308AD6945AAF.tmp' to 'C:/Users/trees/Desktop/RealisticProjectilePhysic/Content/assets/loading_missing01.uasset'
[2017.04.13-21.42.05:074][258]LogSavePackage:Display: Finished SavePackage C:/Users/trees/Desktop/RealisticProjectilePhysic/Content/assets/loading_missing01.uasset
[2017.04.13-21.42.05:129][258]Cmd: OBJ SAVEPACKAGE PACKAGE="/Game/Maps/Transition" FILE="C:/Users/trees/Desktop/RealisticProjectilePhysic/Content/Maps/Transition.umap" SILENT=true AUTOSAVING=false KEEPDIRTY=false
[2017.04.13-21.42.05:238][258]LogSavePackage: Save=90.94ms
[2017.04.13-21.42.05:238][258]LogSavePackage: Moving 'C:/Users/trees/Desktop/RealisticProjectilePhysic/Saved/Transition53607DBB4AB1B7BE362E57BD62B1AE11.tmp' to 'C:/Users/trees/Desktop/RealisticProjectilePhysic/Content/Maps/Transition.umap'
[2017.04.13-21.42.05:243][258]LogSavePackage:Display: Finished SavePackage C:/Users/trees/Desktop/RealisticProjectilePhysic/Content/Maps/Transition.umap
[2017.04.13-21.42.05:264][258]LogFileHelpers: Saving map 'Transition' took 0.189
[2017.04.13-21.42.05:265][258]Cmd: MAP LOAD FILE="C:/Users/trees/Desktop/RealisticProjectilePhysic/Content/Maps/Entry.umap" TEMPLATE=0 SHOWPROGRESS=1 FEATURELEVEL=3
[2017.04.13-21.42.05:265][258]LightingResults: New page: Lighting Build
[2017.04.13-21.42.05:266][258]LoadErrors: New page: Loading map: Entry.umap
[2017.04.13-21.42.05:267][258]MapCheck: New page: Map Check
[2017.04.13-21.42.05:267][258]LightingResults: New page: Lighting Build
[2017.04.13-21.42.05:281][258]LogEditorServer: Finished looking for orphan Actors (0.000 secs)
[2017.04.13-21.42.05:303][258]Cmd: MAP CHECKDEP NOCLEARLOG
[2017.04.13-21.42.05:352][258]MapCheck: Info Map check complete: 0 Error(s), 0 Warning(s), took 49.351ms to complete.
[2017.04.13-21.42.05:352][258]LogFileHelpers: Loading map 'Entry' took 0.088
[2017.04.13-21.42.05:353][258]LogSlate: Took 0.000133 seconds to synchronously load lazily loaded font '../../../Engine/Content/Slate/Fonts/Roboto-Regular.ttf' (155K)
[2017.04.13-21.42.06:709][417]LogTemp: Repeting last play command: Selected Viewport
[2017.04.13-21.42.06:723][417]LogBlueprintUserMessages: Early PlayInEditor Detection: Level '/Game/Maps/Entry.Entry:PersistentLevel' has LevelScriptBlueprint '/Game/Maps/Entry.Entry:PersistentLevel.Entry' with GeneratedClass '/Game/Maps/Entry.Entry_C' with ClassGeneratedBy '/Game/Maps/Entry.Entry:PersistentLevel.Entry'
[2017.04.13-21.42.06:723][417]LogPlayLevel: PlayLevel: No blueprints needed recompiling
[2017.04.13-21.42.06:728][417]PIE: New page: PIE session: Entry (13 Apr 2017 23:42:06)
[2017.04.13-21.42.06:728][417]LogPlayLevel: Creating play world package: /Game/Maps/UEDPIE_1_Entry
[2017.04.13-21.42.06:729][417]LogPlayLevel: PIE: StaticDuplicateObject took: (0.000789s)
[2017.04.13-21.42.06:729][417]LogAIModule: Creating AISystem for world Entry
[2017.04.13-21.42.06:729][417]LogPlayLevel: PIE: World Init took: (0.000513s)
[2017.04.13-21.42.06:729][417]LogPlayLevel: PIE: Created PIE world by copying editor world from /Game/Maps/Entry.Entry to /Game/Maps/UEDPIE_1_Entry.Entry (0.001472s)
[2017.04.13-21.42.06:752][417]LogInit: XAudio2 using 'Headset Earphone (2- Razer Kraken 7.1 Chroma)' : 2 channels at 44.1 kHz using 16 bits per sample (channel mask 0x3)
[2017.04.13-21.42.06:819][417]LogInit: FAudioDevice initialized.
[2017.04.13-21.42.06:851][417]LogLoad: Game class is 'BP_FirstPersonGameMode_C'
[2017.04.13-21.42.06:853][417]LogWorld: Bringing World /Game/Maps/UEDPIE_1_Entry.Entry up for play (max tick rate 0) at 2017.04.13-22.42.06
[2017.04.13-21.42.06:854][417]LogWorld: Bringing up level for play took: 0.000701
[2017.04.13-21.42.06:854][417]LogInit: WinSock: Socket queue 131072 / 131072
[2017.04.13-21.42.06:855][417]PacketHandlerLog: Loaded PacketHandler component: Engine.EngineHandlerComponentFactory (StatelessConnectHandlerComponent)
[2017.04.13-21.42.06:855][417]LogNet: GameNetDriver IpNetDriver_6 IpNetDriver listening on port 7777
[2017.04.13-21.42.06:855][417]LogGameMode:Display: Match State Changed from EnteringMap to WaitingToStart
[2017.04.13-21.42.06:855][417]LogGameState: Match State Changed from EnteringMap to WaitingToStart
[2017.04.13-21.42.06:855][417]LogGameMode:Display: Match State Changed from WaitingToStart to InProgress
[2017.04.13-21.42.06:855][417]LogGameState: Match State Changed from WaitingToStart to InProgress
[2017.04.13-21.42.06:855][417]PIE: Info Play in editor start time for /Game/Maps/UEDPIE_1_Entry -0.031
[2017.04.13-21.42.06:860][417]PIE: New page: PIE session: Entry (13 Apr 2017 23:42:06)
[2017.04.13-21.42.06:911][417]LogNet: Browse: 127.0.0.1//Game/Maps/Entry
[2017.04.13-21.42.06:911][417]LogInit: WinSock: Socket queue 32768 / 32768
[2017.04.13-21.42.06:911][417]PacketHandlerLog: Loaded PacketHandler component: Engine.EngineHandlerComponentFactory (StatelessConnectHandlerComponent)
[2017.04.13-21.42.06:911][417]LogNet: Game client on port 7777, rate 10000
[2017.04.13-21.42.06:912][417]LogNet: UPendingNetGame::InitNetDriver: Sending hello. [UNetConnection] RemoteAddr: 127.0.0.1:7777, Name: IpConnection_6, Driver: PendingNetDriver IpNetDriver_7, IsServer: NO, PC: NULL, Owner: NULL
[2017.04.13-21.42.06:915][417]PIE: Info Play in editor start time for /Game/Maps/Entry 0.03
[2017.04.13-21.42.06:930][417]LogBlueprintUserMessages: Late PlayInEditor Detection: Level '/Game/Maps/Entry.Entry:PersistentLevel' has LevelScriptBlueprint '/Game/Maps/Entry.Entry:PersistentLevel.Entry' with GeneratedClass '/Game/Maps/Entry.Entry_C' with ClassGeneratedBy '/Game/Maps/Entry.Entry:PersistentLevel.Entry'
[2017.04.13-21.42.06:930][417]LogGameMode:Display: Match State Changed from InProgress to LeavingMap
[2017.04.13-21.42.06:930][417]LogGameState: Match State Changed from InProgress to LeavingMap
[2017.04.13-21.42.06:930][417]LogNet: Browse: 66.130.152.85//Game/Maps/Entry
[2017.04.13-21.42.06:930][417]LogNet: World NetDriver shutdown IpNetDriver_6 [GameNetDriver]
[2017.04.13-21.42.06:930][417]LogNet: DestroyNamedNetDriver IpNetDriver_6 [GameNetDriver]
[2017.04.13-21.42.06:930][417]LogExit: GameNetDriver IpNetDriver_6 shut down
[2017.04.13-21.42.06:930][417]LogInit: WinSock: Socket queue 32768 / 32768
[2017.04.13-21.42.06:930][417]PacketHandlerLog: Loaded PacketHandler component: Engine.EngineHandlerComponentFactory (StatelessConnectHandlerComponent)
[2017.04.13-21.42.06:930][417]LogNet: Game client on port 7777, rate 10000
[2017.04.13-21.42.06:930][417]LogNet: UPendingNetGame::InitNetDriver: Sending hello. [UNetConnection] RemoteAddr: 66.130.152.85:7777, Name: IpConnection_7, Driver: PendingNetDriver IpNetDriver_8, IsServer: NO, PC: NULL, Owner: NULL
[2017.04.13-21.42.11:042][895]LogPackageName: SearchForPackageOnDisk took   0.045s, but failed to resolve ma.umap.
[2017.04.13-21.42.11:087][895]LogPackageName: SearchForPackageOnDisk took   0.043s, but failed to resolve ma.umap.
[2017.04.13-21.42.11:087][895]LogNet: Browse: /Game/Maps/Entry
[2017.04.13-21.42.11:095][895]LogNet:Warning: Travel Failure: [InvalidURL]: Invalid URL: /Game/Maps/Entry
[2017.04.13-21.42.11:095][895]LogNet:Warning: Travel Failure: [InvalidURL]: Invalid URL: /Game/Maps/Entry
[2017.04.13-21.42.11:095][895]LogNet:Warning: TravelFailure: InvalidURL, Reason for Failure: 'Invalid URL: /Game/Maps/Entry'. Shutting down PIE.
[2017.04.13-21.42.11:095][895]PIE:Warning: Warning TravelFailure: InvalidURL, Reason for Failure: 'Invalid URL: /Game/Maps/Entry'. Shutting down PIE.
[2017.04.13-21.42.11:095][895]LogNet:Warning: Travel Failure: [ClientTravelFailure]: Invalid URL: /Game/Maps/Entry
[2017.04.13-21.42.11:095][895]LogNet:Warning: Travel Failure: [ClientTravelFailure]: Invalid URL: /Game/Maps/Entry
[2017.04.13-21.42.11:095][895]LogNet:Warning: TravelFailure: ClientTravelFailure, Reason for Failure: 'Invalid URL: /Game/Maps/Entry'. Shutting down PIE.
[2017.04.13-21.42.11:095][895]PIE:Warning: Warning TravelFailure: ClientTravelFailure, Reason for Failure: 'Invalid URL: /Game/Maps/Entry'. Shutting down PIE.
[2017.04.13-21.42.11:096][895]LogBlueprintUserMessages: Early EndPlayMap Detection: Level '/Game/Maps/Entry.Entry:PersistentLevel' has LevelScriptBlueprint '/Game/Maps/Entry.Entry:PersistentLevel.Entry' with GeneratedClass '/Game/Maps/Entry.Entry_C' with ClassGeneratedBy '/Game/Maps/Entry.Entry:PersistentLevel.Entry'
[2017.04.13-21.42.11:169][895]LogBlueprintUserMessages: Late EndPlayMap Detection: Level '/Game/Maps/Entry.Entry:PersistentLevel' has LevelScriptBlueprint '/Game/Maps/Entry.Entry:PersistentLevel.Entry' with GeneratedClass '/Game/Maps/Entry.Entry_C' with ClassGeneratedBy '/Game/Maps/Entry.Entry:PersistentLevel.Entry'
[2017.04.13-21.42.11:180][895]LogNet: UChannel::CleanUp: ChIndex == 0. Closing connection. [UChannel] ChIndex: 0, Closing: 0 [UNetConnection] RemoteAddr: 66.130.152.85:7777, Name: IpConnection_7, Driver: PendingNetDriver IpNetDriver_8, IsServer: NO, PC: NULL, Owner: NULL
[2017.04.13-21.42.11:180][895]LogNet: UNetConnection::Close: [UNetConnection] RemoteAddr: 66.130.152.85:7777, Name: IpConnection_7, Driver: PendingNetDriver IpNetDriver_8, IsServer: NO, PC: NULL, Owner: NULL, Channels: 2, Time: 2017.04.13-21.42.11
[2017.04.13-21.42.11:180][895]LogNet: UChannel::Close: Sending CloseBunch. ChIndex == 0. Name: [UChannel] ChIndex: 0, Closing: 0 [UNetConnection] RemoteAddr: 66.130.152.85:7777, Name: IpConnection_7, Driver: PendingNetDriver IpNetDriver_8, IsServer: NO, PC: NULL, Owner: NULL
[2017.04.13-21.42.11:180][895]LogNet: UChannel::CleanUp: ChIndex == 0. Closing connection. [UChannel] ChIndex: 0, Closing: 0 [UNetConnection] RemoteAddr: 127.0.0.1:7777, Name: None, Driver: PendingNetDriver None, IsServer: NO, PC: NULL, Owner: NULL
[2017.04.13-21.42.11:180][895]LogNet: UNetConnection::Close: [UNetConnection] RemoteAddr: 127.0.0.1:7777, Name: None, Driver: PendingNetDriver None, IsServer: NO, PC: NULL, Owner: NULL, Channels: 1, Time: 2017.04.13-21.42.11
[2017.04.13-21.42.11:180][895]LogNet: UChannel::Close: Sending CloseBunch. ChIndex == 0. Name: [UChannel] ChIndex: 0, Closing: 0 [UNetConnection] RemoteAddr: 127.0.0.1:7777, Name: None, Driver: PendingNetDriver None, IsServer: NO, PC: NULL, Owner: NULL
[2017.04.13-21.42.11:199][895]LogExit: PendingNetDriver None shut down
[2017.04.13-21.42.11:199][895]LogExit: PendingNetDriver None shut down
[2017.04.13-21.45.39:229][333]LogMetaData: Removing '/Game/Maps/Blueprints-For-Maps/Loading.SKEL_Loading_C' ref from Metadata '/Game/Maps/Loading.PackageMetaData'
[2017.04.13-21.45.39:229][333]LogMetaData: Removing '/Game/Maps/Blueprints-For-Maps/Loading.Loading_C' ref from Metadata '/Game/Maps/Loading.PackageMetaData'
[2017.04.13-21.45.39:229][333]LogMetaData: Removing '/Game/Maps/Blueprints-For-Maps/Loading.Loading:EventGraph.K2Node_Event_0' ref from Metadata '/Game/Maps/Loading.PackageMetaData'
[2017.04.13-21.45.39:229][333]LogMetaData: Removing '/Game/Maps/Blueprints-For-Maps/Loading.Loading:EventGraph.K2Node_Event_1' ref from Metadata '/Game/Maps/Loading.PackageMetaData'
[2017.04.13-21.45.39:229][333]LogMetaData: Removing '/Game/Maps/Blueprints-For-Maps/Loading.Loading:GetVisibility_0.K2Node_FunctionEntry_0' ref from Metadata '/Game/Maps/Loading.PackageMetaData'
[2017.04.13-21.45.39:229][333]LogMetaData: Removing '/Game/Maps/Blueprints-For-Maps/Loading.SKEL_Loading_C:Image_75' ref from Metadata '/Game/Maps/Loading.PackageMetaData'
[2017.04.13-21.45.39:229][333]LogMetaData: Removing '/Game/Maps/Blueprints-For-Maps/Loading.Loading:GetVisibility_0.K2Node_FunctionResult_0' ref from Metadata '/Game/Maps/Loading.PackageMetaData'
[2017.04.13-21.45.39:229][333]LogMetaData: Removing '/Game/Maps/Blueprints-For-Maps/Loading.SKEL_Loading_C:MyVis' ref from Metadata '/Game/Maps/Loading.PackageMetaData'
[2017.04.13-21.45.39:229][333]LogMetaData: Removing '/Game/Maps/Blueprints-For-Maps/Loading.Loading_C:MyVis' ref from Metadata '/Game/Maps/Loading.PackageMetaData'
[2017.04.13-21.45.39:229][333]LogMetaData: Removing '/Game/Maps/Blueprints-For-Maps/Loading.Loading_C:Image_75' ref from Metadata '/Game/Maps/Loading.PackageMetaData'
[2017.04.13-21.45.39:251][333]Cmd: OBJ SAVEPACKAGE PACKAGE="/Game/Maps/Blueprints-For-Maps/Loading" FILE="C:/Users/trees/Desktop/RealisticProjectilePhysic/Content/Maps/Blueprints-For-Maps/Loading.uasset" SILENT=true
[2017.04.13-21.45.39:266][333]LogSavePackage: Save=10.97ms
[2017.04.13-21.45.39:266][333]LogSavePackage: Moving 'C:/Users/trees/Desktop/RealisticProjectilePhysic/Saved/Loading594A6178451E8ADBACFC3DA053466C52.tmp' to 'C:/Users/trees/Desktop/RealisticProjectilePhysic/Content/Maps/Blueprints-For-Maps/Loading.uasset'
[2017.04.13-21.45.39:268][333]LogSavePackage:Display: Finished SavePackage C:/Users/trees/Desktop/RealisticProjectilePhysic/Content/Maps/Blueprints-For-Maps/Loading.uasset
[2017.04.13-21.45.39:271][333]Cmd: OBJ SAVEPACKAGE PACKAGE="/Game/Maps/Loading" FILE="C:/Users/trees/Desktop/RealisticProjectilePhysic/Content/Maps/Loading.uasset" SILENT=true
[2017.04.13-21.45.39:281][333]LogSavePackage: Save=4.05ms
[2017.04.13-21.45.39:281][333]LogSavePackage: Moving 'C:/Users/trees/Desktop/RealisticProjectilePhysic/Saved/Loading6D5E398F4AC2377C807ACFA48F95C22C.tmp' to 'C:/Users/trees/Desktop/RealisticProjectilePhysic/Content/Maps/Loading.uasset'
[2017.04.13-21.45.39:283][333]LogSavePackage:Display: Finished SavePackage C:/Users/trees/Desktop/RealisticProjectilePhysic/Content/Maps/Loading.uasset
[2017.04.13-21.45.41:629][610]LogTemp: Repeting last play command: Selected Viewport
[2017.04.13-21.45.41:641][610]LogBlueprintUserMessages: Early PlayInEditor Detection: Level '/Game/Maps/Entry.Entry:PersistentLevel' has LevelScriptBlueprint '/Game/Maps/Entry.Entry:PersistentLevel.Entry' with GeneratedClass '/Game/Maps/Entry.Entry_C' with ClassGeneratedBy '/Game/Maps/Entry.Entry:PersistentLevel.Entry'
[2017.04.13-21.45.41:641][610]LogPlayLevel: PlayLevel: No blueprints needed recompiling
[2017.04.13-21.45.41:645][610]PIE: New page: PIE session: Entry (13 Apr 2017 23:45:41)
[2017.04.13-21.45.41:645][610]LogPlayLevel: Creating play world package: /Game/Maps/UEDPIE_1_Entry
[2017.04.13-21.45.41:646][610]LogPlayLevel: PIE: StaticDuplicateObject took: (0.000831s)
[2017.04.13-21.45.41:646][610]LogAIModule: Creating AISystem for world Entry
[2017.04.13-21.45.41:646][610]LogPlayLevel: PIE: World Init took: (0.000670s)
[2017.04.13-21.45.41:646][610]LogPlayLevel: PIE: Created PIE world by copying editor world from /Game/Maps/Entry.Entry to /Game/Maps/UEDPIE_1_Entry.Entry (0.001680s)
[2017.04.13-21.45.41:670][610]LogInit: XAudio2 using 'Headset Earphone (2- Razer Kraken 7.1 Chroma)' : 2 channels at 44.1 kHz using 16 bits per sample (channel mask 0x3)
[2017.04.13-21.45.41:739][610]LogInit: FAudioDevice initialized.
[2017.04.13-21.45.41:768][610]LogLoad: Game class is 'BP_FirstPersonGameMode_C'
[2017.04.13-21.45.41:770][610]LogWorld: Bringing World /Game/Maps/UEDPIE_1_Entry.Entry up for play (max tick rate 0) at 2017.04.13-22.45.41
[2017.04.13-21.45.41:770][610]LogWorld: Bringing up level for play took: 0.000660
[2017.04.13-21.45.41:770][610]LogInit: WinSock: Socket queue 131072 / 131072
[2017.04.13-21.45.41:771][610]PacketHandlerLog: Loaded PacketHandler component: Engine.EngineHandlerComponentFactory (StatelessConnectHandlerComponent)
[2017.04.13-21.45.41:771][610]LogNet: GameNetDriver IpNetDriver_9 IpNetDriver listening on port 7777
[2017.04.13-21.45.41:771][610]LogGameMode:Display: Match State Changed from EnteringMap to WaitingToStart
[2017.04.13-21.45.41:771][610]LogGameState: Match State Changed from EnteringMap to WaitingToStart
[2017.04.13-21.45.41:771][610]LogGameMode:Display: Match State Changed from WaitingToStart to InProgress
[2017.04.13-21.45.41:772][610]LogGameState: Match State Changed from WaitingToStart to InProgress
[2017.04.13-21.45.41:772][610]PIE: Info Play in editor start time for /Game/Maps/UEDPIE_1_Entry 0.886
[2017.04.13-21.45.41:776][610]PIE: New page: PIE session: Entry (13 Apr 2017 23:45:41)
[2017.04.13-21.45.41:833][610]LogNet: Browse: 127.0.0.1//Game/Maps/Entry
[2017.04.13-21.45.41:833][610]LogInit: WinSock: Socket queue 32768 / 32768
[2017.04.13-21.45.41:833][610]PacketHandlerLog: Loaded PacketHandler component: Engine.EngineHandlerComponentFactory (StatelessConnectHandlerComponent)
[2017.04.13-21.45.41:834][610]LogNet: Game client on port 7777, rate 10000
[2017.04.13-21.45.41:834][610]LogNet: UPendingNetGame::InitNetDriver: Sending hello. [UNetConnection] RemoteAddr: 127.0.0.1:7777, Name: IpConnection_8, Driver: PendingNetDriver IpNetDriver_10, IsServer: NO, PC: NULL, Owner: NULL
[2017.04.13-21.45.41:837][610]PIE: Info Play in editor start time for /Game/Maps/Entry 0.952
[2017.04.13-21.45.41:851][610]LogBlueprintUserMessages: Late PlayInEditor Detection: Level '/Game/Maps/Entry.Entry:PersistentLevel' has LevelScriptBlueprint '/Game/Maps/Entry.Entry:PersistentLevel.Entry' with GeneratedClass '/Game/Maps/Entry.Entry_C' with ClassGeneratedBy '/Game/Maps/Entry.Entry:PersistentLevel.Entry'
[2017.04.13-21.45.41:851][610]LogGameMode:Display: Match State Changed from InProgress to LeavingMap
[2017.04.13-21.45.41:851][610]LogGameState: Match State Changed from InProgress to LeavingMap
[2017.04.13-21.45.41:851][610]LogNet: Browse: 66.130.152.85//Game/Maps/Entry
[2017.04.13-21.45.41:851][610]LogNet: World NetDriver shutdown IpNetDriver_9 [GameNetDriver]
[2017.04.13-21.45.41:851][610]LogNet: DestroyNamedNetDriver IpNetDriver_9 [GameNetDriver]
[2017.04.13-21.45.41:851][610]LogExit: GameNetDriver IpNetDriver_9 shut down
[2017.04.13-21.45.41:851][610]LogInit: WinSock: Socket queue 32768 / 32768
[2017.04.13-21.45.41:852][610]PacketHandlerLog: Loaded PacketHandler component: Engine.EngineHandlerComponentFactory (StatelessConnectHandlerComponent)
[2017.04.13-21.45.41:852][610]LogNet: Game client on port 7777, rate 10000
[2017.04.13-21.45.41:852][610]LogNet: UPendingNetGame::InitNetDriver: Sending hello. [UNetConnection] RemoteAddr: 66.130.152.85:7777, Name: IpConnection_9, Driver: PendingNetDriver IpNetDriver_11, IsServer: NO, PC: NULL, Owner: NULL
[2017.04.13-21.45.42:849][725]LogBlueprintUserMessages: Early EndPlayMap Detection: Level '/Game/Maps/Entry.Entry:PersistentLevel' has LevelScriptBlueprint '/Game/Maps/Entry.Entry:PersistentLevel.Entry' with GeneratedClass '/Game/Maps/Entry.Entry_C' with ClassGeneratedBy '/Game/Maps/Entry.Entry:PersistentLevel.Entry'
[2017.04.13-21.45.42:922][725]LogBlueprintUserMessages: Late EndPlayMap Detection: Level '/Game/Maps/Entry.Entry:PersistentLevel' has LevelScriptBlueprint '/Game/Maps/Entry.Entry:PersistentLevel.Entry' with GeneratedClass '/Game/Maps/Entry.Entry_C' with ClassGeneratedBy '/Game/Maps/Entry.Entry:PersistentLevel.Entry'
[2017.04.13-21.45.42:932][725]LogNet: UChannel::CleanUp: ChIndex == 0. Closing connection. [UChannel] ChIndex: 0, Closing: 0 [UNetConnection] RemoteAddr: 127.0.0.1:7777, Name: IpConnection_8, Driver: PendingNetDriver IpNetDriver_10, IsServer: NO, PC: NULL, Owner: NULL
[2017.04.13-21.45.42:932][725]LogNet: UNetConnection::Close: [UNetConnection] RemoteAddr: 127.0.0.1:7777, Name: IpConnection_8, Driver: PendingNetDriver IpNetDriver_10, IsServer: NO, PC: NULL, Owner: NULL, Channels: 2, Time: 2017.04.13-21.45.42
[2017.04.13-21.45.42:932][725]LogNet: UChannel::Close: Sending CloseBunch. ChIndex == 0. Name: [UChannel] ChIndex: 0, Closing: 0 [UNetConnection] RemoteAddr: 127.0.0.1:7777, Name: IpConnection_8, Driver: PendingNetDriver IpNetDriver_10, IsServer: NO, PC: NULL, Owner: NULL
[2017.04.13-21.45.42:932][725]LogNet: UChannel::CleanUp: ChIndex == 0. Closing connection. [UChannel] ChIndex: 0, Closing: 0 [UNetConnection] RemoteAddr: 66.130.152.85:7777, Name: None, Driver: PendingNetDriver None, IsServer: NO, PC: NULL, Owner: NULL
[2017.04.13-21.45.42:932][725]LogNet: UNetConnection::Close: [UNetConnection] RemoteAddr: 66.130.152.85:7777, Name: None, Driver: PendingNetDriver None, IsServer: NO, PC: NULL, Owner: NULL, Channels: 2, Time: 2017.04.13-21.45.42
[2017.04.13-21.45.42:932][725]LogNet: UChannel::Close: Sending CloseBunch. ChIndex == 0. Name: [UChannel] ChIndex: 0, Closing: 0 [UNetConnection] RemoteAddr: 66.130.152.85:7777, Name: None, Driver: PendingNetDriver None, IsServer: NO, PC: NULL, Owner: NULL
[2017.04.13-21.45.42:976][725]LogExit: PendingNetDriver None shut down
[2017.04.13-21.45.42:976][725]LogExit: PendingNetDriver None shut down
[2017.04.13-21.45.58:079][516]LogAIModule: Creating AISystem for world Transition
[2017.04.13-21.46.05:425][264]Cmd: MAP LOAD FILE="C:/Users/trees/Desktop/RealisticProjectilePhysic/Content/Maps/Transition.umap" TEMPLATE=0 SHOWPROGRESS=1 FEATURELEVEL=3
[2017.04.13-21.46.05:425][264]LightingResults: New page: Lighting Build
[2017.04.13-21.46.05:427][264]LoadErrors: New page: Loading map: Transition.umap
[2017.04.13-21.46.05:427][264]MapCheck: New page: Map Check
[2017.04.13-21.46.05:427][264]LightingResults: New page: Lighting Build
[2017.04.13-21.46.05:440][264]LogEditorServer: Finished looking for orphan Actors (0.000 secs)
[2017.04.13-21.46.05:463][264]Cmd: MAP CHECKDEP NOCLEARLOG
[2017.04.13-21.46.05:513][264]MapCheck: Info Map check complete: 0 Error(s), 0 Warning(s), took 49.717ms to complete.
[2017.04.13-21.46.05:513][264]LogFileHelpers: Loading map 'Transition' took 0.089
[2017.04.13-21.46.07:842][522]LogTemp: Repeting last play command: Selected Viewport
[2017.04.13-21.46.07:854][522]LogBlueprintUserMessages: Early PlayInEditor Detection: Level '/Game/Maps/Transition.Transition:PersistentLevel' has LevelScriptBlueprint '/Game/Maps/Transition.Transition:PersistentLevel.Transition' with GeneratedClass '/Game/Maps/Transition.Transition_C' with ClassGeneratedBy '/Game/Maps/Transition.Transition:PersistentLevel.Transition'
[2017.04.13-21.46.07:854][522]LogPlayLevel: PlayLevel: No blueprints needed recompiling
[2017.04.13-21.46.07:859][522]PIE: New page: PIE session: Transition (13 Apr 2017 23:46:07)
[2017.04.13-21.46.07:859][522]LogPlayLevel: Creating play world package: /Game/Maps/UEDPIE_1_Transition
[2017.04.13-21.46.07:860][522]LogPlayLevel: PIE: StaticDuplicateObject took: (0.000754s)
[2017.04.13-21.46.07:860][522]LogAIModule: Creating AISystem for world Transition
[2017.04.13-21.46.07:860][522]LogPlayLevel: PIE: World Init took: (0.000539s)
[2017.04.13-21.46.07:861][522]LogPlayLevel: PIE: Created PIE world by copying editor world from /Game/Maps/Transition.Transition to /Game/Maps/UEDPIE_1_Transition.Transition (0.001483s)
[2017.04.13-21.46.07:883][522]LogInit: XAudio2 using 'Headset Earphone (2- Razer Kraken 7.1 Chroma)' : 2 channels at 44.1 kHz using 16 bits per sample (channel mask 0x3)
[2017.04.13-21.46.07:955][522]LogInit: FAudioDevice initialized.
[2017.04.13-21.46.07:989][522]LogLoad: Game class is 'BP_FirstPersonGameMode_C'
[2017.04.13-21.46.07:991][522]LogWorld: Bringing World /Game/Maps/UEDPIE_1_Transition.Transition up for play (max tick rate 0) at 2017.04.13-22.46.07
[2017.04.13-21.46.07:991][522]LogWorld: Bringing up level for play took: 0.000693
[2017.04.13-21.46.07:992][522]LogInit: WinSock: Socket queue 131072 / 131072
[2017.04.13-21.46.07:992][522]PacketHandlerLog: Loaded PacketHandler component: Engine.EngineHandlerComponentFactory (StatelessConnectHandlerComponent)
[2017.04.13-21.46.07:992][522]LogNet: GameNetDriver IpNetDriver_12 IpNetDriver listening on port 7777
[2017.04.13-21.46.07:992][522]LogGameMode:Display: Match State Changed from EnteringMap to WaitingToStart
[2017.04.13-21.46.07:992][522]LogGameState: Match State Changed from EnteringMap to WaitingToStart
[2017.04.13-21.46.07:992][522]LogGameMode:Display: Match State Changed from WaitingToStart to InProgress
[2017.04.13-21.46.07:993][522]LogGameState: Match State Changed from WaitingToStart to InProgress
[2017.04.13-21.46.07:993][522]PIE: Info Play in editor start time for /Game/Maps/UEDPIE_1_Transition 1.107
[2017.04.13-21.46.07:998][522]PIE: New page: PIE session: Transition (13 Apr 2017 23:46:07)
[2017.04.13-21.46.08:061][522]LogNet: Browse: 127.0.0.1//Game/Maps/Entry
[2017.04.13-21.46.08:061][522]LogInit: WinSock: Socket queue 32768 / 32768
[2017.04.13-21.46.08:061][522]PacketHandlerLog: Loaded PacketHandler component: Engine.EngineHandlerComponentFactory (StatelessConnectHandlerComponent)
[2017.04.13-21.46.08:061][522]LogNet: Game client on port 7777, rate 10000
[2017.04.13-21.46.08:061][522]LogNet: UPendingNetGame::InitNetDriver: Sending hello. [UNetConnection] RemoteAddr: 127.0.0.1:7777, Name: IpConnection_10, Driver: PendingNetDriver IpNetDriver_13, IsServer: NO, PC: NULL, Owner: NULL
[2017.04.13-21.46.08:064][522]PIE: Info Play in editor start time for /Game/Maps/Entry 1.179
[2017.04.13-21.46.08:078][522]LogBlueprintUserMessages: Late PlayInEditor Detection: Level '/Game/Maps/Transition.Transition:PersistentLevel' has LevelScriptBlueprint '/Game/Maps/Transition.Transition:PersistentLevel.Transition' with GeneratedClass '/Game/Maps/Transition.Transition_C' with ClassGeneratedBy '/Game/Maps/Transition.Transition:PersistentLevel.Transition'
[2017.04.13-21.46.08:078][522]LogNet: NotifyAcceptingConnection accepted from: 127.0.0.1:64498
[2017.04.13-21.46.08:078][522]LogHandshake: SendConnectChallenge. Timestamp: 0.008333, Cookie: 206049120091242205228158255015111151229231208159209103167142
[2017.04.13-21.46.08:079][522]LogHandshake: SendChallengeResponse. Timestamp: 0.008333, Cookie: 206049120091242205228158255015111151229231208159209103167142
[2017.04.13-21.46.08:118][523]LogNet: NotifyAcceptingConnection accepted from: 127.0.0.1:64498
[2017.04.13-21.46.08:118][523]LogNet: Server accepting post-challenge connection from: 127.0.0.1:64498
[2017.04.13-21.46.08:118][523]PacketHandlerLog: Loaded PacketHandler component: Engine.EngineHandlerComponentFactory (StatelessConnectHandlerComponent)
[2017.04.13-21.46.08:118][523]LogNet: NotifyAcceptedConnection: Name: Transition, TimeStamp: 04/13/17 22:46:08, [UNetConnection] RemoteAddr: 127.0.0.1:64498, Name: IpConnection_11, Driver: GameNetDriver IpNetDriver_12, IsServer: YES, PC: NULL, Owner: NULL
[2017.04.13-21.46.08:118][523]LogNet: AddClientConnection: Added client connection: [UNetConnection] RemoteAddr: 127.0.0.1:64498, Name: IpConnection_11, Driver: GameNetDriver IpNetDriver_12, IsServer: YES, PC: NULL, Owner: NULL
[2017.04.13-21.46.08:118][523]LogNet: NotifyAcceptingChannel Control 0 server World /Game/Maps/UEDPIE_1_Transition.Transition: Accepted
[2017.04.13-21.46.08:118][523]LogNet: Remote platform little endian=1
[2017.04.13-21.46.08:118][523]LogNet: This platform little endian=1
[2017.04.13-21.46.08:126][524]LogNet: Login request: /Game/Maps/Entry userId: Invalid
[2017.04.13-21.46.08:127][524]LogNet: Welcomed by server (Level: /Game/Maps/UEDPIE_1_Transition, Game: /Game/ProjectilePhysics/Blueprints/BP_FirstPersonGameMode.BP_FirstPersonGameMode_C)
[2017.04.13-21.46.08:127][524]LogLoad: LoadMap: 127.0.0.1//Game/Maps/UEDPIE_1_Transition?game=/Game/ProjectilePhysics/Blueprints/BP_FirstPersonGameMode.BP_FirstPersonGameMode_C
[2017.04.13-21.46.08:140][524]Cmd: MEM
[2017.04.13-21.46.08:152][524]LogMemory: Platform Memory Stats for Windows
[2017.04.13-21.46.08:152][524]LogMemory: Process Physical Memory: 2113.87 MB used, 3779.06 MB peak
[2017.04.13-21.46.08:152][524]LogMemory: Process Virtual Memory: 3540.75 MB used, 4850.58 MB peak
[2017.04.13-21.46.08:152][524]LogMemory: Physical Memory: 8985.72 MB used,  7348.05 MB free, 16333.77 MB total
[2017.04.13-21.46.08:152][524]LogMemory: Virtual Memory: 4684.28 MB used,  7348.05 MB free, 134217728.00 MB total
[2017.04.13-21.46.08:152][524]LogMemory: 
[2017.04.13-21.46.08:152][524]Allocator Stats for TBB: (not implemented)
[2017.04.13-21.46.08:153][524]LogAIModule: Creating AISystem for world Transition
[2017.04.13-21.46.08:155][524]LogWorld: Bringing World /Game/Maps/UEDPIE_2_Transition.Transition up for play (max tick rate 0) at 2017.04.13-22.46.08
[2017.04.13-21.46.08:155][524]LogWorld: Bringing up level for play took: 0.000796
[2017.04.13-21.46.08:156][524]LogLoad: Took 0.028277 seconds to LoadMap(/Game/Maps/UEDPIE_1_Transition)
[2017.04.13-21.46.08:167][525]LogNet: Client netspeed is 10000
[2017.04.13-21.46.08:167][525]LogNet: Join request: /Game/Maps/Entry?SplitscreenCount=1
[2017.04.13-21.46.08:168][525]LogNet: Join succeeded: 265
[2017.04.13-21.46.11:615][937]LogBlueprintUserMessages: Early EndPlayMap Detection: Level '/Game/Maps/Transition.Transition:PersistentLevel' has LevelScriptBlueprint '/Game/Maps/Transition.Transition:PersistentLevel.Transition' with GeneratedClass '/Game/Maps/Transition.Transition_C' with ClassGeneratedBy '/Game/Maps/Transition.Transition:PersistentLevel.Transition'
[2017.04.13-21.46.11:684][937]LogBlueprintUserMessages: Late EndPlayMap Detection: Level '/Game/Maps/Transition.Transition:PersistentLevel' has LevelScriptBlueprint '/Game/Maps/Transition.Transition:PersistentLevel.Transition' with GeneratedClass '/Game/Maps/Transition.Transition_C' with ClassGeneratedBy '/Game/Maps/Transition.Transition:PersistentLevel.Transition'
[2017.04.13-21.46.11:694][937]LogNet: UChannel::CleanUp: ChIndex == 0. Closing connection. [UChannel] ChIndex: 0, Closing: 0 [UNetConnection] RemoteAddr: 127.0.0.1:64498, Name: IpConnection_11, Driver: GameNetDriver IpNetDriver_12, IsServer: YES, PC: BP_MP_PlayerController_C_1, Owner: BP_MP_PlayerController_C_1
[2017.04.13-21.46.11:694][937]LogNet: UNetConnection::Close: [UNetConnection] RemoteAddr: 127.0.0.1:64498, Name: IpConnection_11, Driver: GameNetDriver IpNetDriver_12, IsServer: YES, PC: BP_MP_PlayerController_C_1, Owner: BP_MP_PlayerController_C_1, Channels: 10, Time: 2017.04.13-21.46.11
[2017.04.13-21.46.11:694][937]LogNet: UChannel::Close: Sending CloseBunch. ChIndex == 0. Name: [UChannel] ChIndex: 0, Closing: 0 [UNetConnection] RemoteAddr: 127.0.0.1:64498, Name: IpConnection_11, Driver: GameNetDriver IpNetDriver_12, IsServer: YES, PC: BP_MP_PlayerController_C_1, Owner: BP_MP_PlayerController_C_1
[2017.04.13-21.46.11:695][937]LogNet: UChannel::CleanUp: ChIndex == 0. Closing connection. [UChannel] ChIndex: 0, Closing: 0 [UNetConnection] RemoteAddr: 127.0.0.1:7777, Name: IpConnection_10, Driver: GameNetDriver IpNetDriver_13, IsServer: NO, PC: None, Owner: None
[2017.04.13-21.46.11:695][937]LogNet: UNetConnection::Close: [UNetConnection] RemoteAddr: 127.0.0.1:7777, Name: IpConnection_10, Driver: GameNetDriver IpNetDriver_13, IsServer: NO, PC: None, Owner: None, Channels: 2, Time: 2017.04.13-21.46.11
[2017.04.13-21.46.11:695][937]LogNet: UChannel::Close: Sending CloseBunch. ChIndex == 0. Name: [UChannel] ChIndex: 0, Closing: 0 [UNetConnection] RemoteAddr: 127.0.0.1:7777, Name: IpConnection_10, Driver: GameNetDriver IpNetDriver_13, IsServer: NO, PC: None, Owner: None
[2017.04.13-21.46.11:714][937]LogExit: GameNetDriver None shut down
[2017.04.13-21.46.11:714][937]LogExit: GameNetDriver None shut down
[2017.04.13-21.47.36:902][235]LogSlate: Only BGRA pngs, bmps or icos are supported in by External Image Picker
[2017.04.13-21.47.36:956][235]LogTemp:Display: Executing iPhonePackager certificates Engine -bundlename com.YourCompany.RealisticProjectilePhysic

[2017.04.13-21.47.36:956][235]LogTemp:Display: CWD: A:\Program Files\Unreal\UE_4.15\Engine\Binaries\DotNET\IOS

[2017.04.13-21.47.36:956][235]LogTemp:Display: Initial Dir: A:\Program Files\Unreal\UE_4.15

[2017.04.13-21.47.36:956][235]LogTemp:Display: Env CWD: A:\Program Files\Unreal\UE_4.15\Engine\Binaries\DotNET\IOS

[2017.04.13-21.47.36:956][235]LogTemp:Display: BranchPath = DESKTOP-L5G8TLJ/A/Program Files/Unreal/UE_4.15/Engine/Binaries --- GameBranchPath = DESKTOP-L5G8TLJ/A/Program Files/Unreal/UE_4.15/Engine/Binaries

[2017.04.13-21.47.36:994][236]LogTemp:Display: IPP ERROR: Application exception: System.IO.DirectoryNotFoundException: Could not find a part of the path 'C:\Users\trees\AppData\Local\Apple Computer\MobileDevice\Provisioning Profiles'.

[2017.04.13-21.47.36:994][236]LogTemp:Display:    at System.IO.__Error.WinIOError(Int32 errorCode, String maybeFullPath)

[2017.04.13-21.47.36:994][236]LogTemp:Display:    at System.IO.FileSystemEnumerableIterator`1.CommonInit()

[2017.04.13-21.47.36:994][236]LogTemp:Display:    at System.IO.Directory.EnumerateFiles(String path, String searchPattern)

[2017.04.13-21.47.36:994][236]LogTemp:Display:    at iPhonePackager.CodeSignatureBuilder.FindProvisions(String CFBundleIdentifier)

[2017.04.13-21.47.36:994][236]LogTemp:Display:    at iPhonePackager.Program.Main(String[] args)

[2017.04.13-22.02.46:539][639]LogAIModule: Creating AISystem for world Main
[2017.04.13-22.02.46:954][639]Cmd: MAP LOAD FILE="C:/Users/trees/Desktop/RealisticProjectilePhysic/Content/Maps/Main.umap" TEMPLATE=0 SHOWPROGRESS=1 FEATURELEVEL=3
[2017.04.13-22.02.46:954][639]LightingResults: New page: Lighting Build
[2017.04.13-22.02.46:956][639]LoadErrors: New page: Loading map: Main.umap
[2017.04.13-22.02.46:956][639]MapCheck: New page: Map Check
[2017.04.13-22.02.46:956][639]LightingResults: New page: Lighting Build
[2017.04.13-22.02.47:759][639]LogEditorServer: Finished looking for orphan Actors (0.000 secs)
[2017.04.13-22.02.47:788][639]Cmd: MAP CHECKDEP NOCLEARLOG
[2017.04.13-22.02.47:860][639]MapCheck: Info Map check complete: 0 Error(s), 0 Warning(s), took 72.122ms to complete.
[2017.04.13-22.02.47:860][639]LogFileHelpers: Loading map 'Main' took 0.909
[2017.04.13-22.17.46:333][640]LogEditorViewport: Clicking on Actor (LMB): Emitter (Dust23)
[2017.04.13-22.17.50:442][766]LogEditorViewport: Clicking on Actor (LMB): Landscape (Landscape)
[2017.04.13-22.18.06:973][279]LogTexture:Display: Building textures: Texture2D_2 (G8, 128X128) - 475 MB total VRAM
